W0625 15:44:38.222000 3985259 site-packages/torch/distributed/run.py:766] 
W0625 15:44:38.222000 3985259 site-packages/torch/distributed/run.py:766] *****************************************
W0625 15:44:38.222000 3985259 site-packages/torch/distributed/run.py:766] Setting OMP_NUM_THREADS environment variable for each process to be 1 in default, to avoid your system being overloaded, please further tune the variable for optimal performance in your application as needed. 
W0625 15:44:38.222000 3985259 site-packages/torch/distributed/run.py:766] *****************************************
2025-06-25 15:44:53.388 | INFO     | utils.common:log:12 - enable Subspace Scaffold for weights in module: conv1
2025-06-25 15:44:53.626 | INFO     | utils.common:log:12 - enable Subspace Scaffold for weights in module: conv1
2025-06-25 15:44:53.626 | INFO     | utils.common:log:12 - enable Subspace Scaffold for weights in module: conv2
2025-06-25 15:44:53.627 | INFO     | utils.common:log:12 - enable Subspace Scaffold for weights in module: conv1
2025-06-25 15:44:53.627 | INFO     | utils.common:log:12 - enable Subspace Scaffold for weights in module: conv2
2025-06-25 15:44:53.627 | INFO     | utils.common:log:12 - enable Subspace Scaffold for weights in module: conv1
2025-06-25 15:44:53.628 | INFO     | utils.common:log:12 - enable Subspace Scaffold for weights in module: conv2
2025-06-25 15:44:53.628 | INFO     | utils.common:log:12 - enable Subspace Scaffold for weights in module: conv1
2025-06-25 15:44:53.628 | INFO     | utils.common:log:12 - enable Subspace Scaffold for weights in module: conv2
2025-06-25 15:44:53.628 | INFO     | utils.common:log:12 - enable Subspace Scaffold for weights in module: conv1
2025-06-25 15:44:53.629 | INFO     | utils.common:log:12 - enable Subspace Scaffold for weights in module: conv2
2025-06-25 15:44:53.629 | INFO     | utils.common:log:12 - enable Subspace Scaffold for weights in module: conv1
2025-06-25 15:44:53.629 | INFO     | utils.common:log:12 - enable Subspace Scaffold for weights in module: conv2
2025-06-25 15:44:53.629 | INFO     | utils.common:log:12 - enable Subspace Scaffold for weights in module: conv1
2025-06-25 15:44:53.630 | INFO     | utils.common:log:12 - enable Subspace Scaffold for weights in module: conv2
2025-06-25 15:44:53.630 | INFO     | utils.common:log:12 - enable Subspace Scaffold for weights in module: conv1
2025-06-25 15:44:53.630 | INFO     | utils.common:log:12 - enable Subspace Scaffold for weights in module: conv2
2025-06-25 15:44:53.631 | INFO     | utils.common:log:12 - enable Subspace Scaffold for weights in module: conv1
2025-06-25 15:44:53.631 | INFO     | utils.common:log:12 - enable Subspace Scaffold for weights in module: conv2
2025-06-25 15:44:53.631 | INFO     | utils.common:log:12 - enable Subspace Scaffold for weights in module: conv1
2025-06-25 15:44:53.631 | INFO     | utils.common:log:12 - enable Subspace Scaffold for weights in module: conv2
2025-06-25 15:44:53.632 | INFO     | utils.common:log:12 - enable Subspace Scaffold for weights in module: conv1
2025-06-25 15:44:53.632 | INFO     | utils.common:log:12 - enable Subspace Scaffold for weights in module: conv2
2025-06-25 15:44:53.632 | INFO     | utils.common:log:12 - enable Subspace Scaffold for weights in module: conv1
2025-06-25 15:44:53.632 | INFO     | utils.common:log:12 - enable Subspace Scaffold for weights in module: conv2
2025-06-25 15:44:53.633 | INFO     | utils.common:log:12 - enable Subspace Scaffold for weights in module: conv1
2025-06-25 15:44:53.633 | INFO     | utils.common:log:12 - enable Subspace Scaffold for weights in module: conv2
2025-06-25 15:44:53.633 | INFO     | utils.common:log:12 - enable Subspace Scaffold for weights in module: conv1
2025-06-25 15:44:53.634 | INFO     | utils.common:log:12 - enable Subspace Scaffold for weights in module: conv2
2025-06-25 15:44:53.634 | INFO     | utils.common:log:12 - enable Subspace Scaffold for weights in module: conv1
2025-06-25 15:44:53.634 | INFO     | utils.common:log:12 - enable Subspace Scaffold for weights in module: conv2
2025-06-25 15:44:53.634 | INFO     | utils.common:log:12 - enable Subspace Scaffold for weights in module: conv1
2025-06-25 15:44:53.635 | INFO     | utils.common:log:12 - enable Subspace Scaffold for weights in module: conv2
2025-06-25 15:44:53.635 | INFO     | utils.common:log:12 - enable Subspace Scaffold for weights in module: conv1
2025-06-25 15:44:53.635 | INFO     | utils.common:log:12 - enable Subspace Scaffold for weights in module: conv2
2025-06-25 15:44:53.635 | INFO     | utils.common:log:12 - enable Subspace Scaffold for weights in module: conv1
2025-06-25 15:44:53.636 | INFO     | utils.common:log:12 - enable Subspace Scaffold for weights in module: conv2
2025-06-25 15:44:53.636 | INFO     | utils.common:log:12 - enable Subspace Scaffold for weights in module: conv1
2025-06-25 15:44:53.636 | INFO     | utils.common:log:12 - enable Subspace Scaffold for weights in module: conv2
2025-06-25 15:44:53.637 | INFO     | utils.common:log:12 - enable Subspace Scaffold for weights in module: conv1
2025-06-25 15:44:53.637 | INFO     | utils.common:log:12 - enable Subspace Scaffold for weights in module: conv2
2025-06-25 15:44:53.637 | INFO     | utils.common:log:12 - enable Subspace Scaffold for weights in module: conv1
2025-06-25 15:44:53.637 | INFO     | utils.common:log:12 - enable Subspace Scaffold for weights in module: conv2
2025-06-25 15:44:53.638 | INFO     | utils.common:log:12 - enable Subspace Scaffold for weights in module: conv1
2025-06-25 15:44:53.638 | INFO     | utils.common:log:12 - enable Subspace Scaffold for weights in module: conv2
2025-06-25 15:44:53.638 | INFO     | utils.common:log:12 - enable Subspace Scaffold for weights in module: conv1
2025-06-25 15:44:53.638 | INFO     | utils.common:log:12 - enable Subspace Scaffold for weights in module: conv2
2025-06-25 15:44:53.639 | INFO     | utils.common:log:12 - enable Subspace Scaffold for weights in module: conv1
2025-06-25 15:44:53.639 | INFO     | utils.common:log:12 - enable Subspace Scaffold for weights in module: conv2
2025-06-25 15:44:53.639 | INFO     | utils.common:log:12 - enable Subspace Scaffold for weights in module: conv1
2025-06-25 15:44:53.639 | INFO     | utils.common:log:12 - enable Subspace Scaffold for weights in module: conv2
2025-06-25 15:44:53.640 | INFO     | utils.common:log:12 - enable Subspace Scaffold for weights in module: conv1
2025-06-25 15:44:53.640 | INFO     | utils.common:log:12 - enable Subspace Scaffold for weights in module: conv2
2025-06-25 15:44:53.640 | INFO     | utils.common:log:12 - enable Subspace Scaffold for weights in module: conv1
2025-06-25 15:44:53.641 | INFO     | utils.common:log:12 - enable Subspace Scaffold for weights in module: conv2
2025-06-25 15:44:53.641 | INFO     | utils.common:log:12 - enable Subspace Scaffold for weights in module: conv1
2025-06-25 15:44:53.641 | INFO     | utils.common:log:12 - enable Subspace Scaffold for weights in module: conv2
2025-06-25 15:44:53.641 | INFO     | utils.common:log:12 - enable Subspace Scaffold for weights in module: conv1
2025-06-25 15:44:53.642 | INFO     | utils.common:log:12 - enable Subspace Scaffold for weights in module: conv2
2025-06-25 15:44:53.642 | INFO     | utils.common:log:12 - enable Subspace Scaffold for weights in module: conv1
2025-06-25 15:44:53.642 | INFO     | utils.common:log:12 - enable Subspace Scaffold for weights in module: conv2
2025-06-25 15:44:53.642 | INFO     | utils.common:log:12 - enable Subspace Scaffold for weights in module: conv1
2025-06-25 15:44:53.643 | INFO     | utils.common:log:12 - enable Subspace Scaffold for weights in module: conv2
2025-06-25 15:44:53.643 | INFO     | utils.common:log:12 - enable Subspace Scaffold for weights in module: conv1
2025-06-25 15:44:53.644 | INFO     | utils.common:log:12 - enable Subspace Scaffold for weights in module: conv2
2025-06-25 15:44:53.644 | INFO     | utils.common:log:12 - enable Subspace Scaffold for weights in module: conv1
2025-06-25 15:44:53.644 | INFO     | utils.common:log:12 - enable Subspace Scaffold for weights in module: conv2
2025-06-25 15:44:53.644 | INFO     | utils.common:log:12 - enable Subspace Scaffold for weights in module: conv1
2025-06-25 15:44:53.645 | INFO     | utils.common:log:12 - enable Subspace Scaffold for weights in module: conv2
2025-06-25 15:44:53.645 | INFO     | utils.common:log:12 - enable Subspace Scaffold for weights in module: conv1
2025-06-25 15:44:53.645 | INFO     | utils.common:log:12 - enable Subspace Scaffold for weights in module: conv2
2025-06-25 15:44:53.645 | INFO     | utils.common:log:12 - enable Subspace Scaffold for weights in module: conv1
2025-06-25 15:44:53.646 | INFO     | utils.common:log:12 - enable Subspace Scaffold for weights in module: conv2
2025-06-25 15:44:53.646 | INFO     | utils.common:log:12 - enable Subspace Scaffold for weights in module: conv1
2025-06-25 15:44:53.646 | INFO     | utils.common:log:12 - enable Subspace Scaffold for weights in module: conv2
2025-06-25 15:44:53.647 | INFO     | utils.common:log:12 - enable Subspace Scaffold for weights in module: conv1
2025-06-25 15:44:53.647 | INFO     | utils.common:log:12 - enable Subspace Scaffold for weights in module: conv2
2025-06-25 15:44:53.648 | INFO     | utils.common:log:12 - enable Subspace Scaffold for weights in module: conv1
2025-06-25 15:44:53.648 | INFO     | utils.common:log:12 - enable Subspace Scaffold for weights in module: conv2
2025-06-25 15:44:53.648 | INFO     | utils.common:log:12 - enable Subspace Scaffold for weights in module: conv1
2025-06-25 15:44:53.649 | INFO     | utils.common:log:12 - enable Subspace Scaffold for weights in module: conv2
2025-06-25 15:44:53.649 | INFO     | utils.common:log:12 - enable Subspace Scaffold for weights in module: conv1
2025-06-25 15:44:53.649 | INFO     | utils.common:log:12 - enable Subspace Scaffold for weights in module: conv2
2025-06-25 15:44:53.650 | INFO     | utils.common:log:12 - enable Subspace Scaffold for weights in module: conv1
2025-06-25 15:44:53.650 | INFO     | utils.common:log:12 - enable Subspace Scaffold for weights in module: conv2
2025-06-25 15:44:53.651 | INFO     | utils.common:log:12 - enable Subspace Scaffold for weights in module: conv1
2025-06-25 15:44:53.651 | INFO     | utils.common:log:12 - enable Subspace Scaffold for weights in module: conv2
2025-06-25 15:44:53.651 | INFO     | utils.common:log:12 - enable Subspace Scaffold for weights in module: conv1
2025-06-25 15:44:53.651 | INFO     | utils.common:log:12 - enable Subspace Scaffold for weights in module: conv2
2025-06-25 15:44:53.652 | INFO     | utils.common:log:12 - enable Subspace Scaffold for weights in module: conv1
2025-06-25 15:44:53.652 | INFO     | utils.common:log:12 - enable Subspace Scaffold for weights in module: conv2
2025-06-25 15:44:53.653 | INFO     | utils.common:log:12 - enable Subspace Scaffold for weights in module: conv1
2025-06-25 15:44:53.653 | INFO     | utils.common:log:12 - enable Subspace Scaffold for weights in module: conv2
2025-06-25 15:44:53.653 | INFO     | utils.common:log:12 - enable Subspace Scaffold for weights in module: conv1
2025-06-25 15:44:53.654 | INFO     | utils.common:log:12 - enable Subspace Scaffold for weights in module: conv2
2025-06-25 15:44:53.654 | INFO     | utils.common:log:12 - enable Subspace Scaffold for weights in module: conv1
2025-06-25 15:44:53.654 | INFO     | utils.common:log:12 - enable Subspace Scaffold for weights in module: conv2
2025-06-25 15:44:53.655 | INFO     | utils.common:log:12 - enable Subspace Scaffold for weights in module: conv1
2025-06-25 15:44:53.655 | INFO     | utils.common:log:12 - enable Subspace Scaffold for weights in module: conv2
2025-06-25 15:44:53.655 | INFO     | utils.common:log:12 - enable Subspace Scaffold for weights in module: conv1
2025-06-25 15:44:53.656 | INFO     | utils.common:log:12 - enable Subspace Scaffold for weights in module: conv2
2025-06-25 15:44:53.656 | INFO     | utils.common:log:12 - enable Subspace Scaffold for weights in module: conv1
2025-06-25 15:44:53.657 | INFO     | utils.common:log:12 - enable Subspace Scaffold for weights in module: conv2
2025-06-25 15:44:53.657 | INFO     | utils.common:log:12 - enable Subspace Scaffold for weights in module: conv1
2025-06-25 15:44:53.657 | INFO     | utils.common:log:12 - enable Subspace Scaffold for weights in module: conv2
2025-06-25 15:44:53.658 | INFO     | utils.common:log:12 - enable Subspace Scaffold for weights in module: conv1
2025-06-25 15:44:53.658 | INFO     | utils.common:log:12 - enable Subspace Scaffold for weights in module: conv2
2025-06-25 15:44:53.659 | INFO     | utils.common:log:12 - enable Subspace Scaffold for weights in module: conv1
2025-06-25 15:44:53.659 | INFO     | utils.common:log:12 - enable Subspace Scaffold for weights in module: conv2
2025-06-25 15:44:53.662 | INFO     | utils.common:log:12 - 
ResNet(
  (conv1): SubScafConv2d(16, 3, kernel_size=(7, 3), stride=(1, 1), padding=(3, 3), bias=None)
  (bn1): BatchNorm2d(16, eps=1e-05, momentum=0.1, affine=True, track_running_stats=True)
  (layer1): Sequential(
    (0): BasicBlock(
      (conv1): SubScafConv2d(16, 16, kernel_size=(7, 3), stride=(1, 1), padding=(3, 3), bias=None)
      (bn1): BatchNorm2d(16, eps=1e-05, momentum=0.1, affine=True, track_running_stats=True)
      (conv2): SubScafConv2d(16, 16, kernel_size=(7, 3), stride=(1, 1), padding=(3, 3), bias=None)
      (bn2): BatchNorm2d(16, eps=1e-05, momentum=0.1, affine=True, track_running_stats=True)
      (shortcut): Sequential()
    )
    (1): BasicBlock(
      (conv1): SubScafConv2d(16, 16, kernel_size=(7, 3), stride=(1, 1), padding=(3, 3), bias=None)
      (bn1): BatchNorm2d(16, eps=1e-05, momentum=0.1, affine=True, track_running_stats=True)
      (conv2): SubScafConv2d(16, 16, kernel_size=(7, 3), stride=(1, 1), padding=(3, 3), bias=None)
      (bn2): BatchNorm2d(16, eps=1e-05, momentum=0.1, affine=True, track_running_stats=True)
      (shortcut): Sequential()
    )
    (2): BasicBlock(
      (conv1): SubScafConv2d(16, 16, kernel_size=(7, 3), stride=(1, 1), padding=(3, 3), bias=None)
      (bn1): BatchNorm2d(16, eps=1e-05, momentum=0.1, affine=True, track_running_stats=True)
      (conv2): SubScafConv2d(16, 16, kernel_size=(7, 3), stride=(1, 1), padding=(3, 3), bias=None)
      (bn2): BatchNorm2d(16, eps=1e-05, momentum=0.1, affine=True, track_running_stats=True)
      (shortcut): Sequential()
    )
    (3): BasicBlock(
      (conv1): SubScafConv2d(16, 16, kernel_size=(7, 3), stride=(1, 1), padding=(3, 3), bias=None)
      (bn1): BatchNorm2d(16, eps=1e-05, momentum=0.1, affine=True, track_running_stats=True)
      (conv2): SubScafConv2d(16, 16, kernel_size=(7, 3), stride=(1, 1), padding=(3, 3), bias=None)
      (bn2): BatchNorm2d(16, eps=1e-05, momentum=0.1, affine=True, track_running_stats=True)
      (shortcut): Sequential()
    )
    (4): BasicBlock(
      (conv1): SubScafConv2d(16, 16, kernel_size=(7, 3), stride=(1, 1), padding=(3, 3), bias=None)
      (bn1): BatchNorm2d(16, eps=1e-05, momentum=0.1, affine=True, track_running_stats=True)
      (conv2): SubScafConv2d(16, 16, kernel_size=(7, 3), stride=(1, 1), padding=(3, 3), bias=None)
      (bn2): BatchNorm2d(16, eps=1e-05, momentum=0.1, affine=True, track_running_stats=True)
      (shortcut): Sequential()
    )
    (5): BasicBlock(
      (conv1): SubScafConv2d(16, 16, kernel_size=(7, 3), stride=(1, 1), padding=(3, 3), bias=None)
      (bn1): BatchNorm2d(16, eps=1e-05, momentum=0.1, affine=True, track_running_stats=True)
      (conv2): SubScafConv2d(16, 16, kernel_size=(7, 3), stride=(1, 1), padding=(3, 3), bias=None)
      (bn2): BatchNorm2d(16, eps=1e-05, momentum=0.1, affine=True, track_running_stats=True)
      (shortcut): Sequential()
    )
    (6): BasicBlock(
      (conv1): SubScafConv2d(16, 16, kernel_size=(7, 3), stride=(1, 1), padding=(3, 3), bias=None)
      (bn1): BatchNorm2d(16, eps=1e-05, momentum=0.1, affine=True, track_running_stats=True)
      (conv2): SubScafConv2d(16, 16, kernel_size=(7, 3), stride=(1, 1), padding=(3, 3), bias=None)
      (bn2): BatchNorm2d(16, eps=1e-05, momentum=0.1, affine=True, track_running_stats=True)
      (shortcut): Sequential()
    )
    (7): BasicBlock(
      (conv1): SubScafConv2d(16, 16, kernel_size=(7, 3), stride=(1, 1), padding=(3, 3), bias=None)
      (bn1): BatchNorm2d(16, eps=1e-05, momentum=0.1, affine=True, track_running_stats=True)
      (conv2): SubScafConv2d(16, 16, kernel_size=(7, 3), stride=(1, 1), padding=(3, 3), bias=None)
      (bn2): BatchNorm2d(16, eps=1e-05, momentum=0.1, affine=True, track_running_stats=True)
      (shortcut): Sequential()
    )
    (8): BasicBlock(
      (conv1): SubScafConv2d(16, 16, kernel_size=(7, 3), stride=(1, 1), padding=(3, 3), bias=None)
      (bn1): BatchNorm2d(16, eps=1e-05, momentum=0.1, affine=True, track_running_stats=True)
      (conv2): SubScafConv2d(16, 16, kernel_size=(7, 3), stride=(1, 1), padding=(3, 3), bias=None)
      (bn2): BatchNorm2d(16, eps=1e-05, momentum=0.1, affine=True, track_running_stats=True)
      (shortcut): Sequential()
    )
    (9): BasicBlock(
      (conv1): SubScafConv2d(16, 16, kernel_size=(7, 3), stride=(1, 1), padding=(3, 3), bias=None)
      (bn1): BatchNorm2d(16, eps=1e-05, momentum=0.1, affine=True, track_running_stats=True)
      (conv2): SubScafConv2d(16, 16, kernel_size=(7, 3), stride=(1, 1), padding=(3, 3), bias=None)
      (bn2): BatchNorm2d(16, eps=1e-05, momentum=0.1, affine=True, track_running_stats=True)
      (shortcut): Sequential()
    )
    (10): BasicBlock(
      (conv1): SubScafConv2d(16, 16, kernel_size=(7, 3), stride=(1, 1), padding=(3, 3), bias=None)
      (bn1): BatchNorm2d(16, eps=1e-05, momentum=0.1, affine=True, track_running_stats=True)
      (conv2): SubScafConv2d(16, 16, kernel_size=(7, 3), stride=(1, 1), padding=(3, 3), bias=None)
      (bn2): BatchNorm2d(16, eps=1e-05, momentum=0.1, affine=True, track_running_stats=True)
      (shortcut): Sequential()
    )
    (11): BasicBlock(
      (conv1): SubScafConv2d(16, 16, kernel_size=(7, 3), stride=(1, 1), padding=(3, 3), bias=None)
      (bn1): BatchNorm2d(16, eps=1e-05, momentum=0.1, affine=True, track_running_stats=True)
      (conv2): SubScafConv2d(16, 16, kernel_size=(7, 3), stride=(1, 1), padding=(3, 3), bias=None)
      (bn2): BatchNorm2d(16, eps=1e-05, momentum=0.1, affine=True, track_running_stats=True)
      (shortcut): Sequential()
    )
    (12): BasicBlock(
      (conv1): SubScafConv2d(16, 16, kernel_size=(7, 3), stride=(1, 1), padding=(3, 3), bias=None)
      (bn1): BatchNorm2d(16, eps=1e-05, momentum=0.1, affine=True, track_running_stats=True)
      (conv2): SubScafConv2d(16, 16, kernel_size=(7, 3), stride=(1, 1), padding=(3, 3), bias=None)
      (bn2): BatchNorm2d(16, eps=1e-05, momentum=0.1, affine=True, track_running_stats=True)
      (shortcut): Sequential()
    )
    (13): BasicBlock(
      (conv1): SubScafConv2d(16, 16, kernel_size=(7, 3), stride=(1, 1), padding=(3, 3), bias=None)
      (bn1): BatchNorm2d(16, eps=1e-05, momentum=0.1, affine=True, track_running_stats=True)
      (conv2): SubScafConv2d(16, 16, kernel_size=(7, 3), stride=(1, 1), padding=(3, 3), bias=None)
      (bn2): BatchNorm2d(16, eps=1e-05, momentum=0.1, affine=True, track_running_stats=True)
      (shortcut): Sequential()
    )
    (14): BasicBlock(
      (conv1): SubScafConv2d(16, 16, kernel_size=(7, 3), stride=(1, 1), padding=(3, 3), bias=None)
      (bn1): BatchNorm2d(16, eps=1e-05, momentum=0.1, affine=True, track_running_stats=True)
      (conv2): SubScafConv2d(16, 16, kernel_size=(7, 3), stride=(1, 1), padding=(3, 3), bias=None)
      (bn2): BatchNorm2d(16, eps=1e-05, momentum=0.1, affine=True, track_running_stats=True)
      (shortcut): Sequential()
    )
    (15): BasicBlock(
      (conv1): SubScafConv2d(16, 16, kernel_size=(7, 3), stride=(1, 1), padding=(3, 3), bias=None)
      (bn1): BatchNorm2d(16, eps=1e-05, momentum=0.1, affine=True, track_running_stats=True)
      (conv2): SubScafConv2d(16, 16, kernel_size=(7, 3), stride=(1, 1), padding=(3, 3), bias=None)
      (bn2): BatchNorm2d(16, eps=1e-05, momentum=0.1, affine=True, track_running_stats=True)
      (shortcut): Sequential()
    )
    (16): BasicBlock(
      (conv1): SubScafConv2d(16, 16, kernel_size=(7, 3), stride=(1, 1), padding=(3, 3), bias=None)
      (bn1): BatchNorm2d(16, eps=1e-05, momentum=0.1, affine=True, track_running_stats=True)
      (conv2): SubScafConv2d(16, 16, kernel_size=(7, 3), stride=(1, 1), padding=(3, 3), bias=None)
      (bn2): BatchNorm2d(16, eps=1e-05, momentum=0.1, affine=True, track_running_stats=True)
      (shortcut): Sequential()
    )
    (17): BasicBlock(
      (conv1): SubScafConv2d(16, 16, kernel_size=(7, 3), stride=(1, 1), padding=(3, 3), bias=None)
      (bn1): BatchNorm2d(16, eps=1e-05, momentum=0.1, affine=True, track_running_stats=True)
      (conv2): SubScafConv2d(16, 16, kernel_size=(7, 3), stride=(1, 1), padding=(3, 3), bias=None)
      (bn2): BatchNorm2d(16, eps=1e-05, momentum=0.1, affine=True, track_running_stats=True)
      (shortcut): Sequential()
    )
  )
  (layer2): Sequential(
    (0): BasicBlock(
      (conv1): SubScafConv2d(32, 16, kernel_size=(7, 3), stride=(2, 2), padding=(3, 3), bias=None)
      (bn1): BatchNorm2d(32, eps=1e-05, momentum=0.1, affine=True, track_running_stats=True)
      (conv2): SubScafConv2d(32, 32, kernel_size=(7, 3), stride=(1, 1), padding=(3, 3), bias=None)
      (bn2): BatchNorm2d(32, eps=1e-05, momentum=0.1, affine=True, track_running_stats=True)
      (shortcut): LambdaLayer()
    )
    (1): BasicBlock(
      (conv1): SubScafConv2d(32, 32, kernel_size=(7, 3), stride=(1, 1), padding=(3, 3), bias=None)
      (bn1): BatchNorm2d(32, eps=1e-05, momentum=0.1, affine=True, track_running_stats=True)
      (conv2): SubScafConv2d(32, 32, kernel_size=(7, 3), stride=(1, 1), padding=(3, 3), bias=None)
      (bn2): BatchNorm2d(32, eps=1e-05, momentum=0.1, affine=True, track_running_stats=True)
      (shortcut): Sequential()
    )
    (2): BasicBlock(
      (conv1): SubScafConv2d(32, 32, kernel_size=(7, 3), stride=(1, 1), padding=(3, 3), bias=None)
      (bn1): BatchNorm2d(32, eps=1e-05, momentum=0.1, affine=True, track_running_stats=True)
      (conv2): SubScafConv2d(32, 32, kernel_size=(7, 3), stride=(1, 1), padding=(3, 3), bias=None)
      (bn2): BatchNorm2d(32, eps=1e-05, momentum=0.1, affine=True, track_running_stats=True)
      (shortcut): Sequential()
    )
    (3): BasicBlock(
      (conv1): SubScafConv2d(32, 32, kernel_size=(7, 3), stride=(1, 1), padding=(3, 3), bias=None)
      (bn1): BatchNorm2d(32, eps=1e-05, momentum=0.1, affine=True, track_running_stats=True)
      (conv2): SubScafConv2d(32, 32, kernel_size=(7, 3), stride=(1, 1), padding=(3, 3), bias=None)
      (bn2): BatchNorm2d(32, eps=1e-05, momentum=0.1, affine=True, track_running_stats=True)
      (shortcut): Sequential()
    )
    (4): BasicBlock(
      (conv1): SubScafConv2d(32, 32, kernel_size=(7, 3), stride=(1, 1), padding=(3, 3), bias=None)
      (bn1): BatchNorm2d(32, eps=1e-05, momentum=0.1, affine=True, track_running_stats=True)
      (conv2): SubScafConv2d(32, 32, kernel_size=(7, 3), stride=(1, 1), padding=(3, 3), bias=None)
      (bn2): BatchNorm2d(32, eps=1e-05, momentum=0.1, affine=True, track_running_stats=True)
      (shortcut): Sequential()
    )
    (5): BasicBlock(
      (conv1): SubScafConv2d(32, 32, kernel_size=(7, 3), stride=(1, 1), padding=(3, 3), bias=None)
      (bn1): BatchNorm2d(32, eps=1e-05, momentum=0.1, affine=True, track_running_stats=True)
      (conv2): SubScafConv2d(32, 32, kernel_size=(7, 3), stride=(1, 1), padding=(3, 3), bias=None)
      (bn2): BatchNorm2d(32, eps=1e-05, momentum=0.1, affine=True, track_running_stats=True)
      (shortcut): Sequential()
    )
    (6): BasicBlock(
      (conv1): SubScafConv2d(32, 32, kernel_size=(7, 3), stride=(1, 1), padding=(3, 3), bias=None)
      (bn1): BatchNorm2d(32, eps=1e-05, momentum=0.1, affine=True, track_running_stats=True)
      (conv2): SubScafConv2d(32, 32, kernel_size=(7, 3), stride=(1, 1), padding=(3, 3), bias=None)
      (bn2): BatchNorm2d(32, eps=1e-05, momentum=0.1, affine=True, track_running_stats=True)
      (shortcut): Sequential()
    )
    (7): BasicBlock(
      (conv1): SubScafConv2d(32, 32, kernel_size=(7, 3), stride=(1, 1), padding=(3, 3), bias=None)
      (bn1): BatchNorm2d(32, eps=1e-05, momentum=0.1, affine=True, track_running_stats=True)
      (conv2): SubScafConv2d(32, 32, kernel_size=(7, 3), stride=(1, 1), padding=(3, 3), bias=None)
      (bn2): BatchNorm2d(32, eps=1e-05, momentum=0.1, affine=True, track_running_stats=True)
      (shortcut): Sequential()
    )
    (8): BasicBlock(
      (conv1): SubScafConv2d(32, 32, kernel_size=(7, 3), stride=(1, 1), padding=(3, 3), bias=None)
      (bn1): BatchNorm2d(32, eps=1e-05, momentum=0.1, affine=True, track_running_stats=True)
      (conv2): SubScafConv2d(32, 32, kernel_size=(7, 3), stride=(1, 1), padding=(3, 3), bias=None)
      (bn2): BatchNorm2d(32, eps=1e-05, momentum=0.1, affine=True, track_running_stats=True)
      (shortcut): Sequential()
    )
    (9): BasicBlock(
      (conv1): SubScafConv2d(32, 32, kernel_size=(7, 3), stride=(1, 1), padding=(3, 3), bias=None)
      (bn1): BatchNorm2d(32, eps=1e-05, momentum=0.1, affine=True, track_running_stats=True)
      (conv2): SubScafConv2d(32, 32, kernel_size=(7, 3), stride=(1, 1), padding=(3, 3), bias=None)
      (bn2): BatchNorm2d(32, eps=1e-05, momentum=0.1, affine=True, track_running_stats=True)
      (shortcut): Sequential()
    )
    (10): BasicBlock(
      (conv1): SubScafConv2d(32, 32, kernel_size=(7, 3), stride=(1, 1), padding=(3, 3), bias=None)
      (bn1): BatchNorm2d(32, eps=1e-05, momentum=0.1, affine=True, track_running_stats=True)
      (conv2): SubScafConv2d(32, 32, kernel_size=(7, 3), stride=(1, 1), padding=(3, 3), bias=None)
      (bn2): BatchNorm2d(32, eps=1e-05, momentum=0.1, affine=True, track_running_stats=True)
      (shortcut): Sequential()
    )
    (11): BasicBlock(
      (conv1): SubScafConv2d(32, 32, kernel_size=(7, 3), stride=(1, 1), padding=(3, 3), bias=None)
      (bn1): BatchNorm2d(32, eps=1e-05, momentum=0.1, affine=True, track_running_stats=True)
      (conv2): SubScafConv2d(32, 32, kernel_size=(7, 3), stride=(1, 1), padding=(3, 3), bias=None)
      (bn2): BatchNorm2d(32, eps=1e-05, momentum=0.1, affine=True, track_running_stats=True)
      (shortcut): Sequential()
    )
    (12): BasicBlock(
      (conv1): SubScafConv2d(32, 32, kernel_size=(7, 3), stride=(1, 1), padding=(3, 3), bias=None)
      (bn1): BatchNorm2d(32, eps=1e-05, momentum=0.1, affine=True, track_running_stats=True)
      (conv2): SubScafConv2d(32, 32, kernel_size=(7, 3), stride=(1, 1), padding=(3, 3), bias=None)
      (bn2): BatchNorm2d(32, eps=1e-05, momentum=0.1, affine=True, track_running_stats=True)
      (shortcut): Sequential()
    )
    (13): BasicBlock(
      (conv1): SubScafConv2d(32, 32, kernel_size=(7, 3), stride=(1, 1), padding=(3, 3), bias=None)
      (bn1): BatchNorm2d(32, eps=1e-05, momentum=0.1, affine=True, track_running_stats=True)
      (conv2): SubScafConv2d(32, 32, kernel_size=(7, 3), stride=(1, 1), padding=(3, 3), bias=None)
      (bn2): BatchNorm2d(32, eps=1e-05, momentum=0.1, affine=True, track_running_stats=True)
      (shortcut): Sequential()
    )
    (14): BasicBlock(
      (conv1): SubScafConv2d(32, 32, kernel_size=(7, 3), stride=(1, 1), padding=(3, 3), bias=None)
      (bn1): BatchNorm2d(32, eps=1e-05, momentum=0.1, affine=True, track_running_stats=True)
      (conv2): SubScafConv2d(32, 32, kernel_size=(7, 3), stride=(1, 1), padding=(3, 3), bias=None)
      (bn2): BatchNorm2d(32, eps=1e-05, momentum=0.1, affine=True, track_running_stats=True)
      (shortcut): Sequential()
    )
    (15): BasicBlock(
      (conv1): SubScafConv2d(32, 32, kernel_size=(7, 3), stride=(1, 1), padding=(3, 3), bias=None)
      (bn1): BatchNorm2d(32, eps=1e-05, momentum=0.1, affine=True, track_running_stats=True)
      (conv2): SubScafConv2d(32, 32, kernel_size=(7, 3), stride=(1, 1), padding=(3, 3), bias=None)
      (bn2): BatchNorm2d(32, eps=1e-05, momentum=0.1, affine=True, track_running_stats=True)
      (shortcut): Sequential()
    )
    (16): BasicBlock(
      (conv1): SubScafConv2d(32, 32, kernel_size=(7, 3), stride=(1, 1), padding=(3, 3), bias=None)
      (bn1): BatchNorm2d(32, eps=1e-05, momentum=0.1, affine=True, track_running_stats=True)
      (conv2): SubScafConv2d(32, 32, kernel_size=(7, 3), stride=(1, 1), padding=(3, 3), bias=None)
      (bn2): BatchNorm2d(32, eps=1e-05, momentum=0.1, affine=True, track_running_stats=True)
      (shortcut): Sequential()
    )
    (17): BasicBlock(
      (conv1): SubScafConv2d(32, 32, kernel_size=(7, 3), stride=(1, 1), padding=(3, 3), bias=None)
      (bn1): BatchNorm2d(32, eps=1e-05, momentum=0.1, affine=True, track_running_stats=True)
      (conv2): SubScafConv2d(32, 32, kernel_size=(7, 3), stride=(1, 1), padding=(3, 3), bias=None)
      (bn2): BatchNorm2d(32, eps=1e-05, momentum=0.1, affine=True, track_running_stats=True)
      (shortcut): Sequential()
    )
  )
  (layer3): Sequential(
    (0): BasicBlock(
      (conv1): SubScafConv2d(64, 32, kernel_size=(7, 3), stride=(2, 2), padding=(3, 3), bias=None)
      (bn1): BatchNorm2d(64, eps=1e-05, momentum=0.1, affine=True, track_running_stats=True)
      (conv2): SubScafConv2d(64, 64, kernel_size=(7, 3), stride=(1, 1), padding=(3, 3), bias=None)
      (bn2): BatchNorm2d(64, eps=1e-05, momentum=0.1, affine=True, track_running_stats=True)
      (shortcut): LambdaLayer()
    )
    (1): BasicBlock(
      (conv1): SubScafConv2d(64, 64, kernel_size=(7, 3), stride=(1, 1), padding=(3, 3), bias=None)
      (bn1): BatchNorm2d(64, eps=1e-05, momentum=0.1, affine=True, track_running_stats=True)
      (conv2): SubScafConv2d(64, 64, kernel_size=(7, 3), stride=(1, 1), padding=(3, 3), bias=None)
      (bn2): BatchNorm2d(64, eps=1e-05, momentum=0.1, affine=True, track_running_stats=True)
      (shortcut): Sequential()
    )
    (2): BasicBlock(
      (conv1): SubScafConv2d(64, 64, kernel_size=(7, 3), stride=(1, 1), padding=(3, 3), bias=None)
      (bn1): BatchNorm2d(64, eps=1e-05, momentum=0.1, affine=True, track_running_stats=True)
      (conv2): SubScafConv2d(64, 64, kernel_size=(7, 3), stride=(1, 1), padding=(3, 3), bias=None)
      (bn2): BatchNorm2d(64, eps=1e-05, momentum=0.1, affine=True, track_running_stats=True)
      (shortcut): Sequential()
    )
    (3): BasicBlock(
      (conv1): SubScafConv2d(64, 64, kernel_size=(7, 3), stride=(1, 1), padding=(3, 3), bias=None)
      (bn1): BatchNorm2d(64, eps=1e-05, momentum=0.1, affine=True, track_running_stats=True)
      (conv2): SubScafConv2d(64, 64, kernel_size=(7, 3), stride=(1, 1), padding=(3, 3), bias=None)
      (bn2): BatchNorm2d(64, eps=1e-05, momentum=0.1, affine=True, track_running_stats=True)
      (shortcut): Sequential()
    )
    (4): BasicBlock(
      (conv1): SubScafConv2d(64, 64, kernel_size=(7, 3), stride=(1, 1), padding=(3, 3), bias=None)
      (bn1): BatchNorm2d(64, eps=1e-05, momentum=0.1, affine=True, track_running_stats=True)
      (conv2): SubScafConv2d(64, 64, kernel_size=(7, 3), stride=(1, 1), padding=(3, 3), bias=None)
      (bn2): BatchNorm2d(64, eps=1e-05, momentum=0.1, affine=True, track_running_stats=True)
      (shortcut): Sequential()
    )
    (5): BasicBlock(
      (conv1): SubScafConv2d(64, 64, kernel_size=(7, 3), stride=(1, 1), padding=(3, 3), bias=None)
      (bn1): BatchNorm2d(64, eps=1e-05, momentum=0.1, affine=True, track_running_stats=True)
      (conv2): SubScafConv2d(64, 64, kernel_size=(7, 3), stride=(1, 1), padding=(3, 3), bias=None)
      (bn2): BatchNorm2d(64, eps=1e-05, momentum=0.1, affine=True, track_running_stats=True)
      (shortcut): Sequential()
    )
    (6): BasicBlock(
      (conv1): SubScafConv2d(64, 64, kernel_size=(7, 3), stride=(1, 1), padding=(3, 3), bias=None)
      (bn1): BatchNorm2d(64, eps=1e-05, momentum=0.1, affine=True, track_running_stats=True)
      (conv2): SubScafConv2d(64, 64, kernel_size=(7, 3), stride=(1, 1), padding=(3, 3), bias=None)
      (bn2): BatchNorm2d(64, eps=1e-05, momentum=0.1, affine=True, track_running_stats=True)
      (shortcut): Sequential()
    )
    (7): BasicBlock(
      (conv1): SubScafConv2d(64, 64, kernel_size=(7, 3), stride=(1, 1), padding=(3, 3), bias=None)
      (bn1): BatchNorm2d(64, eps=1e-05, momentum=0.1, affine=True, track_running_stats=True)
      (conv2): SubScafConv2d(64, 64, kernel_size=(7, 3), stride=(1, 1), padding=(3, 3), bias=None)
      (bn2): BatchNorm2d(64, eps=1e-05, momentum=0.1, affine=True, track_running_stats=True)
      (shortcut): Sequential()
    )
    (8): BasicBlock(
      (conv1): SubScafConv2d(64, 64, kernel_size=(7, 3), stride=(1, 1), padding=(3, 3), bias=None)
      (bn1): BatchNorm2d(64, eps=1e-05, momentum=0.1, affine=True, track_running_stats=True)
      (conv2): SubScafConv2d(64, 64, kernel_size=(7, 3), stride=(1, 1), padding=(3, 3), bias=None)
      (bn2): BatchNorm2d(64, eps=1e-05, momentum=0.1, affine=True, track_running_stats=True)
      (shortcut): Sequential()
    )
    (9): BasicBlock(
      (conv1): SubScafConv2d(64, 64, kernel_size=(7, 3), stride=(1, 1), padding=(3, 3), bias=None)
      (bn1): BatchNorm2d(64, eps=1e-05, momentum=0.1, affine=True, track_running_stats=True)
      (conv2): SubScafConv2d(64, 64, kernel_size=(7, 3), stride=(1, 1), padding=(3, 3), bias=None)
      (bn2): BatchNorm2d(64, eps=1e-05, momentum=0.1, affine=True, track_running_stats=True)
      (shortcut): Sequential()
    )
    (10): BasicBlock(
      (conv1): SubScafConv2d(64, 64, kernel_size=(7, 3), stride=(1, 1), padding=(3, 3), bias=None)
      (bn1): BatchNorm2d(64, eps=1e-05, momentum=0.1, affine=True, track_running_stats=True)
      (conv2): SubScafConv2d(64, 64, kernel_size=(7, 3), stride=(1, 1), padding=(3, 3), bias=None)
      (bn2): BatchNorm2d(64, eps=1e-05, momentum=0.1, affine=True, track_running_stats=True)
      (shortcut): Sequential()
    )
    (11): BasicBlock(
      (conv1): SubScafConv2d(64, 64, kernel_size=(7, 3), stride=(1, 1), padding=(3, 3), bias=None)
      (bn1): BatchNorm2d(64, eps=1e-05, momentum=0.1, affine=True, track_running_stats=True)
      (conv2): SubScafConv2d(64, 64, kernel_size=(7, 3), stride=(1, 1), padding=(3, 3), bias=None)
      (bn2): BatchNorm2d(64, eps=1e-05, momentum=0.1, affine=True, track_running_stats=True)
      (shortcut): Sequential()
    )
    (12): BasicBlock(
      (conv1): SubScafConv2d(64, 64, kernel_size=(7, 3), stride=(1, 1), padding=(3, 3), bias=None)
      (bn1): BatchNorm2d(64, eps=1e-05, momentum=0.1, affine=True, track_running_stats=True)
      (conv2): SubScafConv2d(64, 64, kernel_size=(7, 3), stride=(1, 1), padding=(3, 3), bias=None)
      (bn2): BatchNorm2d(64, eps=1e-05, momentum=0.1, affine=True, track_running_stats=True)
      (shortcut): Sequential()
    )
    (13): BasicBlock(
      (conv1): SubScafConv2d(64, 64, kernel_size=(7, 3), stride=(1, 1), padding=(3, 3), bias=None)
      (bn1): BatchNorm2d(64, eps=1e-05, momentum=0.1, affine=True, track_running_stats=True)
      (conv2): SubScafConv2d(64, 64, kernel_size=(7, 3), stride=(1, 1), padding=(3, 3), bias=None)
      (bn2): BatchNorm2d(64, eps=1e-05, momentum=0.1, affine=True, track_running_stats=True)
      (shortcut): Sequential()
    )
    (14): BasicBlock(
      (conv1): SubScafConv2d(64, 64, kernel_size=(7, 3), stride=(1, 1), padding=(3, 3), bias=None)
      (bn1): BatchNorm2d(64, eps=1e-05, momentum=0.1, affine=True, track_running_stats=True)
      (conv2): SubScafConv2d(64, 64, kernel_size=(7, 3), stride=(1, 1), padding=(3, 3), bias=None)
      (bn2): BatchNorm2d(64, eps=1e-05, momentum=0.1, affine=True, track_running_stats=True)
      (shortcut): Sequential()
    )
    (15): BasicBlock(
      (conv1): SubScafConv2d(64, 64, kernel_size=(7, 3), stride=(1, 1), padding=(3, 3), bias=None)
      (bn1): BatchNorm2d(64, eps=1e-05, momentum=0.1, affine=True, track_running_stats=True)
      (conv2): SubScafConv2d(64, 64, kernel_size=(7, 3), stride=(1, 1), padding=(3, 3), bias=None)
      (bn2): BatchNorm2d(64, eps=1e-05, momentum=0.1, affine=True, track_running_stats=True)
      (shortcut): Sequential()
    )
    (16): BasicBlock(
      (conv1): SubScafConv2d(64, 64, kernel_size=(7, 3), stride=(1, 1), padding=(3, 3), bias=None)
      (bn1): BatchNorm2d(64, eps=1e-05, momentum=0.1, affine=True, track_running_stats=True)
      (conv2): SubScafConv2d(64, 64, kernel_size=(7, 3), stride=(1, 1), padding=(3, 3), bias=None)
      (bn2): BatchNorm2d(64, eps=1e-05, momentum=0.1, affine=True, track_running_stats=True)
      (shortcut): Sequential()
    )
    (17): BasicBlock(
      (conv1): SubScafConv2d(64, 64, kernel_size=(7, 3), stride=(1, 1), padding=(3, 3), bias=None)
      (bn1): BatchNorm2d(64, eps=1e-05, momentum=0.1, affine=True, track_running_stats=True)
      (conv2): SubScafConv2d(64, 64, kernel_size=(7, 3), stride=(1, 1), padding=(3, 3), bias=None)
      (bn2): BatchNorm2d(64, eps=1e-05, momentum=0.1, affine=True, track_running_stats=True)
      (shortcut): Sequential()
    )
  )
  (linear): Linear(in_features=64, out_features=100, bias=True)
)

2025-06-25 15:44:53.662 | INFO     | utils.common:log:12 - Total params: 9.37M
2025-06-25 15:44:53.662 | INFO     | utils.common:log:12 - Trainable params before compression: 9.37M
2025-06-25 15:44:53.663 | INFO     | utils.common:log:12 - Trainable params after compression: 4.03M
2025-06-25 15:44:53.663 | INFO     | utils.common:log:12 - Total params with Subspace Scaffold enabled: 4.01M
2025-06-25 15:44:53.663 | INFO     | utils.common:log:12 - current lr 0.00000e+00
2025-06-25 15:44:54.446 | INFO     | utils.common:log:12 - Epoch: [0][0/391]	Loss: 13.8694	Prec@5: 7.812	lr: 0.0010
2025-06-25 15:44:55.028 | INFO     | utils.common:log:12 - Epoch: [0][10/391]	Loss: 11.5112	Prec@5: 7.386	lr: 0.0110
2025-06-25 15:44:55.605 | INFO     | utils.common:log:12 - Epoch: [0][20/391]	Loss: 9.3715	Prec@5: 7.589	lr: 0.0210
2025-06-25 15:44:56.192 | INFO     | utils.common:log:12 - Epoch: [0][30/391]	Loss: 8.2108	Prec@5: 8.619	lr: 0.0310
2025-06-25 15:44:56.781 | INFO     | utils.common:log:12 - Epoch: [0][40/391]	Loss: 7.3362	Prec@5: 9.375	lr: 0.0410
2025-06-25 15:44:57.391 | INFO     | utils.common:log:12 - Epoch: [0][50/391]	Loss: 6.7574	Prec@5: 10.080	lr: 0.0510
2025-06-25 15:44:58.003 | INFO     | utils.common:log:12 - Epoch: [0][60/391]	Loss: 6.3777	Prec@5: 10.579	lr: 0.0610
2025-06-25 15:44:58.606 | INFO     | utils.common:log:12 - Epoch: [0][70/391]	Loss: 6.1508	Prec@5: 11.268	lr: 0.0710
2025-06-25 15:44:59.219 | INFO     | utils.common:log:12 - Epoch: [0][80/391]	Loss: 5.9587	Prec@5: 11.998	lr: 0.0810
2025-06-25 15:44:59.814 | INFO     | utils.common:log:12 - Epoch: [0][90/391]	Loss: 5.7895	Prec@5: 12.363	lr: 0.0910
2025-06-25 15:45:00.420 | INFO     | utils.common:log:12 - Epoch: [0][100/391]	Loss: 5.6730	Prec@5: 12.933	lr: 0.1000
2025-06-25 15:45:01.020 | INFO     | utils.common:log:12 - Epoch: [0][110/391]	Loss: 5.5637	Prec@5: 13.387	lr: 0.1000
2025-06-25 15:45:01.604 | INFO     | utils.common:log:12 - Epoch: [0][120/391]	Loss: 5.4414	Prec@5: 14.088	lr: 0.1000
2025-06-25 15:45:02.201 | INFO     | utils.common:log:12 - Epoch: [0][130/391]	Loss: 5.3280	Prec@5: 14.540	lr: 0.1000
2025-06-25 15:45:02.792 | INFO     | utils.common:log:12 - Epoch: [0][140/391]	Loss: 5.2260	Prec@5: 15.226	lr: 0.1000
2025-06-25 15:45:03.389 | INFO     | utils.common:log:12 - Epoch: [0][150/391]	Loss: 5.1362	Prec@5: 15.842	lr: 0.1000
2025-06-25 15:45:04.005 | INFO     | utils.common:log:12 - Epoch: [0][160/391]	Loss: 5.0558	Prec@5: 16.440	lr: 0.1000
2025-06-25 15:45:04.605 | INFO     | utils.common:log:12 - Epoch: [0][170/391]	Loss: 4.9814	Prec@5: 17.114	lr: 0.1000
2025-06-25 15:45:05.220 | INFO     | utils.common:log:12 - Epoch: [0][180/391]	Loss: 4.9064	Prec@5: 17.783	lr: 0.1000
2025-06-25 15:45:05.826 | INFO     | utils.common:log:12 - Epoch: [0][190/391]	Loss: 4.8427	Prec@5: 18.259	lr: 0.1000
2025-06-25 15:45:06.443 | INFO     | utils.common:log:12 - Epoch: [0][200/391]	Loss: 4.7854	Prec@5: 18.711	lr: 0.1000
2025-06-25 15:45:07.045 | INFO     | utils.common:log:12 - Epoch: [0][210/391]	Loss: 4.7290	Prec@5: 19.335	lr: 0.1000
2025-06-25 15:45:07.659 | INFO     | utils.common:log:12 - Epoch: [0][220/391]	Loss: 4.6751	Prec@5: 19.860	lr: 0.1000
2025-06-25 15:45:08.274 | INFO     | utils.common:log:12 - Epoch: [0][230/391]	Loss: 4.6249	Prec@5: 20.455	lr: 0.1000
2025-06-25 15:45:08.887 | INFO     | utils.common:log:12 - Epoch: [0][240/391]	Loss: 4.5789	Prec@5: 21.039	lr: 0.0999
2025-06-25 15:45:09.490 | INFO     | utils.common:log:12 - Epoch: [0][250/391]	Loss: 4.5352	Prec@5: 21.620	lr: 0.0999
2025-06-25 15:45:10.089 | INFO     | utils.common:log:12 - Epoch: [0][260/391]	Loss: 4.4949	Prec@5: 22.144	lr: 0.0999
2025-06-25 15:45:10.670 | INFO     | utils.common:log:12 - Epoch: [0][270/391]	Loss: 4.4583	Prec@5: 22.550	lr: 0.0999
2025-06-25 15:45:11.260 | INFO     | utils.common:log:12 - Epoch: [0][280/391]	Loss: 4.4210	Prec@5: 23.054	lr: 0.0999
2025-06-25 15:45:11.877 | INFO     | utils.common:log:12 - Epoch: [0][290/391]	Loss: 4.3886	Prec@5: 23.523	lr: 0.0999
2025-06-25 15:45:12.478 | INFO     | utils.common:log:12 - Epoch: [0][300/391]	Loss: 4.3557	Prec@5: 23.977	lr: 0.0999
2025-06-25 15:45:13.080 | INFO     | utils.common:log:12 - Epoch: [0][310/391]	Loss: 4.3280	Prec@5: 24.337	lr: 0.0999
2025-06-25 15:45:13.681 | INFO     | utils.common:log:12 - Epoch: [0][320/391]	Loss: 4.2977	Prec@5: 24.791	lr: 0.0999
2025-06-25 15:45:14.269 | INFO     | utils.common:log:12 - Epoch: [0][330/391]	Loss: 4.2704	Prec@5: 25.113	lr: 0.0999
2025-06-25 15:45:14.863 | INFO     | utils.common:log:12 - Epoch: [0][340/391]	Loss: 4.2439	Prec@5: 25.486	lr: 0.0999
2025-06-25 15:45:15.455 | INFO     | utils.common:log:12 - Epoch: [0][350/391]	Loss: 4.2181	Prec@5: 25.864	lr: 0.0998
2025-06-25 15:45:16.054 | INFO     | utils.common:log:12 - Epoch: [0][360/391]	Loss: 4.1938	Prec@5: 26.268	lr: 0.0998
2025-06-25 15:45:16.652 | INFO     | utils.common:log:12 - Epoch: [0][370/391]	Loss: 4.1710	Prec@5: 26.575	lr: 0.0998
2025-06-25 15:45:17.228 | INFO     | utils.common:log:12 - Epoch: [0][380/391]	Loss: 4.1496	Prec@5: 26.932	lr: 0.0998
2025-06-25 15:45:17.898 | INFO     | utils.common:log:12 - Epoch: [0][390/391]	Loss: 4.1266	Prec@5: 27.388	lr: 0.0998
2025-06-25 15:45:18.147 | INFO     | utils.common:log:12 - Test: [0/40]	Time: 0.210 (0.210)	Loss: 3.2332	Prec@5: 45.312
2025-06-25 15:45:18.323 | INFO     | utils.common:log:12 - Test: [10/40]	Time: 0.017 (0.035)	Loss: 3.3565	Prec@5: 42.472
2025-06-25 15:45:18.494 | INFO     | utils.common:log:12 - Test: [20/40]	Time: 0.018 (0.027)	Loss: 3.3403	Prec@5: 42.336
2025-06-25 15:45:18.668 | INFO     | utils.common:log:12 - Test: [30/40]	Time: 0.017 (0.024)	Loss: 3.3589	Prec@5: 41.104
2025-06-25 15:45:18.892 | INFO     | utils.common:log:12 -  * Prec@5 41.600
2025-06-25 15:45:18.892 | INFO     | utils.common:log:12 - current lr 9.97870e-02
2025-06-25 15:45:19.100 | INFO     | utils.common:log:12 - Epoch: [1][0/391]	Loss: 3.5005	Prec@5: 35.938	lr: 0.0998
2025-06-25 15:45:19.673 | INFO     | utils.common:log:12 - Epoch: [1][10/391]	Loss: 3.2965	Prec@5: 39.205	lr: 0.0998
2025-06-25 15:45:20.259 | INFO     | utils.common:log:12 - Epoch: [1][20/391]	Loss: 3.2841	Prec@5: 41.220	lr: 0.0998
2025-06-25 15:45:20.841 | INFO     | utils.common:log:12 - Epoch: [1][30/391]	Loss: 3.2490	Prec@5: 43.246	lr: 0.0997
2025-06-25 15:45:21.432 | INFO     | utils.common:log:12 - Epoch: [1][40/391]	Loss: 3.2417	Prec@5: 43.483	lr: 0.0997
2025-06-25 15:45:22.039 | INFO     | utils.common:log:12 - Epoch: [1][50/391]	Loss: 3.2459	Prec@5: 43.137	lr: 0.0997
2025-06-25 15:45:22.630 | INFO     | utils.common:log:12 - Epoch: [1][60/391]	Loss: 3.2406	Prec@5: 43.340	lr: 0.0997
2025-06-25 15:45:23.219 | INFO     | utils.common:log:12 - Epoch: [1][70/391]	Loss: 3.2352	Prec@5: 43.398	lr: 0.0997
2025-06-25 15:45:23.797 | INFO     | utils.common:log:12 - Epoch: [1][80/391]	Loss: 3.2344	Prec@5: 43.596	lr: 0.0997
2025-06-25 15:45:24.385 | INFO     | utils.common:log:12 - Epoch: [1][90/391]	Loss: 3.2262	Prec@5: 43.767	lr: 0.0996
2025-06-25 15:45:24.969 | INFO     | utils.common:log:12 - Epoch: [1][100/391]	Loss: 3.2200	Prec@5: 44.214	lr: 0.0996
2025-06-25 15:45:25.546 | INFO     | utils.common:log:12 - Epoch: [1][110/391]	Loss: 3.2124	Prec@5: 44.496	lr: 0.0996
2025-06-25 15:45:26.123 | INFO     | utils.common:log:12 - Epoch: [1][120/391]	Loss: 3.1996	Prec@5: 44.899	lr: 0.0996
2025-06-25 15:45:26.714 | INFO     | utils.common:log:12 - Epoch: [1][130/391]	Loss: 3.2006	Prec@5: 45.002	lr: 0.0996
2025-06-25 15:45:27.316 | INFO     | utils.common:log:12 - Epoch: [1][140/391]	Loss: 3.1978	Prec@5: 45.047	lr: 0.0995
2025-06-25 15:45:27.910 | INFO     | utils.common:log:12 - Epoch: [1][150/391]	Loss: 3.1906	Prec@5: 45.281	lr: 0.0995
2025-06-25 15:45:28.513 | INFO     | utils.common:log:12 - Epoch: [1][160/391]	Loss: 3.1910	Prec@5: 45.400	lr: 0.0995
2025-06-25 15:45:29.099 | INFO     | utils.common:log:12 - Epoch: [1][170/391]	Loss: 3.1856	Prec@5: 45.550	lr: 0.0995
2025-06-25 15:45:29.689 | INFO     | utils.common:log:12 - Epoch: [1][180/391]	Loss: 3.1754	Prec@5: 45.779	lr: 0.0994
2025-06-25 15:45:30.284 | INFO     | utils.common:log:12 - Epoch: [1][190/391]	Loss: 3.1707	Prec@5: 46.000	lr: 0.0994
2025-06-25 15:45:30.894 | INFO     | utils.common:log:12 - Epoch: [1][200/391]	Loss: 3.1669	Prec@5: 46.144	lr: 0.0994
2025-06-25 15:45:31.488 | INFO     | utils.common:log:12 - Epoch: [1][210/391]	Loss: 3.1623	Prec@5: 46.327	lr: 0.0994
2025-06-25 15:45:32.090 | INFO     | utils.common:log:12 - Epoch: [1][220/391]	Loss: 3.1562	Prec@5: 46.557	lr: 0.0993
2025-06-25 15:45:32.689 | INFO     | utils.common:log:12 - Epoch: [1][230/391]	Loss: 3.1493	Prec@5: 46.801	lr: 0.0993
2025-06-25 15:45:33.278 | INFO     | utils.common:log:12 - Epoch: [1][240/391]	Loss: 3.1451	Prec@5: 46.972	lr: 0.0993
2025-06-25 15:45:33.856 | INFO     | utils.common:log:12 - Epoch: [1][250/391]	Loss: 3.1388	Prec@5: 47.161	lr: 0.0993
2025-06-25 15:45:34.436 | INFO     | utils.common:log:12 - Epoch: [1][260/391]	Loss: 3.1317	Prec@5: 47.414	lr: 0.0992
2025-06-25 15:45:35.029 | INFO     | utils.common:log:12 - Epoch: [1][270/391]	Loss: 3.1258	Prec@5: 47.648	lr: 0.0992
2025-06-25 15:45:35.621 | INFO     | utils.common:log:12 - Epoch: [1][280/391]	Loss: 3.1186	Prec@5: 47.954	lr: 0.0992
2025-06-25 15:45:36.192 | INFO     | utils.common:log:12 - Epoch: [1][290/391]	Loss: 3.1141	Prec@5: 48.083	lr: 0.0991
2025-06-25 15:45:36.778 | INFO     | utils.common:log:12 - Epoch: [1][300/391]	Loss: 3.1079	Prec@5: 48.303	lr: 0.0991
2025-06-25 15:45:37.369 | INFO     | utils.common:log:12 - Epoch: [1][310/391]	Loss: 3.1056	Prec@5: 48.443	lr: 0.0991
2025-06-25 15:45:37.959 | INFO     | utils.common:log:12 - Epoch: [1][320/391]	Loss: 3.0995	Prec@5: 48.584	lr: 0.0991
2025-06-25 15:45:38.553 | INFO     | utils.common:log:12 - Epoch: [1][330/391]	Loss: 3.0968	Prec@5: 48.716	lr: 0.0990
2025-06-25 15:45:39.106 | INFO     | utils.common:log:12 - Epoch: [1][340/391]	Loss: 3.0912	Prec@5: 48.832	lr: 0.0990
2025-06-25 15:45:39.649 | INFO     | utils.common:log:12 - Epoch: [1][350/391]	Loss: 3.0838	Prec@5: 49.096	lr: 0.0990
2025-06-25 15:45:40.196 | INFO     | utils.common:log:12 - Epoch: [1][360/391]	Loss: 3.0801	Prec@5: 49.230	lr: 0.0989
2025-06-25 15:45:40.735 | INFO     | utils.common:log:12 - Epoch: [1][370/391]	Loss: 3.0777	Prec@5: 49.318	lr: 0.0989
2025-06-25 15:45:41.273 | INFO     | utils.common:log:12 - Epoch: [1][380/391]	Loss: 3.0738	Prec@5: 49.377	lr: 0.0989
2025-06-25 15:45:41.812 | INFO     | utils.common:log:12 - Epoch: [1][390/391]	Loss: 3.0678	Prec@5: 49.564	lr: 0.0988
2025-06-25 15:45:42.039 | INFO     | utils.common:log:12 - Test: [0/40]	Time: 0.173 (0.173)	Loss: 2.7678	Prec@5: 60.156
2025-06-25 15:45:42.213 | INFO     | utils.common:log:12 - Test: [10/40]	Time: 0.017 (0.032)	Loss: 3.0307	Prec@5: 52.699
2025-06-25 15:45:42.383 | INFO     | utils.common:log:12 - Test: [20/40]	Time: 0.017 (0.025)	Loss: 3.0387	Prec@5: 52.418
2025-06-25 15:45:42.561 | INFO     | utils.common:log:12 - Test: [30/40]	Time: 0.018 (0.022)	Loss: 3.0659	Prec@5: 51.613
2025-06-25 15:45:42.753 | INFO     | utils.common:log:12 -  * Prec@5 51.740
2025-06-25 15:45:42.753 | INFO     | utils.common:log:12 - current lr 9.88338e-02
2025-06-25 15:45:42.952 | INFO     | utils.common:log:12 - Epoch: [2][0/391]	Loss: 3.1501	Prec@5: 42.188	lr: 0.0988
2025-06-25 15:45:43.532 | INFO     | utils.common:log:12 - Epoch: [2][10/391]	Loss: 2.9323	Prec@5: 52.983	lr: 0.0988
2025-06-25 15:45:44.118 | INFO     | utils.common:log:12 - Epoch: [2][20/391]	Loss: 2.9207	Prec@5: 54.315	lr: 0.0988
2025-06-25 15:45:44.717 | INFO     | utils.common:log:12 - Epoch: [2][30/391]	Loss: 2.8758	Prec@5: 55.897	lr: 0.0987
2025-06-25 15:45:45.285 | INFO     | utils.common:log:12 - Epoch: [2][40/391]	Loss: 2.8608	Prec@5: 55.640	lr: 0.0987
2025-06-25 15:45:45.869 | INFO     | utils.common:log:12 - Epoch: [2][50/391]	Loss: 2.8686	Prec@5: 55.392	lr: 0.0987
2025-06-25 15:45:46.459 | INFO     | utils.common:log:12 - Epoch: [2][60/391]	Loss: 2.8597	Prec@5: 55.712	lr: 0.0986
2025-06-25 15:45:47.050 | INFO     | utils.common:log:12 - Epoch: [2][70/391]	Loss: 2.8693	Prec@5: 55.546	lr: 0.0986
2025-06-25 15:45:47.637 | INFO     | utils.common:log:12 - Epoch: [2][80/391]	Loss: 2.8643	Prec@5: 55.961	lr: 0.0985
2025-06-25 15:45:48.215 | INFO     | utils.common:log:12 - Epoch: [2][90/391]	Loss: 2.8563	Prec@5: 56.061	lr: 0.0985
2025-06-25 15:45:48.813 | INFO     | utils.common:log:12 - Epoch: [2][100/391]	Loss: 2.8474	Prec@5: 56.436	lr: 0.0985
2025-06-25 15:45:49.386 | INFO     | utils.common:log:12 - Epoch: [2][110/391]	Loss: 2.8464	Prec@5: 56.363	lr: 0.0984
2025-06-25 15:45:49.971 | INFO     | utils.common:log:12 - Epoch: [2][120/391]	Loss: 2.8381	Prec@5: 56.599	lr: 0.0984
2025-06-25 15:45:50.561 | INFO     | utils.common:log:12 - Epoch: [2][130/391]	Loss: 2.8378	Prec@5: 56.644	lr: 0.0983
2025-06-25 15:45:51.155 | INFO     | utils.common:log:12 - Epoch: [2][140/391]	Loss: 2.8396	Prec@5: 56.494	lr: 0.0983
2025-06-25 15:45:51.737 | INFO     | utils.common:log:12 - Epoch: [2][150/391]	Loss: 2.8330	Prec@5: 56.633	lr: 0.0983
2025-06-25 15:45:52.315 | INFO     | utils.common:log:12 - Epoch: [2][160/391]	Loss: 2.8357	Prec@5: 56.580	lr: 0.0982
2025-06-25 15:45:52.893 | INFO     | utils.common:log:12 - Epoch: [2][170/391]	Loss: 2.8358	Prec@5: 56.552	lr: 0.0982
2025-06-25 15:45:53.465 | INFO     | utils.common:log:12 - Epoch: [2][180/391]	Loss: 2.8311	Prec@5: 56.716	lr: 0.0981
2025-06-25 15:45:54.048 | INFO     | utils.common:log:12 - Epoch: [2][190/391]	Loss: 2.8293	Prec@5: 56.765	lr: 0.0981
2025-06-25 15:45:54.635 | INFO     | utils.common:log:12 - Epoch: [2][200/391]	Loss: 2.8278	Prec@5: 56.786	lr: 0.0981
2025-06-25 15:45:55.218 | INFO     | utils.common:log:12 - Epoch: [2][210/391]	Loss: 2.8235	Prec@5: 56.968	lr: 0.0980
2025-06-25 15:45:55.793 | INFO     | utils.common:log:12 - Epoch: [2][220/391]	Loss: 2.8204	Prec@5: 57.049	lr: 0.0980
2025-06-25 15:45:56.370 | INFO     | utils.common:log:12 - Epoch: [2][230/391]	Loss: 2.8137	Prec@5: 57.244	lr: 0.0979
2025-06-25 15:45:56.959 | INFO     | utils.common:log:12 - Epoch: [2][240/391]	Loss: 2.8126	Prec@5: 57.223	lr: 0.0979
2025-06-25 15:45:57.542 | INFO     | utils.common:log:12 - Epoch: [2][250/391]	Loss: 2.8090	Prec@5: 57.209	lr: 0.0978
2025-06-25 15:45:58.124 | INFO     | utils.common:log:12 - Epoch: [2][260/391]	Loss: 2.8042	Prec@5: 57.399	lr: 0.0978
2025-06-25 15:45:58.686 | INFO     | utils.common:log:12 - Epoch: [2][270/391]	Loss: 2.7984	Prec@5: 57.576	lr: 0.0977
2025-06-25 15:45:59.273 | INFO     | utils.common:log:12 - Epoch: [2][280/391]	Loss: 2.7904	Prec@5: 57.801	lr: 0.0977
2025-06-25 15:45:59.849 | INFO     | utils.common:log:12 - Epoch: [2][290/391]	Loss: 2.7876	Prec@5: 57.904	lr: 0.0976
2025-06-25 15:46:00.437 | INFO     | utils.common:log:12 - Epoch: [2][300/391]	Loss: 2.7834	Prec@5: 58.088	lr: 0.0976
2025-06-25 15:46:01.042 | INFO     | utils.common:log:12 - Epoch: [2][310/391]	Loss: 2.7834	Prec@5: 58.069	lr: 0.0975
2025-06-25 15:46:01.634 | INFO     | utils.common:log:12 - Epoch: [2][320/391]	Loss: 2.7785	Prec@5: 58.236	lr: 0.0975
2025-06-25 15:46:02.229 | INFO     | utils.common:log:12 - Epoch: [2][330/391]	Loss: 2.7777	Prec@5: 58.261	lr: 0.0974
2025-06-25 15:46:02.820 | INFO     | utils.common:log:12 - Epoch: [2][340/391]	Loss: 2.7727	Prec@5: 58.404	lr: 0.0974
2025-06-25 15:46:03.394 | INFO     | utils.common:log:12 - Epoch: [2][350/391]	Loss: 2.7665	Prec@5: 58.600	lr: 0.0973
2025-06-25 15:46:03.978 | INFO     | utils.common:log:12 - Epoch: [2][360/391]	Loss: 2.7642	Prec@5: 58.652	lr: 0.0973
2025-06-25 15:46:04.570 | INFO     | utils.common:log:12 - Epoch: [2][370/391]	Loss: 2.7636	Prec@5: 58.642	lr: 0.0972
2025-06-25 15:46:05.164 | INFO     | utils.common:log:12 - Epoch: [2][380/391]	Loss: 2.7608	Prec@5: 58.633	lr: 0.0972
2025-06-25 15:46:05.758 | INFO     | utils.common:log:12 - Epoch: [2][390/391]	Loss: 2.7565	Prec@5: 58.744	lr: 0.0971
2025-06-25 15:46:06.012 | INFO     | utils.common:log:12 - Test: [0/40]	Time: 0.174 (0.174)	Loss: 2.4166	Prec@5: 69.531
2025-06-25 15:46:06.188 | INFO     | utils.common:log:12 - Test: [10/40]	Time: 0.017 (0.032)	Loss: 2.7568	Prec@5: 59.588
2025-06-25 15:46:06.360 | INFO     | utils.common:log:12 - Test: [20/40]	Time: 0.017 (0.025)	Loss: 2.7680	Prec@5: 60.268
2025-06-25 15:46:06.531 | INFO     | utils.common:log:12 - Test: [30/40]	Time: 0.017 (0.022)	Loss: 2.8014	Prec@5: 59.803
2025-06-25 15:46:06.758 | INFO     | utils.common:log:12 -  * Prec@5 59.920
2025-06-25 15:46:06.758 | INFO     | utils.common:log:12 - current lr 9.71300e-02
2025-06-25 15:46:06.963 | INFO     | utils.common:log:12 - Epoch: [3][0/391]	Loss: 2.8135	Prec@5: 54.688	lr: 0.0971
2025-06-25 15:46:07.592 | INFO     | utils.common:log:12 - Epoch: [3][10/391]	Loss: 2.6519	Prec@5: 60.369	lr: 0.0971
2025-06-25 15:46:08.168 | INFO     | utils.common:log:12 - Epoch: [3][20/391]	Loss: 2.6503	Prec@5: 61.830	lr: 0.0970
2025-06-25 15:46:08.744 | INFO     | utils.common:log:12 - Epoch: [3][30/391]	Loss: 2.6030	Prec@5: 63.054	lr: 0.0970
2025-06-25 15:46:09.318 | INFO     | utils.common:log:12 - Epoch: [3][40/391]	Loss: 2.5919	Prec@5: 63.300	lr: 0.0969
2025-06-25 15:46:09.899 | INFO     | utils.common:log:12 - Epoch: [3][50/391]	Loss: 2.5982	Prec@5: 63.266	lr: 0.0969
2025-06-25 15:46:10.488 | INFO     | utils.common:log:12 - Epoch: [3][60/391]	Loss: 2.6007	Prec@5: 63.140	lr: 0.0968
2025-06-25 15:46:11.067 | INFO     | utils.common:log:12 - Epoch: [3][70/391]	Loss: 2.6053	Prec@5: 62.918	lr: 0.0967
2025-06-25 15:46:11.650 | INFO     | utils.common:log:12 - Epoch: [3][80/391]	Loss: 2.6001	Prec@5: 62.963	lr: 0.0967
2025-06-25 15:46:12.211 | INFO     | utils.common:log:12 - Epoch: [3][90/391]	Loss: 2.5977	Prec@5: 62.998	lr: 0.0966
2025-06-25 15:46:12.781 | INFO     | utils.common:log:12 - Epoch: [3][100/391]	Loss: 2.5926	Prec@5: 63.258	lr: 0.0966
2025-06-25 15:46:13.349 | INFO     | utils.common:log:12 - Epoch: [3][110/391]	Loss: 2.5974	Prec@5: 63.190	lr: 0.0965
2025-06-25 15:46:13.922 | INFO     | utils.common:log:12 - Epoch: [3][120/391]	Loss: 2.5901	Prec@5: 63.443	lr: 0.0965
2025-06-25 15:46:14.494 | INFO     | utils.common:log:12 - Epoch: [3][130/391]	Loss: 2.5899	Prec@5: 63.502	lr: 0.0964
2025-06-25 15:46:15.073 | INFO     | utils.common:log:12 - Epoch: [3][140/391]	Loss: 2.5914	Prec@5: 63.464	lr: 0.0963
2025-06-25 15:46:15.645 | INFO     | utils.common:log:12 - Epoch: [3][150/391]	Loss: 2.5872	Prec@5: 63.545	lr: 0.0963
2025-06-25 15:46:16.224 | INFO     | utils.common:log:12 - Epoch: [3][160/391]	Loss: 2.5883	Prec@5: 63.626	lr: 0.0962
2025-06-25 15:46:16.800 | INFO     | utils.common:log:12 - Epoch: [3][170/391]	Loss: 2.5878	Prec@5: 63.679	lr: 0.0962
2025-06-25 15:46:17.383 | INFO     | utils.common:log:12 - Epoch: [3][180/391]	Loss: 2.5842	Prec@5: 63.786	lr: 0.0961
2025-06-25 15:46:17.951 | INFO     | utils.common:log:12 - Epoch: [3][190/391]	Loss: 2.5851	Prec@5: 63.670	lr: 0.0960
2025-06-25 15:46:18.530 | INFO     | utils.common:log:12 - Epoch: [3][200/391]	Loss: 2.5848	Prec@5: 63.596	lr: 0.0960
2025-06-25 15:46:19.121 | INFO     | utils.common:log:12 - Epoch: [3][210/391]	Loss: 2.5814	Prec@5: 63.626	lr: 0.0959
2025-06-25 15:46:19.708 | INFO     | utils.common:log:12 - Epoch: [3][220/391]	Loss: 2.5787	Prec@5: 63.688	lr: 0.0958
2025-06-25 15:46:20.260 | INFO     | utils.common:log:12 - Epoch: [3][230/391]	Loss: 2.5739	Prec@5: 63.778	lr: 0.0958
2025-06-25 15:46:20.800 | INFO     | utils.common:log:12 - Epoch: [3][240/391]	Loss: 2.5773	Prec@5: 63.758	lr: 0.0957
2025-06-25 15:46:21.342 | INFO     | utils.common:log:12 - Epoch: [3][250/391]	Loss: 2.5736	Prec@5: 63.826	lr: 0.0957
2025-06-25 15:46:21.918 | INFO     | utils.common:log:12 - Epoch: [3][260/391]	Loss: 2.5684	Prec@5: 63.931	lr: 0.0956
2025-06-25 15:46:22.497 | INFO     | utils.common:log:12 - Epoch: [3][270/391]	Loss: 2.5642	Prec@5: 63.999	lr: 0.0955
2025-06-25 15:46:23.081 | INFO     | utils.common:log:12 - Epoch: [3][280/391]	Loss: 2.5570	Prec@5: 64.246	lr: 0.0955
2025-06-25 15:46:23.673 | INFO     | utils.common:log:12 - Epoch: [3][290/391]	Loss: 2.5537	Prec@5: 64.369	lr: 0.0954
2025-06-25 15:46:24.275 | INFO     | utils.common:log:12 - Epoch: [3][300/391]	Loss: 2.5503	Prec@5: 64.488	lr: 0.0953
2025-06-25 15:46:24.852 | INFO     | utils.common:log:12 - Epoch: [3][310/391]	Loss: 2.5504	Prec@5: 64.444	lr: 0.0953
2025-06-25 15:46:25.449 | INFO     | utils.common:log:12 - Epoch: [3][320/391]	Loss: 2.5462	Prec@5: 64.569	lr: 0.0952
2025-06-25 15:46:26.038 | INFO     | utils.common:log:12 - Epoch: [3][330/391]	Loss: 2.5450	Prec@5: 64.624	lr: 0.0951
2025-06-25 15:46:26.632 | INFO     | utils.common:log:12 - Epoch: [3][340/391]	Loss: 2.5400	Prec@5: 64.722	lr: 0.0951
2025-06-25 15:46:27.207 | INFO     | utils.common:log:12 - Epoch: [3][350/391]	Loss: 2.5341	Prec@5: 64.810	lr: 0.0950
2025-06-25 15:46:27.791 | INFO     | utils.common:log:12 - Epoch: [3][360/391]	Loss: 2.5319	Prec@5: 64.898	lr: 0.0949
2025-06-25 15:46:28.391 | INFO     | utils.common:log:12 - Epoch: [3][370/391]	Loss: 2.5309	Prec@5: 64.913	lr: 0.0948
2025-06-25 15:46:28.992 | INFO     | utils.common:log:12 - Epoch: [3][380/391]	Loss: 2.5297	Prec@5: 64.940	lr: 0.0948
2025-06-25 15:46:29.598 | INFO     | utils.common:log:12 - Epoch: [3][390/391]	Loss: 2.5264	Prec@5: 65.000	lr: 0.0947
2025-06-25 15:46:29.833 | INFO     | utils.common:log:12 - Test: [0/40]	Time: 0.172 (0.172)	Loss: 2.3470	Prec@5: 67.969
2025-06-25 15:46:30.002 | INFO     | utils.common:log:12 - Test: [10/40]	Time: 0.017 (0.031)	Loss: 2.6428	Prec@5: 62.500
2025-06-25 15:46:30.175 | INFO     | utils.common:log:12 - Test: [20/40]	Time: 0.017 (0.025)	Loss: 2.6402	Prec@5: 62.872
2025-06-25 15:46:30.348 | INFO     | utils.common:log:12 - Test: [30/40]	Time: 0.019 (0.022)	Loss: 2.6804	Prec@5: 62.198
2025-06-25 15:46:30.552 | INFO     | utils.common:log:12 -  * Prec@5 62.180
2025-06-25 15:46:30.553 | INFO     | utils.common:log:12 - current lr 9.47017e-02
2025-06-25 15:46:30.752 | INFO     | utils.common:log:12 - Epoch: [4][0/391]	Loss: 2.5787	Prec@5: 68.750	lr: 0.0947
2025-06-25 15:46:31.333 | INFO     | utils.common:log:12 - Epoch: [4][10/391]	Loss: 2.4568	Prec@5: 68.182	lr: 0.0946
2025-06-25 15:46:31.911 | INFO     | utils.common:log:12 - Epoch: [4][20/391]	Loss: 2.4558	Prec@5: 68.452	lr: 0.0946
2025-06-25 15:46:32.478 | INFO     | utils.common:log:12 - Epoch: [4][30/391]	Loss: 2.4175	Prec@5: 69.103	lr: 0.0945
2025-06-25 15:46:33.059 | INFO     | utils.common:log:12 - Epoch: [4][40/391]	Loss: 2.3990	Prec@5: 69.284	lr: 0.0944
2025-06-25 15:46:33.643 | INFO     | utils.common:log:12 - Epoch: [4][50/391]	Loss: 2.4147	Prec@5: 68.536	lr: 0.0943
2025-06-25 15:46:34.203 | INFO     | utils.common:log:12 - Epoch: [4][60/391]	Loss: 2.4144	Prec@5: 68.366	lr: 0.0943
2025-06-25 15:46:34.765 | INFO     | utils.common:log:12 - Epoch: [4][70/391]	Loss: 2.4269	Prec@5: 67.804	lr: 0.0942
2025-06-25 15:46:35.342 | INFO     | utils.common:log:12 - Epoch: [4][80/391]	Loss: 2.4302	Prec@5: 67.689	lr: 0.0941
2025-06-25 15:46:35.915 | INFO     | utils.common:log:12 - Epoch: [4][90/391]	Loss: 2.4260	Prec@5: 67.651	lr: 0.0940
2025-06-25 15:46:36.470 | INFO     | utils.common:log:12 - Epoch: [4][100/391]	Loss: 2.4179	Prec@5: 67.853	lr: 0.0940
2025-06-25 15:46:37.050 | INFO     | utils.common:log:12 - Epoch: [4][110/391]	Loss: 2.4214	Prec@5: 67.976	lr: 0.0939
2025-06-25 15:46:37.638 | INFO     | utils.common:log:12 - Epoch: [4][120/391]	Loss: 2.4130	Prec@5: 68.091	lr: 0.0938
2025-06-25 15:46:38.213 | INFO     | utils.common:log:12 - Epoch: [4][130/391]	Loss: 2.4108	Prec@5: 68.094	lr: 0.0937
2025-06-25 15:46:38.769 | INFO     | utils.common:log:12 - Epoch: [4][140/391]	Loss: 2.4091	Prec@5: 68.052	lr: 0.0937
2025-06-25 15:46:39.343 | INFO     | utils.common:log:12 - Epoch: [4][150/391]	Loss: 2.4073	Prec@5: 67.964	lr: 0.0936
2025-06-25 15:46:39.926 | INFO     | utils.common:log:12 - Epoch: [4][160/391]	Loss: 2.4069	Prec@5: 67.974	lr: 0.0935
2025-06-25 15:46:40.521 | INFO     | utils.common:log:12 - Epoch: [4][170/391]	Loss: 2.4078	Prec@5: 68.037	lr: 0.0934
2025-06-25 15:46:41.115 | INFO     | utils.common:log:12 - Epoch: [4][180/391]	Loss: 2.4026	Prec@5: 68.068	lr: 0.0933
2025-06-25 15:46:41.702 | INFO     | utils.common:log:12 - Epoch: [4][190/391]	Loss: 2.4028	Prec@5: 68.096	lr: 0.0933
2025-06-25 15:46:42.294 | INFO     | utils.common:log:12 - Epoch: [4][200/391]	Loss: 2.4010	Prec@5: 68.128	lr: 0.0932
2025-06-25 15:46:42.877 | INFO     | utils.common:log:12 - Epoch: [4][210/391]	Loss: 2.3972	Prec@5: 68.224	lr: 0.0931
2025-06-25 15:46:43.489 | INFO     | utils.common:log:12 - Epoch: [4][220/391]	Loss: 2.3940	Prec@5: 68.269	lr: 0.0930
2025-06-25 15:46:44.084 | INFO     | utils.common:log:12 - Epoch: [4][230/391]	Loss: 2.3895	Prec@5: 68.364	lr: 0.0929
2025-06-25 15:46:44.684 | INFO     | utils.common:log:12 - Epoch: [4][240/391]	Loss: 2.3917	Prec@5: 68.335	lr: 0.0929
2025-06-25 15:46:45.284 | INFO     | utils.common:log:12 - Epoch: [4][250/391]	Loss: 2.3885	Prec@5: 68.401	lr: 0.0928
2025-06-25 15:46:45.889 | INFO     | utils.common:log:12 - Epoch: [4][260/391]	Loss: 2.3827	Prec@5: 68.505	lr: 0.0927
2025-06-25 15:46:46.485 | INFO     | utils.common:log:12 - Epoch: [4][270/391]	Loss: 2.3777	Prec@5: 68.548	lr: 0.0926
2025-06-25 15:46:47.071 | INFO     | utils.common:log:12 - Epoch: [4][280/391]	Loss: 2.3704	Prec@5: 68.800	lr: 0.0925
2025-06-25 15:46:47.651 | INFO     | utils.common:log:12 - Epoch: [4][290/391]	Loss: 2.3660	Prec@5: 68.943	lr: 0.0924
2025-06-25 15:46:48.236 | INFO     | utils.common:log:12 - Epoch: [4][300/391]	Loss: 2.3624	Prec@5: 69.025	lr: 0.0924
2025-06-25 15:46:48.821 | INFO     | utils.common:log:12 - Epoch: [4][310/391]	Loss: 2.3636	Prec@5: 68.986	lr: 0.0923
2025-06-25 15:46:49.445 | INFO     | utils.common:log:12 - Epoch: [4][320/391]	Loss: 2.3591	Prec@5: 69.105	lr: 0.0922
2025-06-25 15:46:50.040 | INFO     | utils.common:log:12 - Epoch: [4][330/391]	Loss: 2.3583	Prec@5: 69.184	lr: 0.0921
2025-06-25 15:46:50.654 | INFO     | utils.common:log:12 - Epoch: [4][340/391]	Loss: 2.3536	Prec@5: 69.286	lr: 0.0920
2025-06-25 15:46:51.237 | INFO     | utils.common:log:12 - Epoch: [4][350/391]	Loss: 2.3472	Prec@5: 69.418	lr: 0.0919
2025-06-25 15:46:51.842 | INFO     | utils.common:log:12 - Epoch: [4][360/391]	Loss: 2.3459	Prec@5: 69.477	lr: 0.0918
2025-06-25 15:46:52.440 | INFO     | utils.common:log:12 - Epoch: [4][370/391]	Loss: 2.3466	Prec@5: 69.483	lr: 0.0918
2025-06-25 15:46:53.052 | INFO     | utils.common:log:12 - Epoch: [4][380/391]	Loss: 2.3451	Prec@5: 69.459	lr: 0.0917
2025-06-25 15:46:53.630 | INFO     | utils.common:log:12 - Epoch: [4][390/391]	Loss: 2.3438	Prec@5: 69.448	lr: 0.0916
2025-06-25 15:46:53.851 | INFO     | utils.common:log:12 - Test: [0/40]	Time: 0.167 (0.167)	Loss: 2.2430	Prec@5: 69.531
2025-06-25 15:46:54.036 | INFO     | utils.common:log:12 - Test: [10/40]	Time: 0.018 (0.032)	Loss: 2.5217	Prec@5: 64.773
2025-06-25 15:46:54.212 | INFO     | utils.common:log:12 - Test: [20/40]	Time: 0.017 (0.025)	Loss: 2.5305	Prec@5: 65.179
2025-06-25 15:46:54.390 | INFO     | utils.common:log:12 - Test: [30/40]	Time: 0.018 (0.023)	Loss: 2.5616	Prec@5: 65.197
2025-06-25 15:46:54.595 | INFO     | utils.common:log:12 -  * Prec@5 65.100
