W0629 12:09:22.867000 240431 site-packages/torch/distributed/run.py:766] 
W0629 12:09:22.867000 240431 site-packages/torch/distributed/run.py:766] *****************************************
W0629 12:09:22.867000 240431 site-packages/torch/distributed/run.py:766] Setting OMP_NUM_THREADS environment variable for each process to be 1 in default, to avoid your system being overloaded, please further tune the variable for optimal performance in your application as needed. 
W0629 12:09:22.867000 240431 site-packages/torch/distributed/run.py:766] *****************************************
2025-06-29 12:09:38.406 | INFO     | utils.common:log:12 - enable Subspace Scaffold for weights in module: conv1
2025-06-29 12:09:38.717 | INFO     | utils.common:log:12 - enable Subspace Scaffold for weights in module: conv1
2025-06-29 12:09:38.717 | INFO     | utils.common:log:12 - enable Subspace Scaffold for weights in module: conv2
2025-06-29 12:09:38.718 | INFO     | utils.common:log:12 - enable Subspace Scaffold for weights in module: conv1
2025-06-29 12:09:38.718 | INFO     | utils.common:log:12 - enable Subspace Scaffold for weights in module: conv2
2025-06-29 12:09:38.718 | INFO     | utils.common:log:12 - enable Subspace Scaffold for weights in module: conv1
2025-06-29 12:09:38.719 | INFO     | utils.common:log:12 - enable Subspace Scaffold for weights in module: conv2
2025-06-29 12:09:38.719 | INFO     | utils.common:log:12 - enable Subspace Scaffold for weights in module: conv1
2025-06-29 12:09:38.719 | INFO     | utils.common:log:12 - enable Subspace Scaffold for weights in module: conv2
2025-06-29 12:09:38.720 | INFO     | utils.common:log:12 - enable Subspace Scaffold for weights in module: conv1
2025-06-29 12:09:38.720 | INFO     | utils.common:log:12 - enable Subspace Scaffold for weights in module: conv2
2025-06-29 12:09:38.720 | INFO     | utils.common:log:12 - enable Subspace Scaffold for weights in module: conv1
2025-06-29 12:09:38.720 | INFO     | utils.common:log:12 - enable Subspace Scaffold for weights in module: conv2
2025-06-29 12:09:38.721 | INFO     | utils.common:log:12 - enable Subspace Scaffold for weights in module: conv1
2025-06-29 12:09:38.721 | INFO     | utils.common:log:12 - enable Subspace Scaffold for weights in module: conv2
2025-06-29 12:09:38.721 | INFO     | utils.common:log:12 - enable Subspace Scaffold for weights in module: conv1
2025-06-29 12:09:38.722 | INFO     | utils.common:log:12 - enable Subspace Scaffold for weights in module: conv2
2025-06-29 12:09:38.722 | INFO     | utils.common:log:12 - enable Subspace Scaffold for weights in module: conv1
2025-06-29 12:09:38.722 | INFO     | utils.common:log:12 - enable Subspace Scaffold for weights in module: conv2
2025-06-29 12:09:38.722 | INFO     | utils.common:log:12 - enable Subspace Scaffold for weights in module: conv1
2025-06-29 12:09:38.723 | INFO     | utils.common:log:12 - enable Subspace Scaffold for weights in module: conv2
2025-06-29 12:09:38.723 | INFO     | utils.common:log:12 - enable Subspace Scaffold for weights in module: conv1
2025-06-29 12:09:38.723 | INFO     | utils.common:log:12 - enable Subspace Scaffold for weights in module: conv2
2025-06-29 12:09:38.724 | INFO     | utils.common:log:12 - enable Subspace Scaffold for weights in module: conv1
2025-06-29 12:09:38.724 | INFO     | utils.common:log:12 - enable Subspace Scaffold for weights in module: conv2
2025-06-29 12:09:38.724 | INFO     | utils.common:log:12 - enable Subspace Scaffold for weights in module: conv1
2025-06-29 12:09:38.724 | INFO     | utils.common:log:12 - enable Subspace Scaffold for weights in module: conv2
2025-06-29 12:09:38.725 | INFO     | utils.common:log:12 - enable Subspace Scaffold for weights in module: conv1
2025-06-29 12:09:38.725 | INFO     | utils.common:log:12 - enable Subspace Scaffold for weights in module: conv2
2025-06-29 12:09:38.725 | INFO     | utils.common:log:12 - enable Subspace Scaffold for weights in module: conv1
2025-06-29 12:09:38.726 | INFO     | utils.common:log:12 - enable Subspace Scaffold for weights in module: conv2
2025-06-29 12:09:38.726 | INFO     | utils.common:log:12 - enable Subspace Scaffold for weights in module: conv1
2025-06-29 12:09:38.726 | INFO     | utils.common:log:12 - enable Subspace Scaffold for weights in module: conv2
2025-06-29 12:09:38.726 | INFO     | utils.common:log:12 - enable Subspace Scaffold for weights in module: conv1
2025-06-29 12:09:38.727 | INFO     | utils.common:log:12 - enable Subspace Scaffold for weights in module: conv2
2025-06-29 12:09:38.727 | INFO     | utils.common:log:12 - enable Subspace Scaffold for weights in module: conv1
2025-06-29 12:09:38.727 | INFO     | utils.common:log:12 - enable Subspace Scaffold for weights in module: conv2
2025-06-29 12:09:38.727 | INFO     | utils.common:log:12 - enable Subspace Scaffold for weights in module: conv1
2025-06-29 12:09:38.728 | INFO     | utils.common:log:12 - enable Subspace Scaffold for weights in module: conv2
2025-06-29 12:09:38.728 | INFO     | utils.common:log:12 - enable Subspace Scaffold for weights in module: conv1
2025-06-29 12:09:38.728 | INFO     | utils.common:log:12 - enable Subspace Scaffold for weights in module: conv2
2025-06-29 12:09:38.729 | INFO     | utils.common:log:12 - enable Subspace Scaffold for weights in module: conv1
2025-06-29 12:09:38.729 | INFO     | utils.common:log:12 - enable Subspace Scaffold for weights in module: conv2
2025-06-29 12:09:38.729 | INFO     | utils.common:log:12 - enable Subspace Scaffold for weights in module: conv1
2025-06-29 12:09:38.729 | INFO     | utils.common:log:12 - enable Subspace Scaffold for weights in module: conv2
2025-06-29 12:09:38.730 | INFO     | utils.common:log:12 - enable Subspace Scaffold for weights in module: conv1
2025-06-29 12:09:38.730 | INFO     | utils.common:log:12 - enable Subspace Scaffold for weights in module: conv2
2025-06-29 12:09:38.730 | INFO     | utils.common:log:12 - enable Subspace Scaffold for weights in module: conv1
2025-06-29 12:09:38.731 | INFO     | utils.common:log:12 - enable Subspace Scaffold for weights in module: conv2
2025-06-29 12:09:38.731 | INFO     | utils.common:log:12 - enable Subspace Scaffold for weights in module: conv1
2025-06-29 12:09:38.731 | INFO     | utils.common:log:12 - enable Subspace Scaffold for weights in module: conv2
2025-06-29 12:09:38.731 | INFO     | utils.common:log:12 - enable Subspace Scaffold for weights in module: conv1
2025-06-29 12:09:38.732 | INFO     | utils.common:log:12 - enable Subspace Scaffold for weights in module: conv2
2025-06-29 12:09:38.732 | INFO     | utils.common:log:12 - enable Subspace Scaffold for weights in module: conv1
2025-06-29 12:09:38.733 | INFO     | utils.common:log:12 - enable Subspace Scaffold for weights in module: conv2
2025-06-29 12:09:38.733 | INFO     | utils.common:log:12 - enable Subspace Scaffold for weights in module: conv1
2025-06-29 12:09:38.733 | INFO     | utils.common:log:12 - enable Subspace Scaffold for weights in module: conv2
2025-06-29 12:09:38.734 | INFO     | utils.common:log:12 - enable Subspace Scaffold for weights in module: conv1
2025-06-29 12:09:38.734 | INFO     | utils.common:log:12 - enable Subspace Scaffold for weights in module: conv2
2025-06-29 12:09:38.734 | INFO     | utils.common:log:12 - enable Subspace Scaffold for weights in module: conv1
2025-06-29 12:09:38.734 | INFO     | utils.common:log:12 - enable Subspace Scaffold for weights in module: conv2
2025-06-29 12:09:38.735 | INFO     | utils.common:log:12 - enable Subspace Scaffold for weights in module: conv1
2025-06-29 12:09:38.735 | INFO     | utils.common:log:12 - enable Subspace Scaffold for weights in module: conv2
2025-06-29 12:09:38.735 | INFO     | utils.common:log:12 - enable Subspace Scaffold for weights in module: conv1
2025-06-29 12:09:38.736 | INFO     | utils.common:log:12 - enable Subspace Scaffold for weights in module: conv2
2025-06-29 12:09:38.736 | INFO     | utils.common:log:12 - enable Subspace Scaffold for weights in module: conv1
2025-06-29 12:09:38.736 | INFO     | utils.common:log:12 - enable Subspace Scaffold for weights in module: conv2
2025-06-29 12:09:38.737 | INFO     | utils.common:log:12 - enable Subspace Scaffold for weights in module: conv1
2025-06-29 12:09:38.737 | INFO     | utils.common:log:12 - enable Subspace Scaffold for weights in module: conv2
2025-06-29 12:09:38.737 | INFO     | utils.common:log:12 - enable Subspace Scaffold for weights in module: conv1
2025-06-29 12:09:38.738 | INFO     | utils.common:log:12 - enable Subspace Scaffold for weights in module: conv2
2025-06-29 12:09:38.738 | INFO     | utils.common:log:12 - enable Subspace Scaffold for weights in module: conv1
2025-06-29 12:09:38.738 | INFO     | utils.common:log:12 - enable Subspace Scaffold for weights in module: conv2
2025-06-29 12:09:38.739 | INFO     | utils.common:log:12 - enable Subspace Scaffold for weights in module: conv1
2025-06-29 12:09:38.739 | INFO     | utils.common:log:12 - enable Subspace Scaffold for weights in module: conv2
2025-06-29 12:09:38.739 | INFO     | utils.common:log:12 - enable Subspace Scaffold for weights in module: conv1
2025-06-29 12:09:38.740 | INFO     | utils.common:log:12 - enable Subspace Scaffold for weights in module: conv2
2025-06-29 12:09:38.740 | INFO     | utils.common:log:12 - enable Subspace Scaffold for weights in module: conv1
2025-06-29 12:09:38.740 | INFO     | utils.common:log:12 - enable Subspace Scaffold for weights in module: conv2
2025-06-29 12:09:38.741 | INFO     | utils.common:log:12 - enable Subspace Scaffold for weights in module: conv1
2025-06-29 12:09:38.741 | INFO     | utils.common:log:12 - enable Subspace Scaffold for weights in module: conv2
2025-06-29 12:09:38.742 | INFO     | utils.common:log:12 - enable Subspace Scaffold for weights in module: conv1
2025-06-29 12:09:38.742 | INFO     | utils.common:log:12 - enable Subspace Scaffold for weights in module: conv2
2025-06-29 12:09:38.743 | INFO     | utils.common:log:12 - enable Subspace Scaffold for weights in module: conv1
2025-06-29 12:09:38.743 | INFO     | utils.common:log:12 - enable Subspace Scaffold for weights in module: conv2
2025-06-29 12:09:38.743 | INFO     | utils.common:log:12 - enable Subspace Scaffold for weights in module: conv1
2025-06-29 12:09:38.744 | INFO     | utils.common:log:12 - enable Subspace Scaffold for weights in module: conv2
2025-06-29 12:09:38.744 | INFO     | utils.common:log:12 - enable Subspace Scaffold for weights in module: conv1
2025-06-29 12:09:38.745 | INFO     | utils.common:log:12 - enable Subspace Scaffold for weights in module: conv2
2025-06-29 12:09:38.745 | INFO     | utils.common:log:12 - enable Subspace Scaffold for weights in module: conv1
2025-06-29 12:09:38.745 | INFO     | utils.common:log:12 - enable Subspace Scaffold for weights in module: conv2
2025-06-29 12:09:38.746 | INFO     | utils.common:log:12 - enable Subspace Scaffold for weights in module: conv1
2025-06-29 12:09:38.746 | INFO     | utils.common:log:12 - enable Subspace Scaffold for weights in module: conv2
2025-06-29 12:09:38.747 | INFO     | utils.common:log:12 - enable Subspace Scaffold for weights in module: conv1
2025-06-29 12:09:38.747 | INFO     | utils.common:log:12 - enable Subspace Scaffold for weights in module: conv2
2025-06-29 12:09:38.747 | INFO     | utils.common:log:12 - enable Subspace Scaffold for weights in module: conv1
2025-06-29 12:09:38.748 | INFO     | utils.common:log:12 - enable Subspace Scaffold for weights in module: conv2
2025-06-29 12:09:38.748 | INFO     | utils.common:log:12 - enable Subspace Scaffold for weights in module: conv1
2025-06-29 12:09:38.749 | INFO     | utils.common:log:12 - enable Subspace Scaffold for weights in module: conv2
2025-06-29 12:09:38.749 | INFO     | utils.common:log:12 - enable Subspace Scaffold for weights in module: conv1
2025-06-29 12:09:38.749 | INFO     | utils.common:log:12 - enable Subspace Scaffold for weights in module: conv2
2025-06-29 12:09:38.750 | INFO     | utils.common:log:12 - enable Subspace Scaffold for weights in module: conv1
2025-06-29 12:09:38.750 | INFO     | utils.common:log:12 - enable Subspace Scaffold for weights in module: conv2
2025-06-29 12:09:38.751 | INFO     | utils.common:log:12 - enable Subspace Scaffold for weights in module: conv1
2025-06-29 12:09:38.751 | INFO     | utils.common:log:12 - enable Subspace Scaffold for weights in module: conv2
2025-06-29 12:09:38.752 | INFO     | utils.common:log:12 - enable Subspace Scaffold for weights in module: conv1
2025-06-29 12:09:38.752 | INFO     | utils.common:log:12 - enable Subspace Scaffold for weights in module: conv2
2025-06-29 12:09:38.753 | INFO     | utils.common:log:12 - enable Subspace Scaffold for weights in module: conv1
2025-06-29 12:09:38.753 | INFO     | utils.common:log:12 - enable Subspace Scaffold for weights in module: conv2
2025-06-29 12:09:38.756 | INFO     | utils.common:log:12 - 
ResNet(
  (conv1): SubScafConv2d(16, 3, kernel_size=(7, 7), stride=(1, 1), padding=(3, 3), bias=None)
  (bn1): BatchNorm2d(16, eps=1e-05, momentum=0.1, affine=True, track_running_stats=True)
  (layer1): Sequential(
    (0): BasicBlock(
      (conv1): SubScafConv2d(16, 16, kernel_size=(7, 7), stride=(1, 1), padding=(3, 3), bias=None)
      (bn1): BatchNorm2d(16, eps=1e-05, momentum=0.1, affine=True, track_running_stats=True)
      (conv2): SubScafConv2d(16, 16, kernel_size=(7, 7), stride=(1, 1), padding=(3, 3), bias=None)
      (bn2): BatchNorm2d(16, eps=1e-05, momentum=0.1, affine=True, track_running_stats=True)
      (shortcut): Sequential()
    )
    (1): BasicBlock(
      (conv1): SubScafConv2d(16, 16, kernel_size=(7, 7), stride=(1, 1), padding=(3, 3), bias=None)
      (bn1): BatchNorm2d(16, eps=1e-05, momentum=0.1, affine=True, track_running_stats=True)
      (conv2): SubScafConv2d(16, 16, kernel_size=(7, 7), stride=(1, 1), padding=(3, 3), bias=None)
      (bn2): BatchNorm2d(16, eps=1e-05, momentum=0.1, affine=True, track_running_stats=True)
      (shortcut): Sequential()
    )
    (2): BasicBlock(
      (conv1): SubScafConv2d(16, 16, kernel_size=(7, 7), stride=(1, 1), padding=(3, 3), bias=None)
      (bn1): BatchNorm2d(16, eps=1e-05, momentum=0.1, affine=True, track_running_stats=True)
      (conv2): SubScafConv2d(16, 16, kernel_size=(7, 7), stride=(1, 1), padding=(3, 3), bias=None)
      (bn2): BatchNorm2d(16, eps=1e-05, momentum=0.1, affine=True, track_running_stats=True)
      (shortcut): Sequential()
    )
    (3): BasicBlock(
      (conv1): SubScafConv2d(16, 16, kernel_size=(7, 7), stride=(1, 1), padding=(3, 3), bias=None)
      (bn1): BatchNorm2d(16, eps=1e-05, momentum=0.1, affine=True, track_running_stats=True)
      (conv2): SubScafConv2d(16, 16, kernel_size=(7, 7), stride=(1, 1), padding=(3, 3), bias=None)
      (bn2): BatchNorm2d(16, eps=1e-05, momentum=0.1, affine=True, track_running_stats=True)
      (shortcut): Sequential()
    )
    (4): BasicBlock(
      (conv1): SubScafConv2d(16, 16, kernel_size=(7, 7), stride=(1, 1), padding=(3, 3), bias=None)
      (bn1): BatchNorm2d(16, eps=1e-05, momentum=0.1, affine=True, track_running_stats=True)
      (conv2): SubScafConv2d(16, 16, kernel_size=(7, 7), stride=(1, 1), padding=(3, 3), bias=None)
      (bn2): BatchNorm2d(16, eps=1e-05, momentum=0.1, affine=True, track_running_stats=True)
      (shortcut): Sequential()
    )
    (5): BasicBlock(
      (conv1): SubScafConv2d(16, 16, kernel_size=(7, 7), stride=(1, 1), padding=(3, 3), bias=None)
      (bn1): BatchNorm2d(16, eps=1e-05, momentum=0.1, affine=True, track_running_stats=True)
      (conv2): SubScafConv2d(16, 16, kernel_size=(7, 7), stride=(1, 1), padding=(3, 3), bias=None)
      (bn2): BatchNorm2d(16, eps=1e-05, momentum=0.1, affine=True, track_running_stats=True)
      (shortcut): Sequential()
    )
    (6): BasicBlock(
      (conv1): SubScafConv2d(16, 16, kernel_size=(7, 7), stride=(1, 1), padding=(3, 3), bias=None)
      (bn1): BatchNorm2d(16, eps=1e-05, momentum=0.1, affine=True, track_running_stats=True)
      (conv2): SubScafConv2d(16, 16, kernel_size=(7, 7), stride=(1, 1), padding=(3, 3), bias=None)
      (bn2): BatchNorm2d(16, eps=1e-05, momentum=0.1, affine=True, track_running_stats=True)
      (shortcut): Sequential()
    )
    (7): BasicBlock(
      (conv1): SubScafConv2d(16, 16, kernel_size=(7, 7), stride=(1, 1), padding=(3, 3), bias=None)
      (bn1): BatchNorm2d(16, eps=1e-05, momentum=0.1, affine=True, track_running_stats=True)
      (conv2): SubScafConv2d(16, 16, kernel_size=(7, 7), stride=(1, 1), padding=(3, 3), bias=None)
      (bn2): BatchNorm2d(16, eps=1e-05, momentum=0.1, affine=True, track_running_stats=True)
      (shortcut): Sequential()
    )
    (8): BasicBlock(
      (conv1): SubScafConv2d(16, 16, kernel_size=(7, 7), stride=(1, 1), padding=(3, 3), bias=None)
      (bn1): BatchNorm2d(16, eps=1e-05, momentum=0.1, affine=True, track_running_stats=True)
      (conv2): SubScafConv2d(16, 16, kernel_size=(7, 7), stride=(1, 1), padding=(3, 3), bias=None)
      (bn2): BatchNorm2d(16, eps=1e-05, momentum=0.1, affine=True, track_running_stats=True)
      (shortcut): Sequential()
    )
    (9): BasicBlock(
      (conv1): SubScafConv2d(16, 16, kernel_size=(7, 7), stride=(1, 1), padding=(3, 3), bias=None)
      (bn1): BatchNorm2d(16, eps=1e-05, momentum=0.1, affine=True, track_running_stats=True)
      (conv2): SubScafConv2d(16, 16, kernel_size=(7, 7), stride=(1, 1), padding=(3, 3), bias=None)
      (bn2): BatchNorm2d(16, eps=1e-05, momentum=0.1, affine=True, track_running_stats=True)
      (shortcut): Sequential()
    )
    (10): BasicBlock(
      (conv1): SubScafConv2d(16, 16, kernel_size=(7, 7), stride=(1, 1), padding=(3, 3), bias=None)
      (bn1): BatchNorm2d(16, eps=1e-05, momentum=0.1, affine=True, track_running_stats=True)
      (conv2): SubScafConv2d(16, 16, kernel_size=(7, 7), stride=(1, 1), padding=(3, 3), bias=None)
      (bn2): BatchNorm2d(16, eps=1e-05, momentum=0.1, affine=True, track_running_stats=True)
      (shortcut): Sequential()
    )
    (11): BasicBlock(
      (conv1): SubScafConv2d(16, 16, kernel_size=(7, 7), stride=(1, 1), padding=(3, 3), bias=None)
      (bn1): BatchNorm2d(16, eps=1e-05, momentum=0.1, affine=True, track_running_stats=True)
      (conv2): SubScafConv2d(16, 16, kernel_size=(7, 7), stride=(1, 1), padding=(3, 3), bias=None)
      (bn2): BatchNorm2d(16, eps=1e-05, momentum=0.1, affine=True, track_running_stats=True)
      (shortcut): Sequential()
    )
    (12): BasicBlock(
      (conv1): SubScafConv2d(16, 16, kernel_size=(7, 7), stride=(1, 1), padding=(3, 3), bias=None)
      (bn1): BatchNorm2d(16, eps=1e-05, momentum=0.1, affine=True, track_running_stats=True)
      (conv2): SubScafConv2d(16, 16, kernel_size=(7, 7), stride=(1, 1), padding=(3, 3), bias=None)
      (bn2): BatchNorm2d(16, eps=1e-05, momentum=0.1, affine=True, track_running_stats=True)
      (shortcut): Sequential()
    )
    (13): BasicBlock(
      (conv1): SubScafConv2d(16, 16, kernel_size=(7, 7), stride=(1, 1), padding=(3, 3), bias=None)
      (bn1): BatchNorm2d(16, eps=1e-05, momentum=0.1, affine=True, track_running_stats=True)
      (conv2): SubScafConv2d(16, 16, kernel_size=(7, 7), stride=(1, 1), padding=(3, 3), bias=None)
      (bn2): BatchNorm2d(16, eps=1e-05, momentum=0.1, affine=True, track_running_stats=True)
      (shortcut): Sequential()
    )
    (14): BasicBlock(
      (conv1): SubScafConv2d(16, 16, kernel_size=(7, 7), stride=(1, 1), padding=(3, 3), bias=None)
      (bn1): BatchNorm2d(16, eps=1e-05, momentum=0.1, affine=True, track_running_stats=True)
      (conv2): SubScafConv2d(16, 16, kernel_size=(7, 7), stride=(1, 1), padding=(3, 3), bias=None)
      (bn2): BatchNorm2d(16, eps=1e-05, momentum=0.1, affine=True, track_running_stats=True)
      (shortcut): Sequential()
    )
    (15): BasicBlock(
      (conv1): SubScafConv2d(16, 16, kernel_size=(7, 7), stride=(1, 1), padding=(3, 3), bias=None)
      (bn1): BatchNorm2d(16, eps=1e-05, momentum=0.1, affine=True, track_running_stats=True)
      (conv2): SubScafConv2d(16, 16, kernel_size=(7, 7), stride=(1, 1), padding=(3, 3), bias=None)
      (bn2): BatchNorm2d(16, eps=1e-05, momentum=0.1, affine=True, track_running_stats=True)
      (shortcut): Sequential()
    )
    (16): BasicBlock(
      (conv1): SubScafConv2d(16, 16, kernel_size=(7, 7), stride=(1, 1), padding=(3, 3), bias=None)
      (bn1): BatchNorm2d(16, eps=1e-05, momentum=0.1, affine=True, track_running_stats=True)
      (conv2): SubScafConv2d(16, 16, kernel_size=(7, 7), stride=(1, 1), padding=(3, 3), bias=None)
      (bn2): BatchNorm2d(16, eps=1e-05, momentum=0.1, affine=True, track_running_stats=True)
      (shortcut): Sequential()
    )
    (17): BasicBlock(
      (conv1): SubScafConv2d(16, 16, kernel_size=(7, 7), stride=(1, 1), padding=(3, 3), bias=None)
      (bn1): BatchNorm2d(16, eps=1e-05, momentum=0.1, affine=True, track_running_stats=True)
      (conv2): SubScafConv2d(16, 16, kernel_size=(7, 7), stride=(1, 1), padding=(3, 3), bias=None)
      (bn2): BatchNorm2d(16, eps=1e-05, momentum=0.1, affine=True, track_running_stats=True)
      (shortcut): Sequential()
    )
  )
  (layer2): Sequential(
    (0): BasicBlock(
      (conv1): SubScafConv2d(32, 16, kernel_size=(7, 7), stride=(2, 2), padding=(3, 3), bias=None)
      (bn1): BatchNorm2d(32, eps=1e-05, momentum=0.1, affine=True, track_running_stats=True)
      (conv2): SubScafConv2d(32, 32, kernel_size=(7, 7), stride=(1, 1), padding=(3, 3), bias=None)
      (bn2): BatchNorm2d(32, eps=1e-05, momentum=0.1, affine=True, track_running_stats=True)
      (shortcut): LambdaLayer()
    )
    (1): BasicBlock(
      (conv1): SubScafConv2d(32, 32, kernel_size=(7, 7), stride=(1, 1), padding=(3, 3), bias=None)
      (bn1): BatchNorm2d(32, eps=1e-05, momentum=0.1, affine=True, track_running_stats=True)
      (conv2): SubScafConv2d(32, 32, kernel_size=(7, 7), stride=(1, 1), padding=(3, 3), bias=None)
      (bn2): BatchNorm2d(32, eps=1e-05, momentum=0.1, affine=True, track_running_stats=True)
      (shortcut): Sequential()
    )
    (2): BasicBlock(
      (conv1): SubScafConv2d(32, 32, kernel_size=(7, 7), stride=(1, 1), padding=(3, 3), bias=None)
      (bn1): BatchNorm2d(32, eps=1e-05, momentum=0.1, affine=True, track_running_stats=True)
      (conv2): SubScafConv2d(32, 32, kernel_size=(7, 7), stride=(1, 1), padding=(3, 3), bias=None)
      (bn2): BatchNorm2d(32, eps=1e-05, momentum=0.1, affine=True, track_running_stats=True)
      (shortcut): Sequential()
    )
    (3): BasicBlock(
      (conv1): SubScafConv2d(32, 32, kernel_size=(7, 7), stride=(1, 1), padding=(3, 3), bias=None)
      (bn1): BatchNorm2d(32, eps=1e-05, momentum=0.1, affine=True, track_running_stats=True)
      (conv2): SubScafConv2d(32, 32, kernel_size=(7, 7), stride=(1, 1), padding=(3, 3), bias=None)
      (bn2): BatchNorm2d(32, eps=1e-05, momentum=0.1, affine=True, track_running_stats=True)
      (shortcut): Sequential()
    )
    (4): BasicBlock(
      (conv1): SubScafConv2d(32, 32, kernel_size=(7, 7), stride=(1, 1), padding=(3, 3), bias=None)
      (bn1): BatchNorm2d(32, eps=1e-05, momentum=0.1, affine=True, track_running_stats=True)
      (conv2): SubScafConv2d(32, 32, kernel_size=(7, 7), stride=(1, 1), padding=(3, 3), bias=None)
      (bn2): BatchNorm2d(32, eps=1e-05, momentum=0.1, affine=True, track_running_stats=True)
      (shortcut): Sequential()
    )
    (5): BasicBlock(
      (conv1): SubScafConv2d(32, 32, kernel_size=(7, 7), stride=(1, 1), padding=(3, 3), bias=None)
      (bn1): BatchNorm2d(32, eps=1e-05, momentum=0.1, affine=True, track_running_stats=True)
      (conv2): SubScafConv2d(32, 32, kernel_size=(7, 7), stride=(1, 1), padding=(3, 3), bias=None)
      (bn2): BatchNorm2d(32, eps=1e-05, momentum=0.1, affine=True, track_running_stats=True)
      (shortcut): Sequential()
    )
    (6): BasicBlock(
      (conv1): SubScafConv2d(32, 32, kernel_size=(7, 7), stride=(1, 1), padding=(3, 3), bias=None)
      (bn1): BatchNorm2d(32, eps=1e-05, momentum=0.1, affine=True, track_running_stats=True)
      (conv2): SubScafConv2d(32, 32, kernel_size=(7, 7), stride=(1, 1), padding=(3, 3), bias=None)
      (bn2): BatchNorm2d(32, eps=1e-05, momentum=0.1, affine=True, track_running_stats=True)
      (shortcut): Sequential()
    )
    (7): BasicBlock(
      (conv1): SubScafConv2d(32, 32, kernel_size=(7, 7), stride=(1, 1), padding=(3, 3), bias=None)
      (bn1): BatchNorm2d(32, eps=1e-05, momentum=0.1, affine=True, track_running_stats=True)
      (conv2): SubScafConv2d(32, 32, kernel_size=(7, 7), stride=(1, 1), padding=(3, 3), bias=None)
      (bn2): BatchNorm2d(32, eps=1e-05, momentum=0.1, affine=True, track_running_stats=True)
      (shortcut): Sequential()
    )
    (8): BasicBlock(
      (conv1): SubScafConv2d(32, 32, kernel_size=(7, 7), stride=(1, 1), padding=(3, 3), bias=None)
      (bn1): BatchNorm2d(32, eps=1e-05, momentum=0.1, affine=True, track_running_stats=True)
      (conv2): SubScafConv2d(32, 32, kernel_size=(7, 7), stride=(1, 1), padding=(3, 3), bias=None)
      (bn2): BatchNorm2d(32, eps=1e-05, momentum=0.1, affine=True, track_running_stats=True)
      (shortcut): Sequential()
    )
    (9): BasicBlock(
      (conv1): SubScafConv2d(32, 32, kernel_size=(7, 7), stride=(1, 1), padding=(3, 3), bias=None)
      (bn1): BatchNorm2d(32, eps=1e-05, momentum=0.1, affine=True, track_running_stats=True)
      (conv2): SubScafConv2d(32, 32, kernel_size=(7, 7), stride=(1, 1), padding=(3, 3), bias=None)
      (bn2): BatchNorm2d(32, eps=1e-05, momentum=0.1, affine=True, track_running_stats=True)
      (shortcut): Sequential()
    )
    (10): BasicBlock(
      (conv1): SubScafConv2d(32, 32, kernel_size=(7, 7), stride=(1, 1), padding=(3, 3), bias=None)
      (bn1): BatchNorm2d(32, eps=1e-05, momentum=0.1, affine=True, track_running_stats=True)
      (conv2): SubScafConv2d(32, 32, kernel_size=(7, 7), stride=(1, 1), padding=(3, 3), bias=None)
      (bn2): BatchNorm2d(32, eps=1e-05, momentum=0.1, affine=True, track_running_stats=True)
      (shortcut): Sequential()
    )
    (11): BasicBlock(
      (conv1): SubScafConv2d(32, 32, kernel_size=(7, 7), stride=(1, 1), padding=(3, 3), bias=None)
      (bn1): BatchNorm2d(32, eps=1e-05, momentum=0.1, affine=True, track_running_stats=True)
      (conv2): SubScafConv2d(32, 32, kernel_size=(7, 7), stride=(1, 1), padding=(3, 3), bias=None)
      (bn2): BatchNorm2d(32, eps=1e-05, momentum=0.1, affine=True, track_running_stats=True)
      (shortcut): Sequential()
    )
    (12): BasicBlock(
      (conv1): SubScafConv2d(32, 32, kernel_size=(7, 7), stride=(1, 1), padding=(3, 3), bias=None)
      (bn1): BatchNorm2d(32, eps=1e-05, momentum=0.1, affine=True, track_running_stats=True)
      (conv2): SubScafConv2d(32, 32, kernel_size=(7, 7), stride=(1, 1), padding=(3, 3), bias=None)
      (bn2): BatchNorm2d(32, eps=1e-05, momentum=0.1, affine=True, track_running_stats=True)
      (shortcut): Sequential()
    )
    (13): BasicBlock(
      (conv1): SubScafConv2d(32, 32, kernel_size=(7, 7), stride=(1, 1), padding=(3, 3), bias=None)
      (bn1): BatchNorm2d(32, eps=1e-05, momentum=0.1, affine=True, track_running_stats=True)
      (conv2): SubScafConv2d(32, 32, kernel_size=(7, 7), stride=(1, 1), padding=(3, 3), bias=None)
      (bn2): BatchNorm2d(32, eps=1e-05, momentum=0.1, affine=True, track_running_stats=True)
      (shortcut): Sequential()
    )
    (14): BasicBlock(
      (conv1): SubScafConv2d(32, 32, kernel_size=(7, 7), stride=(1, 1), padding=(3, 3), bias=None)
      (bn1): BatchNorm2d(32, eps=1e-05, momentum=0.1, affine=True, track_running_stats=True)
      (conv2): SubScafConv2d(32, 32, kernel_size=(7, 7), stride=(1, 1), padding=(3, 3), bias=None)
      (bn2): BatchNorm2d(32, eps=1e-05, momentum=0.1, affine=True, track_running_stats=True)
      (shortcut): Sequential()
    )
    (15): BasicBlock(
      (conv1): SubScafConv2d(32, 32, kernel_size=(7, 7), stride=(1, 1), padding=(3, 3), bias=None)
      (bn1): BatchNorm2d(32, eps=1e-05, momentum=0.1, affine=True, track_running_stats=True)
      (conv2): SubScafConv2d(32, 32, kernel_size=(7, 7), stride=(1, 1), padding=(3, 3), bias=None)
      (bn2): BatchNorm2d(32, eps=1e-05, momentum=0.1, affine=True, track_running_stats=True)
      (shortcut): Sequential()
    )
    (16): BasicBlock(
      (conv1): SubScafConv2d(32, 32, kernel_size=(7, 7), stride=(1, 1), padding=(3, 3), bias=None)
      (bn1): BatchNorm2d(32, eps=1e-05, momentum=0.1, affine=True, track_running_stats=True)
      (conv2): SubScafConv2d(32, 32, kernel_size=(7, 7), stride=(1, 1), padding=(3, 3), bias=None)
      (bn2): BatchNorm2d(32, eps=1e-05, momentum=0.1, affine=True, track_running_stats=True)
      (shortcut): Sequential()
    )
    (17): BasicBlock(
      (conv1): SubScafConv2d(32, 32, kernel_size=(7, 7), stride=(1, 1), padding=(3, 3), bias=None)
      (bn1): BatchNorm2d(32, eps=1e-05, momentum=0.1, affine=True, track_running_stats=True)
      (conv2): SubScafConv2d(32, 32, kernel_size=(7, 7), stride=(1, 1), padding=(3, 3), bias=None)
      (bn2): BatchNorm2d(32, eps=1e-05, momentum=0.1, affine=True, track_running_stats=True)
      (shortcut): Sequential()
    )
  )
  (layer3): Sequential(
    (0): BasicBlock(
      (conv1): SubScafConv2d(64, 32, kernel_size=(7, 7), stride=(2, 2), padding=(3, 3), bias=None)
      (bn1): BatchNorm2d(64, eps=1e-05, momentum=0.1, affine=True, track_running_stats=True)
      (conv2): SubScafConv2d(64, 64, kernel_size=(7, 7), stride=(1, 1), padding=(3, 3), bias=None)
      (bn2): BatchNorm2d(64, eps=1e-05, momentum=0.1, affine=True, track_running_stats=True)
      (shortcut): LambdaLayer()
    )
    (1): BasicBlock(
      (conv1): SubScafConv2d(64, 64, kernel_size=(7, 7), stride=(1, 1), padding=(3, 3), bias=None)
      (bn1): BatchNorm2d(64, eps=1e-05, momentum=0.1, affine=True, track_running_stats=True)
      (conv2): SubScafConv2d(64, 64, kernel_size=(7, 7), stride=(1, 1), padding=(3, 3), bias=None)
      (bn2): BatchNorm2d(64, eps=1e-05, momentum=0.1, affine=True, track_running_stats=True)
      (shortcut): Sequential()
    )
    (2): BasicBlock(
      (conv1): SubScafConv2d(64, 64, kernel_size=(7, 7), stride=(1, 1), padding=(3, 3), bias=None)
      (bn1): BatchNorm2d(64, eps=1e-05, momentum=0.1, affine=True, track_running_stats=True)
      (conv2): SubScafConv2d(64, 64, kernel_size=(7, 7), stride=(1, 1), padding=(3, 3), bias=None)
      (bn2): BatchNorm2d(64, eps=1e-05, momentum=0.1, affine=True, track_running_stats=True)
      (shortcut): Sequential()
    )
    (3): BasicBlock(
      (conv1): SubScafConv2d(64, 64, kernel_size=(7, 7), stride=(1, 1), padding=(3, 3), bias=None)
      (bn1): BatchNorm2d(64, eps=1e-05, momentum=0.1, affine=True, track_running_stats=True)
      (conv2): SubScafConv2d(64, 64, kernel_size=(7, 7), stride=(1, 1), padding=(3, 3), bias=None)
      (bn2): BatchNorm2d(64, eps=1e-05, momentum=0.1, affine=True, track_running_stats=True)
      (shortcut): Sequential()
    )
    (4): BasicBlock(
      (conv1): SubScafConv2d(64, 64, kernel_size=(7, 7), stride=(1, 1), padding=(3, 3), bias=None)
      (bn1): BatchNorm2d(64, eps=1e-05, momentum=0.1, affine=True, track_running_stats=True)
      (conv2): SubScafConv2d(64, 64, kernel_size=(7, 7), stride=(1, 1), padding=(3, 3), bias=None)
      (bn2): BatchNorm2d(64, eps=1e-05, momentum=0.1, affine=True, track_running_stats=True)
      (shortcut): Sequential()
    )
    (5): BasicBlock(
      (conv1): SubScafConv2d(64, 64, kernel_size=(7, 7), stride=(1, 1), padding=(3, 3), bias=None)
      (bn1): BatchNorm2d(64, eps=1e-05, momentum=0.1, affine=True, track_running_stats=True)
      (conv2): SubScafConv2d(64, 64, kernel_size=(7, 7), stride=(1, 1), padding=(3, 3), bias=None)
      (bn2): BatchNorm2d(64, eps=1e-05, momentum=0.1, affine=True, track_running_stats=True)
      (shortcut): Sequential()
    )
    (6): BasicBlock(
      (conv1): SubScafConv2d(64, 64, kernel_size=(7, 7), stride=(1, 1), padding=(3, 3), bias=None)
      (bn1): BatchNorm2d(64, eps=1e-05, momentum=0.1, affine=True, track_running_stats=True)
      (conv2): SubScafConv2d(64, 64, kernel_size=(7, 7), stride=(1, 1), padding=(3, 3), bias=None)
      (bn2): BatchNorm2d(64, eps=1e-05, momentum=0.1, affine=True, track_running_stats=True)
      (shortcut): Sequential()
    )
    (7): BasicBlock(
      (conv1): SubScafConv2d(64, 64, kernel_size=(7, 7), stride=(1, 1), padding=(3, 3), bias=None)
      (bn1): BatchNorm2d(64, eps=1e-05, momentum=0.1, affine=True, track_running_stats=True)
      (conv2): SubScafConv2d(64, 64, kernel_size=(7, 7), stride=(1, 1), padding=(3, 3), bias=None)
      (bn2): BatchNorm2d(64, eps=1e-05, momentum=0.1, affine=True, track_running_stats=True)
      (shortcut): Sequential()
    )
    (8): BasicBlock(
      (conv1): SubScafConv2d(64, 64, kernel_size=(7, 7), stride=(1, 1), padding=(3, 3), bias=None)
      (bn1): BatchNorm2d(64, eps=1e-05, momentum=0.1, affine=True, track_running_stats=True)
      (conv2): SubScafConv2d(64, 64, kernel_size=(7, 7), stride=(1, 1), padding=(3, 3), bias=None)
      (bn2): BatchNorm2d(64, eps=1e-05, momentum=0.1, affine=True, track_running_stats=True)
      (shortcut): Sequential()
    )
    (9): BasicBlock(
      (conv1): SubScafConv2d(64, 64, kernel_size=(7, 7), stride=(1, 1), padding=(3, 3), bias=None)
      (bn1): BatchNorm2d(64, eps=1e-05, momentum=0.1, affine=True, track_running_stats=True)
      (conv2): SubScafConv2d(64, 64, kernel_size=(7, 7), stride=(1, 1), padding=(3, 3), bias=None)
      (bn2): BatchNorm2d(64, eps=1e-05, momentum=0.1, affine=True, track_running_stats=True)
      (shortcut): Sequential()
    )
    (10): BasicBlock(
      (conv1): SubScafConv2d(64, 64, kernel_size=(7, 7), stride=(1, 1), padding=(3, 3), bias=None)
      (bn1): BatchNorm2d(64, eps=1e-05, momentum=0.1, affine=True, track_running_stats=True)
      (conv2): SubScafConv2d(64, 64, kernel_size=(7, 7), stride=(1, 1), padding=(3, 3), bias=None)
      (bn2): BatchNorm2d(64, eps=1e-05, momentum=0.1, affine=True, track_running_stats=True)
      (shortcut): Sequential()
    )
    (11): BasicBlock(
      (conv1): SubScafConv2d(64, 64, kernel_size=(7, 7), stride=(1, 1), padding=(3, 3), bias=None)
      (bn1): BatchNorm2d(64, eps=1e-05, momentum=0.1, affine=True, track_running_stats=True)
      (conv2): SubScafConv2d(64, 64, kernel_size=(7, 7), stride=(1, 1), padding=(3, 3), bias=None)
      (bn2): BatchNorm2d(64, eps=1e-05, momentum=0.1, affine=True, track_running_stats=True)
      (shortcut): Sequential()
    )
    (12): BasicBlock(
      (conv1): SubScafConv2d(64, 64, kernel_size=(7, 7), stride=(1, 1), padding=(3, 3), bias=None)
      (bn1): BatchNorm2d(64, eps=1e-05, momentum=0.1, affine=True, track_running_stats=True)
      (conv2): SubScafConv2d(64, 64, kernel_size=(7, 7), stride=(1, 1), padding=(3, 3), bias=None)
      (bn2): BatchNorm2d(64, eps=1e-05, momentum=0.1, affine=True, track_running_stats=True)
      (shortcut): Sequential()
    )
    (13): BasicBlock(
      (conv1): SubScafConv2d(64, 64, kernel_size=(7, 7), stride=(1, 1), padding=(3, 3), bias=None)
      (bn1): BatchNorm2d(64, eps=1e-05, momentum=0.1, affine=True, track_running_stats=True)
      (conv2): SubScafConv2d(64, 64, kernel_size=(7, 7), stride=(1, 1), padding=(3, 3), bias=None)
      (bn2): BatchNorm2d(64, eps=1e-05, momentum=0.1, affine=True, track_running_stats=True)
      (shortcut): Sequential()
    )
    (14): BasicBlock(
      (conv1): SubScafConv2d(64, 64, kernel_size=(7, 7), stride=(1, 1), padding=(3, 3), bias=None)
      (bn1): BatchNorm2d(64, eps=1e-05, momentum=0.1, affine=True, track_running_stats=True)
      (conv2): SubScafConv2d(64, 64, kernel_size=(7, 7), stride=(1, 1), padding=(3, 3), bias=None)
      (bn2): BatchNorm2d(64, eps=1e-05, momentum=0.1, affine=True, track_running_stats=True)
      (shortcut): Sequential()
    )
    (15): BasicBlock(
      (conv1): SubScafConv2d(64, 64, kernel_size=(7, 7), stride=(1, 1), padding=(3, 3), bias=None)
      (bn1): BatchNorm2d(64, eps=1e-05, momentum=0.1, affine=True, track_running_stats=True)
      (conv2): SubScafConv2d(64, 64, kernel_size=(7, 7), stride=(1, 1), padding=(3, 3), bias=None)
      (bn2): BatchNorm2d(64, eps=1e-05, momentum=0.1, affine=True, track_running_stats=True)
      (shortcut): Sequential()
    )
    (16): BasicBlock(
      (conv1): SubScafConv2d(64, 64, kernel_size=(7, 7), stride=(1, 1), padding=(3, 3), bias=None)
      (bn1): BatchNorm2d(64, eps=1e-05, momentum=0.1, affine=True, track_running_stats=True)
      (conv2): SubScafConv2d(64, 64, kernel_size=(7, 7), stride=(1, 1), padding=(3, 3), bias=None)
      (bn2): BatchNorm2d(64, eps=1e-05, momentum=0.1, affine=True, track_running_stats=True)
      (shortcut): Sequential()
    )
    (17): BasicBlock(
      (conv1): SubScafConv2d(64, 64, kernel_size=(7, 7), stride=(1, 1), padding=(3, 3), bias=None)
      (bn1): BatchNorm2d(64, eps=1e-05, momentum=0.1, affine=True, track_running_stats=True)
      (conv2): SubScafConv2d(64, 64, kernel_size=(7, 7), stride=(1, 1), padding=(3, 3), bias=None)
      (bn2): BatchNorm2d(64, eps=1e-05, momentum=0.1, affine=True, track_running_stats=True)
      (shortcut): Sequential()
    )
  )
  (linear): Linear(in_features=64, out_features=100, bias=True)
)

2025-06-29 12:09:38.756 | INFO     | utils.common:log:12 - Total params: 9.37M
2025-06-29 12:09:38.756 | INFO     | utils.common:log:12 - Trainable params before compression: 9.37M
2025-06-29 12:09:38.757 | INFO     | utils.common:log:12 - Trainable params after compression: 9.37M
2025-06-29 12:09:38.757 | INFO     | utils.common:log:12 - Total params with Subspace Scaffold enabled: 9.36M
2025-06-29 12:09:38.757 | INFO     | utils.common:log:12 - current lr 0.00000e+00
2025-06-29 12:09:40.002 | INFO     | utils.common:log:12 - Epoch: [0][0/391]	Loss: 12.6874	Prec@5: 12.500	lr: 0.0010
2025-06-29 12:09:40.781 | INFO     | utils.common:log:12 - Epoch: [0][10/391]	Loss: 9.6080	Prec@5: 7.386	lr: 0.0110
2025-06-29 12:09:41.551 | INFO     | utils.common:log:12 - Epoch: [0][20/391]	Loss: 8.4467	Prec@5: 8.333	lr: 0.0210
2025-06-29 12:09:42.286 | INFO     | utils.common:log:12 - Epoch: [0][30/391]	Loss: 7.5992	Prec@5: 9.526	lr: 0.0310
2025-06-29 12:09:43.052 | INFO     | utils.common:log:12 - Epoch: [0][40/391]	Loss: 7.0037	Prec@5: 10.213	lr: 0.0410
2025-06-29 12:09:43.839 | INFO     | utils.common:log:12 - Epoch: [0][50/391]	Loss: 6.5471	Prec@5: 11.275	lr: 0.0510
2025-06-29 12:09:44.587 | INFO     | utils.common:log:12 - Epoch: [0][60/391]	Loss: 6.1823	Prec@5: 11.936	lr: 0.0610
2025-06-29 12:09:45.325 | INFO     | utils.common:log:12 - Epoch: [0][70/391]	Loss: 5.8973	Prec@5: 12.808	lr: 0.0710
2025-06-29 12:09:46.063 | INFO     | utils.common:log:12 - Epoch: [0][80/391]	Loss: 5.7151	Prec@5: 13.059	lr: 0.0810
2025-06-29 12:09:46.813 | INFO     | utils.common:log:12 - Epoch: [0][90/391]	Loss: 5.5403	Prec@5: 13.496	lr: 0.0910
2025-06-29 12:09:47.592 | INFO     | utils.common:log:12 - Epoch: [0][100/391]	Loss: 5.3959	Prec@5: 13.861	lr: 0.1000
2025-06-29 12:09:48.349 | INFO     | utils.common:log:12 - Epoch: [0][110/391]	Loss: 5.2633	Prec@5: 14.654	lr: 0.1000
2025-06-29 12:09:49.095 | INFO     | utils.common:log:12 - Epoch: [0][120/391]	Loss: 5.1415	Prec@5: 15.470	lr: 0.1000
2025-06-29 12:09:49.862 | INFO     | utils.common:log:12 - Epoch: [0][130/391]	Loss: 5.0411	Prec@5: 16.174	lr: 0.1000
2025-06-29 12:09:50.600 | INFO     | utils.common:log:12 - Epoch: [0][140/391]	Loss: 4.9473	Prec@5: 17.010	lr: 0.1000
2025-06-29 12:09:51.336 | INFO     | utils.common:log:12 - Epoch: [0][150/391]	Loss: 4.8649	Prec@5: 17.736	lr: 0.1000
2025-06-29 12:09:52.086 | INFO     | utils.common:log:12 - Epoch: [0][160/391]	Loss: 4.7916	Prec@5: 18.459	lr: 0.1000
2025-06-29 12:09:52.834 | INFO     | utils.common:log:12 - Epoch: [0][170/391]	Loss: 4.7208	Prec@5: 19.207	lr: 0.1000
2025-06-29 12:09:53.583 | INFO     | utils.common:log:12 - Epoch: [0][180/391]	Loss: 4.6604	Prec@5: 20.036	lr: 0.1000
2025-06-29 12:09:54.326 | INFO     | utils.common:log:12 - Epoch: [0][190/391]	Loss: 4.6024	Prec@5: 20.779	lr: 0.1000
2025-06-29 12:09:55.078 | INFO     | utils.common:log:12 - Epoch: [0][200/391]	Loss: 4.5493	Prec@5: 21.447	lr: 0.1000
2025-06-29 12:09:55.824 | INFO     | utils.common:log:12 - Epoch: [0][210/391]	Loss: 4.4990	Prec@5: 22.112	lr: 0.1000
2025-06-29 12:09:56.572 | INFO     | utils.common:log:12 - Epoch: [0][220/391]	Loss: 4.4495	Prec@5: 22.815	lr: 0.1000
2025-06-29 12:09:57.317 | INFO     | utils.common:log:12 - Epoch: [0][230/391]	Loss: 4.4038	Prec@5: 23.546	lr: 0.1000
2025-06-29 12:09:58.065 | INFO     | utils.common:log:12 - Epoch: [0][240/391]	Loss: 4.3630	Prec@5: 24.170	lr: 0.0999
2025-06-29 12:09:58.811 | INFO     | utils.common:log:12 - Epoch: [0][250/391]	Loss: 4.3233	Prec@5: 24.844	lr: 0.0999
2025-06-29 12:09:59.557 | INFO     | utils.common:log:12 - Epoch: [0][260/391]	Loss: 4.2856	Prec@5: 25.509	lr: 0.0999
2025-06-29 12:10:00.309 | INFO     | utils.common:log:12 - Epoch: [0][270/391]	Loss: 4.2497	Prec@5: 26.153	lr: 0.0999
2025-06-29 12:10:01.054 | INFO     | utils.common:log:12 - Epoch: [0][280/391]	Loss: 4.2137	Prec@5: 26.807	lr: 0.0999
2025-06-29 12:10:01.844 | INFO     | utils.common:log:12 - Epoch: [0][290/391]	Loss: 4.1849	Prec@5: 27.309	lr: 0.0999
2025-06-29 12:10:02.621 | INFO     | utils.common:log:12 - Epoch: [0][300/391]	Loss: 4.1565	Prec@5: 27.762	lr: 0.0999
2025-06-29 12:10:03.402 | INFO     | utils.common:log:12 - Epoch: [0][310/391]	Loss: 4.1285	Prec@5: 28.296	lr: 0.0999
2025-06-29 12:10:04.159 | INFO     | utils.common:log:12 - Epoch: [0][320/391]	Loss: 4.0997	Prec@5: 28.855	lr: 0.0999
2025-06-29 12:10:04.916 | INFO     | utils.common:log:12 - Epoch: [0][330/391]	Loss: 4.0764	Prec@5: 29.211	lr: 0.0999
2025-06-29 12:10:05.663 | INFO     | utils.common:log:12 - Epoch: [0][340/391]	Loss: 4.0509	Prec@5: 29.628	lr: 0.0999
2025-06-29 12:10:06.405 | INFO     | utils.common:log:12 - Epoch: [0][350/391]	Loss: 4.0254	Prec@5: 30.110	lr: 0.0998
2025-06-29 12:10:07.153 | INFO     | utils.common:log:12 - Epoch: [0][360/391]	Loss: 4.0036	Prec@5: 30.523	lr: 0.0998
2025-06-29 12:10:07.895 | INFO     | utils.common:log:12 - Epoch: [0][370/391]	Loss: 3.9844	Prec@5: 30.905	lr: 0.0998
2025-06-29 12:10:08.649 | INFO     | utils.common:log:12 - Epoch: [0][380/391]	Loss: 3.9634	Prec@5: 31.316	lr: 0.0998
2025-06-29 12:10:09.626 | INFO     | utils.common:log:12 - Epoch: [0][390/391]	Loss: 3.9412	Prec@5: 31.740	lr: 0.0998
2025-06-29 12:10:09.933 | INFO     | utils.common:log:12 - Test: [0/40]	Time: 0.253 (0.253)	Loss: 3.1737	Prec@5: 53.906
2025-06-29 12:10:10.166 | INFO     | utils.common:log:12 - Test: [10/40]	Time: 0.022 (0.044)	Loss: 3.2573	Prec@5: 47.940
2025-06-29 12:10:10.406 | INFO     | utils.common:log:12 - Test: [20/40]	Time: 0.018 (0.035)	Loss: 3.2319	Prec@5: 48.214
2025-06-29 12:10:10.638 | INFO     | utils.common:log:12 - Test: [30/40]	Time: 0.022 (0.031)	Loss: 3.2519	Prec@5: 47.329
2025-06-29 12:10:10.946 | INFO     | utils.common:log:12 -  * Prec@5 47.560
2025-06-29 12:10:10.946 | INFO     | utils.common:log:12 - current lr 9.97870e-02
2025-06-29 12:10:11.175 | INFO     | utils.common:log:12 - Epoch: [1][0/391]	Loss: 3.2543	Prec@5: 42.188	lr: 0.0998
2025-06-29 12:10:11.959 | INFO     | utils.common:log:12 - Epoch: [1][10/391]	Loss: 3.1471	Prec@5: 45.597	lr: 0.0998
2025-06-29 12:10:12.737 | INFO     | utils.common:log:12 - Epoch: [1][20/391]	Loss: 3.1483	Prec@5: 48.586	lr: 0.0998
2025-06-29 12:10:13.564 | INFO     | utils.common:log:12 - Epoch: [1][30/391]	Loss: 3.1180	Prec@5: 48.992	lr: 0.0997
2025-06-29 12:10:14.326 | INFO     | utils.common:log:12 - Epoch: [1][40/391]	Loss: 3.1126	Prec@5: 48.933	lr: 0.0997
2025-06-29 12:10:15.065 | INFO     | utils.common:log:12 - Epoch: [1][50/391]	Loss: 3.1195	Prec@5: 48.866	lr: 0.0997
2025-06-29 12:10:15.819 | INFO     | utils.common:log:12 - Epoch: [1][60/391]	Loss: 3.1188	Prec@5: 48.975	lr: 0.0997
2025-06-29 12:10:16.551 | INFO     | utils.common:log:12 - Epoch: [1][70/391]	Loss: 3.1113	Prec@5: 49.120	lr: 0.0997
2025-06-29 12:10:17.286 | INFO     | utils.common:log:12 - Epoch: [1][80/391]	Loss: 3.1111	Prec@5: 49.267	lr: 0.0997
2025-06-29 12:10:18.013 | INFO     | utils.common:log:12 - Epoch: [1][90/391]	Loss: 3.1033	Prec@5: 49.468	lr: 0.0996
2025-06-29 12:10:18.741 | INFO     | utils.common:log:12 - Epoch: [1][100/391]	Loss: 3.0853	Prec@5: 50.155	lr: 0.0996
2025-06-29 12:10:19.467 | INFO     | utils.common:log:12 - Epoch: [1][110/391]	Loss: 3.0840	Prec@5: 50.169	lr: 0.0996
2025-06-29 12:10:20.200 | INFO     | utils.common:log:12 - Epoch: [1][120/391]	Loss: 3.0735	Prec@5: 50.362	lr: 0.0996
2025-06-29 12:10:20.928 | INFO     | utils.common:log:12 - Epoch: [1][130/391]	Loss: 3.0762	Prec@5: 50.274	lr: 0.0996
2025-06-29 12:10:21.684 | INFO     | utils.common:log:12 - Epoch: [1][140/391]	Loss: 3.0681	Prec@5: 50.510	lr: 0.0995
2025-06-29 12:10:22.449 | INFO     | utils.common:log:12 - Epoch: [1][150/391]	Loss: 3.0614	Prec@5: 50.735	lr: 0.0995
2025-06-29 12:10:23.203 | INFO     | utils.common:log:12 - Epoch: [1][160/391]	Loss: 3.0584	Prec@5: 50.912	lr: 0.0995
2025-06-29 12:10:24.004 | INFO     | utils.common:log:12 - Epoch: [1][170/391]	Loss: 3.0541	Prec@5: 50.895	lr: 0.0995
2025-06-29 12:10:24.762 | INFO     | utils.common:log:12 - Epoch: [1][180/391]	Loss: 3.0479	Prec@5: 51.001	lr: 0.0994
2025-06-29 12:10:25.497 | INFO     | utils.common:log:12 - Epoch: [1][190/391]	Loss: 3.0428	Prec@5: 51.203	lr: 0.0994
2025-06-29 12:10:26.234 | INFO     | utils.common:log:12 - Epoch: [1][200/391]	Loss: 3.0394	Prec@5: 51.360	lr: 0.0994
2025-06-29 12:10:27.012 | INFO     | utils.common:log:12 - Epoch: [1][210/391]	Loss: 3.0376	Prec@5: 51.474	lr: 0.0994
2025-06-29 12:10:27.758 | INFO     | utils.common:log:12 - Epoch: [1][220/391]	Loss: 3.0319	Prec@5: 51.605	lr: 0.0993
2025-06-29 12:10:28.506 | INFO     | utils.common:log:12 - Epoch: [1][230/391]	Loss: 3.0250	Prec@5: 51.813	lr: 0.0993
2025-06-29 12:10:29.255 | INFO     | utils.common:log:12 - Epoch: [1][240/391]	Loss: 3.0210	Prec@5: 51.809	lr: 0.0993
2025-06-29 12:10:30.025 | INFO     | utils.common:log:12 - Epoch: [1][250/391]	Loss: 3.0151	Prec@5: 51.961	lr: 0.0993
2025-06-29 12:10:30.760 | INFO     | utils.common:log:12 - Epoch: [1][260/391]	Loss: 3.0061	Prec@5: 52.185	lr: 0.0992
2025-06-29 12:10:31.504 | INFO     | utils.common:log:12 - Epoch: [1][270/391]	Loss: 2.9984	Prec@5: 52.358	lr: 0.0992
2025-06-29 12:10:32.249 | INFO     | utils.common:log:12 - Epoch: [1][280/391]	Loss: 2.9901	Prec@5: 52.641	lr: 0.0992
2025-06-29 12:10:33.085 | INFO     | utils.common:log:12 - Epoch: [1][290/391]	Loss: 2.9870	Prec@5: 52.685	lr: 0.0991
2025-06-29 12:10:33.821 | INFO     | utils.common:log:12 - Epoch: [1][300/391]	Loss: 2.9808	Prec@5: 52.850	lr: 0.0991
2025-06-29 12:10:34.590 | INFO     | utils.common:log:12 - Epoch: [1][310/391]	Loss: 2.9772	Prec@5: 52.969	lr: 0.0991
2025-06-29 12:10:35.404 | INFO     | utils.common:log:12 - Epoch: [1][320/391]	Loss: 2.9684	Prec@5: 53.203	lr: 0.0991
2025-06-29 12:10:36.145 | INFO     | utils.common:log:12 - Epoch: [1][330/391]	Loss: 2.9665	Prec@5: 53.267	lr: 0.0990
2025-06-29 12:10:36.890 | INFO     | utils.common:log:12 - Epoch: [1][340/391]	Loss: 2.9599	Prec@5: 53.437	lr: 0.0990
2025-06-29 12:10:37.647 | INFO     | utils.common:log:12 - Epoch: [1][350/391]	Loss: 2.9513	Prec@5: 53.632	lr: 0.0990
2025-06-29 12:10:38.398 | INFO     | utils.common:log:12 - Epoch: [1][360/391]	Loss: 2.9469	Prec@5: 53.761	lr: 0.0989
2025-06-29 12:10:39.181 | INFO     | utils.common:log:12 - Epoch: [1][370/391]	Loss: 2.9450	Prec@5: 53.820	lr: 0.0989
2025-06-29 12:10:39.938 | INFO     | utils.common:log:12 - Epoch: [1][380/391]	Loss: 2.9411	Prec@5: 53.962	lr: 0.0989
2025-06-29 12:10:40.661 | INFO     | utils.common:log:12 - Epoch: [1][390/391]	Loss: 2.9355	Prec@5: 54.148	lr: 0.0988
2025-06-29 12:10:40.871 | INFO     | utils.common:log:12 - Test: [0/40]	Time: 0.154 (0.154)	Loss: 2.8109	Prec@5: 56.250
2025-06-29 12:10:41.103 | INFO     | utils.common:log:12 - Test: [10/40]	Time: 0.020 (0.035)	Loss: 3.0121	Prec@5: 54.901
2025-06-29 12:10:41.349 | INFO     | utils.common:log:12 - Test: [20/40]	Time: 0.018 (0.030)	Loss: 3.0062	Prec@5: 54.762
2025-06-29 12:10:41.591 | INFO     | utils.common:log:12 - Test: [30/40]	Time: 0.022 (0.028)	Loss: 3.0448	Prec@5: 53.957
2025-06-29 12:10:41.860 | INFO     | utils.common:log:12 -  * Prec@5 54.100
2025-06-29 12:10:41.860 | INFO     | utils.common:log:12 - current lr 9.88338e-02
2025-06-29 12:10:42.064 | INFO     | utils.common:log:12 - Epoch: [2][0/391]	Loss: 2.7550	Prec@5: 54.688	lr: 0.0988
2025-06-29 12:10:42.816 | INFO     | utils.common:log:12 - Epoch: [2][10/391]	Loss: 2.7895	Prec@5: 55.256	lr: 0.0988
2025-06-29 12:10:43.571 | INFO     | utils.common:log:12 - Epoch: [2][20/391]	Loss: 2.7854	Prec@5: 58.185	lr: 0.0988
2025-06-29 12:10:44.314 | INFO     | utils.common:log:12 - Epoch: [2][30/391]	Loss: 2.7432	Prec@5: 59.526	lr: 0.0987
2025-06-29 12:10:45.047 | INFO     | utils.common:log:12 - Epoch: [2][40/391]	Loss: 2.7475	Prec@5: 59.947	lr: 0.0987
2025-06-29 12:10:45.802 | INFO     | utils.common:log:12 - Epoch: [2][50/391]	Loss: 2.7471	Prec@5: 59.865	lr: 0.0987
2025-06-29 12:10:46.539 | INFO     | utils.common:log:12 - Epoch: [2][60/391]	Loss: 2.7470	Prec@5: 59.913	lr: 0.0986
2025-06-29 12:10:47.278 | INFO     | utils.common:log:12 - Epoch: [2][70/391]	Loss: 2.7411	Prec@5: 60.167	lr: 0.0986
2025-06-29 12:10:48.005 | INFO     | utils.common:log:12 - Epoch: [2][80/391]	Loss: 2.7423	Prec@5: 60.089	lr: 0.0985
2025-06-29 12:10:48.736 | INFO     | utils.common:log:12 - Epoch: [2][90/391]	Loss: 2.7302	Prec@5: 60.302	lr: 0.0985
2025-06-29 12:10:49.466 | INFO     | utils.common:log:12 - Epoch: [2][100/391]	Loss: 2.7184	Prec@5: 60.845	lr: 0.0985
2025-06-29 12:10:50.202 | INFO     | utils.common:log:12 - Epoch: [2][110/391]	Loss: 2.7187	Prec@5: 60.797	lr: 0.0984
2025-06-29 12:10:50.968 | INFO     | utils.common:log:12 - Epoch: [2][120/391]	Loss: 2.7063	Prec@5: 60.925	lr: 0.0984
2025-06-29 12:10:51.724 | INFO     | utils.common:log:12 - Epoch: [2][130/391]	Loss: 2.7072	Prec@5: 60.961	lr: 0.0983
2025-06-29 12:10:52.483 | INFO     | utils.common:log:12 - Epoch: [2][140/391]	Loss: 2.7036	Prec@5: 60.993	lr: 0.0983
2025-06-29 12:10:53.215 | INFO     | utils.common:log:12 - Epoch: [2][150/391]	Loss: 2.6951	Prec@5: 61.238	lr: 0.0983
2025-06-29 12:10:53.945 | INFO     | utils.common:log:12 - Epoch: [2][160/391]	Loss: 2.6905	Prec@5: 61.374	lr: 0.0982
2025-06-29 12:10:54.675 | INFO     | utils.common:log:12 - Epoch: [2][170/391]	Loss: 2.6908	Prec@5: 61.367	lr: 0.0982
2025-06-29 12:10:55.407 | INFO     | utils.common:log:12 - Epoch: [2][180/391]	Loss: 2.6864	Prec@5: 61.378	lr: 0.0981
2025-06-29 12:10:56.136 | INFO     | utils.common:log:12 - Epoch: [2][190/391]	Loss: 2.6838	Prec@5: 61.518	lr: 0.0981
2025-06-29 12:10:56.871 | INFO     | utils.common:log:12 - Epoch: [2][200/391]	Loss: 2.6820	Prec@5: 61.629	lr: 0.0981
2025-06-29 12:10:57.618 | INFO     | utils.common:log:12 - Epoch: [2][210/391]	Loss: 2.6759	Prec@5: 61.774	lr: 0.0980
2025-06-29 12:10:58.383 | INFO     | utils.common:log:12 - Epoch: [2][220/391]	Loss: 2.6720	Prec@5: 61.984	lr: 0.0980
2025-06-29 12:10:59.144 | INFO     | utils.common:log:12 - Epoch: [2][230/391]	Loss: 2.6635	Prec@5: 62.175	lr: 0.0979
2025-06-29 12:10:59.915 | INFO     | utils.common:log:12 - Epoch: [2][240/391]	Loss: 2.6613	Prec@5: 62.254	lr: 0.0979
2025-06-29 12:11:00.661 | INFO     | utils.common:log:12 - Epoch: [2][250/391]	Loss: 2.6554	Prec@5: 62.375	lr: 0.0978
2025-06-29 12:11:01.412 | INFO     | utils.common:log:12 - Epoch: [2][260/391]	Loss: 2.6487	Prec@5: 62.542	lr: 0.0978
2025-06-29 12:11:02.169 | INFO     | utils.common:log:12 - Epoch: [2][270/391]	Loss: 2.6427	Prec@5: 62.581	lr: 0.0977
2025-06-29 12:11:02.930 | INFO     | utils.common:log:12 - Epoch: [2][280/391]	Loss: 2.6349	Prec@5: 62.722	lr: 0.0977
2025-06-29 12:11:03.719 | INFO     | utils.common:log:12 - Epoch: [2][290/391]	Loss: 2.6326	Prec@5: 62.838	lr: 0.0976
2025-06-29 12:11:04.467 | INFO     | utils.common:log:12 - Epoch: [2][300/391]	Loss: 2.6277	Prec@5: 62.967	lr: 0.0976
2025-06-29 12:11:05.254 | INFO     | utils.common:log:12 - Epoch: [2][310/391]	Loss: 2.6254	Prec@5: 63.033	lr: 0.0975
2025-06-29 12:11:06.026 | INFO     | utils.common:log:12 - Epoch: [2][320/391]	Loss: 2.6186	Prec@5: 63.206	lr: 0.0975
2025-06-29 12:11:06.795 | INFO     | utils.common:log:12 - Epoch: [2][330/391]	Loss: 2.6183	Prec@5: 63.213	lr: 0.0974
2025-06-29 12:11:07.564 | INFO     | utils.common:log:12 - Epoch: [2][340/391]	Loss: 2.6147	Prec@5: 63.251	lr: 0.0974
2025-06-29 12:11:08.309 | INFO     | utils.common:log:12 - Epoch: [2][350/391]	Loss: 2.6085	Prec@5: 63.364	lr: 0.0973
2025-06-29 12:11:09.089 | INFO     | utils.common:log:12 - Epoch: [2][360/391]	Loss: 2.6070	Prec@5: 63.413	lr: 0.0973
2025-06-29 12:11:09.852 | INFO     | utils.common:log:12 - Epoch: [2][370/391]	Loss: 2.6060	Prec@5: 63.384	lr: 0.0972
2025-06-29 12:11:10.580 | INFO     | utils.common:log:12 - Epoch: [2][380/391]	Loss: 2.6050	Prec@5: 63.390	lr: 0.0972
2025-06-29 12:11:11.330 | INFO     | utils.common:log:12 - Epoch: [2][390/391]	Loss: 2.6004	Prec@5: 63.492	lr: 0.0971
2025-06-29 12:11:11.539 | INFO     | utils.common:log:12 - Test: [0/40]	Time: 0.153 (0.153)	Loss: 2.9232	Prec@5: 58.594
2025-06-29 12:11:11.791 | INFO     | utils.common:log:12 - Test: [10/40]	Time: 0.029 (0.037)	Loss: 2.9740	Prec@5: 56.605
2025-06-29 12:11:12.035 | INFO     | utils.common:log:12 - Test: [20/40]	Time: 0.025 (0.031)	Loss: 2.9615	Prec@5: 57.180
2025-06-29 12:11:12.280 | INFO     | utils.common:log:12 - Test: [30/40]	Time: 0.021 (0.029)	Loss: 2.9879	Prec@5: 56.502
2025-06-29 12:11:12.566 | INFO     | utils.common:log:12 -  * Prec@5 56.600
2025-06-29 12:11:12.566 | INFO     | utils.common:log:12 - current lr 9.71300e-02
2025-06-29 12:11:12.785 | INFO     | utils.common:log:12 - Epoch: [3][0/391]	Loss: 2.6126	Prec@5: 57.812	lr: 0.0971
2025-06-29 12:11:13.548 | INFO     | utils.common:log:12 - Epoch: [3][10/391]	Loss: 2.5163	Prec@5: 63.494	lr: 0.0971
2025-06-29 12:11:14.343 | INFO     | utils.common:log:12 - Epoch: [3][20/391]	Loss: 2.4909	Prec@5: 65.402	lr: 0.0970
2025-06-29 12:11:15.097 | INFO     | utils.common:log:12 - Epoch: [3][30/391]	Loss: 2.4383	Prec@5: 66.935	lr: 0.0970
2025-06-29 12:11:15.833 | INFO     | utils.common:log:12 - Epoch: [3][40/391]	Loss: 2.4341	Prec@5: 67.264	lr: 0.0969
2025-06-29 12:11:16.563 | INFO     | utils.common:log:12 - Epoch: [3][50/391]	Loss: 2.4443	Prec@5: 67.096	lr: 0.0969
2025-06-29 12:11:17.311 | INFO     | utils.common:log:12 - Epoch: [3][60/391]	Loss: 2.4385	Prec@5: 67.290	lr: 0.0968
2025-06-29 12:11:18.097 | INFO     | utils.common:log:12 - Epoch: [3][70/391]	Loss: 2.4410	Prec@5: 67.342	lr: 0.0967
2025-06-29 12:11:18.901 | INFO     | utils.common:log:12 - Epoch: [3][80/391]	Loss: 2.4383	Prec@5: 67.361	lr: 0.0967
2025-06-29 12:11:19.666 | INFO     | utils.common:log:12 - Epoch: [3][90/391]	Loss: 2.4294	Prec@5: 67.514	lr: 0.0966
2025-06-29 12:11:20.447 | INFO     | utils.common:log:12 - Epoch: [3][100/391]	Loss: 2.4170	Prec@5: 67.915	lr: 0.0966
2025-06-29 12:11:21.174 | INFO     | utils.common:log:12 - Epoch: [3][110/391]	Loss: 2.4159	Prec@5: 67.962	lr: 0.0965
2025-06-29 12:11:21.948 | INFO     | utils.common:log:12 - Epoch: [3][120/391]	Loss: 2.4033	Prec@5: 68.195	lr: 0.0965
2025-06-29 12:11:22.697 | INFO     | utils.common:log:12 - Epoch: [3][130/391]	Loss: 2.4065	Prec@5: 68.356	lr: 0.0964
2025-06-29 12:11:23.492 | INFO     | utils.common:log:12 - Epoch: [3][140/391]	Loss: 2.4063	Prec@5: 68.296	lr: 0.0963
2025-06-29 12:11:24.247 | INFO     | utils.common:log:12 - Epoch: [3][150/391]	Loss: 2.4040	Prec@5: 68.284	lr: 0.0963
2025-06-29 12:11:25.006 | INFO     | utils.common:log:12 - Epoch: [3][160/391]	Loss: 2.4029	Prec@5: 68.313	lr: 0.0962
2025-06-29 12:11:25.762 | INFO     | utils.common:log:12 - Epoch: [3][170/391]	Loss: 2.4055	Prec@5: 68.202	lr: 0.0962
2025-06-29 12:11:26.526 | INFO     | utils.common:log:12 - Epoch: [3][180/391]	Loss: 2.4109	Prec@5: 67.930	lr: 0.0961
2025-06-29 12:11:27.297 | INFO     | utils.common:log:12 - Epoch: [3][190/391]	Loss: 2.4166	Prec@5: 67.768	lr: 0.0960
2025-06-29 12:11:28.057 | INFO     | utils.common:log:12 - Epoch: [3][200/391]	Loss: 2.4145	Prec@5: 67.903	lr: 0.0960
2025-06-29 12:11:28.822 | INFO     | utils.common:log:12 - Epoch: [3][210/391]	Loss: 2.4120	Prec@5: 67.965	lr: 0.0959
2025-06-29 12:11:29.585 | INFO     | utils.common:log:12 - Epoch: [3][220/391]	Loss: 2.4099	Prec@5: 68.015	lr: 0.0958
2025-06-29 12:11:30.343 | INFO     | utils.common:log:12 - Epoch: [3][230/391]	Loss: 2.4052	Prec@5: 68.202	lr: 0.0958
2025-06-29 12:11:31.104 | INFO     | utils.common:log:12 - Epoch: [3][240/391]	Loss: 2.4076	Prec@5: 68.089	lr: 0.0957
2025-06-29 12:11:31.879 | INFO     | utils.common:log:12 - Epoch: [3][250/391]	Loss: 2.4044	Prec@5: 68.177	lr: 0.0957
2025-06-29 12:11:32.623 | INFO     | utils.common:log:12 - Epoch: [3][260/391]	Loss: 2.3972	Prec@5: 68.277	lr: 0.0956
2025-06-29 12:11:33.391 | INFO     | utils.common:log:12 - Epoch: [3][270/391]	Loss: 2.3932	Prec@5: 68.335	lr: 0.0955
2025-06-29 12:11:34.138 | INFO     | utils.common:log:12 - Epoch: [3][280/391]	Loss: 2.3916	Prec@5: 68.372	lr: 0.0955
2025-06-29 12:11:34.896 | INFO     | utils.common:log:12 - Epoch: [3][290/391]	Loss: 2.3921	Prec@5: 68.363	lr: 0.0954
2025-06-29 12:11:35.639 | INFO     | utils.common:log:12 - Epoch: [3][300/391]	Loss: 2.3900	Prec@5: 68.428	lr: 0.0953
2025-06-29 12:11:36.311 | INFO     | utils.common:log:12 - Epoch: [3][310/391]	Loss: 2.3890	Prec@5: 68.469	lr: 0.0953
2025-06-29 12:11:37.005 | INFO     | utils.common:log:12 - Epoch: [3][320/391]	Loss: 2.3832	Prec@5: 68.628	lr: 0.0952
2025-06-29 12:11:37.732 | INFO     | utils.common:log:12 - Epoch: [3][330/391]	Loss: 2.3820	Prec@5: 68.632	lr: 0.0951
2025-06-29 12:11:38.469 | INFO     | utils.common:log:12 - Epoch: [3][340/391]	Loss: 2.3793	Prec@5: 68.690	lr: 0.0951
2025-06-29 12:11:39.211 | INFO     | utils.common:log:12 - Epoch: [3][350/391]	Loss: 2.3730	Prec@5: 68.786	lr: 0.0950
2025-06-29 12:11:39.963 | INFO     | utils.common:log:12 - Epoch: [3][360/391]	Loss: 2.3695	Prec@5: 68.880	lr: 0.0949
2025-06-29 12:11:40.741 | INFO     | utils.common:log:12 - Epoch: [3][370/391]	Loss: 2.3689	Prec@5: 68.885	lr: 0.0948
2025-06-29 12:11:41.488 | INFO     | utils.common:log:12 - Epoch: [3][380/391]	Loss: 2.3677	Prec@5: 68.889	lr: 0.0948
2025-06-29 12:11:42.215 | INFO     | utils.common:log:12 - Epoch: [3][390/391]	Loss: 2.3642	Prec@5: 68.956	lr: 0.0947
2025-06-29 12:11:42.426 | INFO     | utils.common:log:12 - Test: [0/40]	Time: 0.155 (0.155)	Loss: 2.4359	Prec@5: 72.656
2025-06-29 12:11:42.663 | INFO     | utils.common:log:12 - Test: [10/40]	Time: 0.026 (0.036)	Loss: 2.7400	Prec@5: 64.134
2025-06-29 12:11:42.899 | INFO     | utils.common:log:12 - Test: [20/40]	Time: 0.028 (0.030)	Loss: 2.7170	Prec@5: 64.732
2025-06-29 12:11:43.128 | INFO     | utils.common:log:12 - Test: [30/40]	Time: 0.021 (0.028)	Loss: 2.7174	Prec@5: 64.793
2025-06-29 12:11:43.393 | INFO     | utils.common:log:12 -  * Prec@5 64.480
2025-06-29 12:11:43.393 | INFO     | utils.common:log:12 - current lr 9.47017e-02
2025-06-29 12:11:43.595 | INFO     | utils.common:log:12 - Epoch: [4][0/391]	Loss: 2.3885	Prec@5: 68.750	lr: 0.0947
2025-06-29 12:11:44.339 | INFO     | utils.common:log:12 - Epoch: [4][10/391]	Loss: 2.2482	Prec@5: 72.585	lr: 0.0946
2025-06-29 12:11:45.100 | INFO     | utils.common:log:12 - Epoch: [4][20/391]	Loss: 2.2648	Prec@5: 73.512	lr: 0.0946
2025-06-29 12:11:45.828 | INFO     | utils.common:log:12 - Epoch: [4][30/391]	Loss: 2.2192	Prec@5: 74.093	lr: 0.0945
2025-06-29 12:11:46.596 | INFO     | utils.common:log:12 - Epoch: [4][40/391]	Loss: 2.2059	Prec@5: 74.123	lr: 0.0944
2025-06-29 12:11:47.314 | INFO     | utils.common:log:12 - Epoch: [4][50/391]	Loss: 2.2158	Prec@5: 73.529	lr: 0.0943
2025-06-29 12:11:48.069 | INFO     | utils.common:log:12 - Epoch: [4][60/391]	Loss: 2.2120	Prec@5: 73.412	lr: 0.0943
2025-06-29 12:11:48.797 | INFO     | utils.common:log:12 - Epoch: [4][70/391]	Loss: 2.2262	Prec@5: 72.975	lr: 0.0942
2025-06-29 12:11:49.567 | INFO     | utils.common:log:12 - Epoch: [4][80/391]	Loss: 2.2237	Prec@5: 72.897	lr: 0.0941
2025-06-29 12:11:50.301 | INFO     | utils.common:log:12 - Epoch: [4][90/391]	Loss: 2.2190	Prec@5: 72.819	lr: 0.0940
2025-06-29 12:11:51.050 | INFO     | utils.common:log:12 - Epoch: [4][100/391]	Loss: 2.2127	Prec@5: 73.128	lr: 0.0940
2025-06-29 12:11:51.794 | INFO     | utils.common:log:12 - Epoch: [4][110/391]	Loss: 2.2414	Prec@5: 72.185	lr: 0.0939
2025-06-29 12:11:52.531 | INFO     | utils.common:log:12 - Epoch: [4][120/391]	Loss: 2.2382	Prec@5: 72.133	lr: 0.0938
2025-06-29 12:11:53.256 | INFO     | utils.common:log:12 - Epoch: [4][130/391]	Loss: 2.2368	Prec@5: 72.245	lr: 0.0937
2025-06-29 12:11:54.028 | INFO     | utils.common:log:12 - Epoch: [4][140/391]	Loss: 2.2397	Prec@5: 72.086	lr: 0.0937
2025-06-29 12:11:54.782 | INFO     | utils.common:log:12 - Epoch: [4][150/391]	Loss: 2.2412	Prec@5: 71.916	lr: 0.0936
2025-06-29 12:11:55.519 | INFO     | utils.common:log:12 - Epoch: [4][160/391]	Loss: 2.2408	Prec@5: 71.924	lr: 0.0935
2025-06-29 12:11:56.257 | INFO     | utils.common:log:12 - Epoch: [4][170/391]	Loss: 2.2415	Prec@5: 71.802	lr: 0.0934
2025-06-29 12:11:56.981 | INFO     | utils.common:log:12 - Epoch: [4][180/391]	Loss: 2.2392	Prec@5: 71.711	lr: 0.0933
2025-06-29 12:11:57.714 | INFO     | utils.common:log:12 - Epoch: [4][190/391]	Loss: 2.2373	Prec@5: 71.826	lr: 0.0933
2025-06-29 12:11:58.447 | INFO     | utils.common:log:12 - Epoch: [4][200/391]	Loss: 2.2340	Prec@5: 71.906	lr: 0.0932
2025-06-29 12:11:59.187 | INFO     | utils.common:log:12 - Epoch: [4][210/391]	Loss: 2.2297	Prec@5: 71.971	lr: 0.0931
2025-06-29 12:11:59.952 | INFO     | utils.common:log:12 - Epoch: [4][220/391]	Loss: 2.2278	Prec@5: 72.059	lr: 0.0930
2025-06-29 12:12:00.683 | INFO     | utils.common:log:12 - Epoch: [4][230/391]	Loss: 2.2189	Prec@5: 72.281	lr: 0.0929
2025-06-29 12:12:01.434 | INFO     | utils.common:log:12 - Epoch: [4][240/391]	Loss: 2.2197	Prec@5: 72.283	lr: 0.0929
2025-06-29 12:12:02.126 | INFO     | utils.common:log:12 - Epoch: [4][250/391]	Loss: 2.2143	Prec@5: 72.441	lr: 0.0928
2025-06-29 12:12:02.747 | INFO     | utils.common:log:12 - Epoch: [4][260/391]	Loss: 2.2072	Prec@5: 72.534	lr: 0.0927
2025-06-29 12:12:03.362 | INFO     | utils.common:log:12 - Epoch: [4][270/391]	Loss: 2.2023	Prec@5: 72.625	lr: 0.0926
2025-06-29 12:12:04.027 | INFO     | utils.common:log:12 - Epoch: [4][280/391]	Loss: 2.1944	Prec@5: 72.781	lr: 0.0925
2025-06-29 12:12:04.718 | INFO     | utils.common:log:12 - Epoch: [4][290/391]	Loss: 2.1930	Prec@5: 72.847	lr: 0.0924
2025-06-29 12:12:05.419 | INFO     | utils.common:log:12 - Epoch: [4][300/391]	Loss: 2.1895	Prec@5: 73.001	lr: 0.0924
2025-06-29 12:12:06.105 | INFO     | utils.common:log:12 - Epoch: [4][310/391]	Loss: 2.1953	Prec@5: 72.880	lr: 0.0923
2025-06-29 12:12:06.739 | INFO     | utils.common:log:12 - Epoch: [4][320/391]	Loss: 2.1960	Prec@5: 72.887	lr: 0.0922
2025-06-29 12:12:07.410 | INFO     | utils.common:log:12 - Epoch: [4][330/391]	Loss: 2.1981	Prec@5: 72.833	lr: 0.0921
2025-06-29 12:12:08.032 | INFO     | utils.common:log:12 - Epoch: [4][340/391]	Loss: 2.1953	Prec@5: 72.874	lr: 0.0920
2025-06-29 12:12:08.648 | INFO     | utils.common:log:12 - Epoch: [4][350/391]	Loss: 2.1904	Prec@5: 72.917	lr: 0.0919
2025-06-29 12:12:09.267 | INFO     | utils.common:log:12 - Epoch: [4][360/391]	Loss: 2.1899	Prec@5: 72.927	lr: 0.0918
2025-06-29 12:12:09.887 | INFO     | utils.common:log:12 - Epoch: [4][370/391]	Loss: 2.1932	Prec@5: 72.848	lr: 0.0918
2025-06-29 12:12:10.510 | INFO     | utils.common:log:12 - Epoch: [4][380/391]	Loss: 2.1922	Prec@5: 72.855	lr: 0.0917
2025-06-29 12:12:11.130 | INFO     | utils.common:log:12 - Epoch: [4][390/391]	Loss: 2.1912	Prec@5: 72.884	lr: 0.0916
2025-06-29 12:12:11.369 | INFO     | utils.common:log:12 - Test: [0/40]	Time: 0.162 (0.162)	Loss: 2.5867	Prec@5: 70.312
2025-06-29 12:12:11.572 | INFO     | utils.common:log:12 - Test: [10/40]	Time: 0.020 (0.033)	Loss: 2.8872	Prec@5: 65.767
2025-06-29 12:12:11.768 | INFO     | utils.common:log:12 - Test: [20/40]	Time: 0.018 (0.027)	Loss: 2.8029	Prec@5: 65.960
2025-06-29 12:12:11.964 | INFO     | utils.common:log:12 - Test: [30/40]	Time: 0.019 (0.024)	Loss: 2.7789	Prec@5: 65.423
2025-06-29 12:12:12.184 | INFO     | utils.common:log:12 -  * Prec@5 65.160
