nohup: ignoring input
W0624 10:21:19.307000 1700677 site-packages/torch/distributed/run.py:766] 
W0624 10:21:19.307000 1700677 site-packages/torch/distributed/run.py:766] *****************************************
W0624 10:21:19.307000 1700677 site-packages/torch/distributed/run.py:766] Setting OMP_NUM_THREADS environment variable for each process to be 1 in default, to avoid your system being overloaded, please further tune the variable for optimal performance in your application as needed. 
W0624 10:21:19.307000 1700677 site-packages/torch/distributed/run.py:766] *****************************************
Traceback (most recent call last):
  File "/home/xuyuqi/SubScaf/llama_pretrain.py", line 21, in <module>
    from utils import (
  File "/home/xuyuqi/SubScaf/utils/__init__.py", line 6, in <module>
    from .replace_modules import replace_with_subscaf_linear, outer_update, replace_with_subscaf_layer
ImportError: cannot import name 'replace_with_subscaf_linear' from 'utils.replace_modules' (/home/xuyuqi/SubScaf/utils/replace_modules.py)
Traceback (most recent call last):
  File "/home/xuyuqi/SubScaf/llama_pretrain.py", line 21, in <module>
    from utils import (
  File "/home/xuyuqi/SubScaf/utils/__init__.py", line 6, in <module>
    from .replace_modules import replace_with_subscaf_linear, outer_update, replace_with_subscaf_layer
ImportError: cannot import name 'replace_with_subscaf_linear' from 'utils.replace_modules' (/home/xuyuqi/SubScaf/utils/replace_modules.py)
W0624 10:21:24.626000 1700677 site-packages/torch/distributed/elastic/multiprocessing/api.py:900] Sending process 1700819 closing signal SIGTERM
E0624 10:21:24.690000 1700677 site-packages/torch/distributed/elastic/multiprocessing/api.py:874] failed (exitcode: 1) local_rank: 0 (pid: 1700818) of binary: /home/xuyuqi/.conda/envs/minimind/bin/python
Traceback (most recent call last):
  File "/home/xuyuqi/.conda/envs/minimind/bin/torchrun", line 8, in <module>
    sys.exit(main())
  File "/home/xuyuqi/.conda/envs/minimind/lib/python3.10/site-packages/torch/distributed/elastic/multiprocessing/errors/__init__.py", line 355, in wrapper
    return f(*args, **kwargs)
  File "/home/xuyuqi/.conda/envs/minimind/lib/python3.10/site-packages/torch/distributed/run.py", line 892, in main
    run(args)
  File "/home/xuyuqi/.conda/envs/minimind/lib/python3.10/site-packages/torch/distributed/run.py", line 883, in run
    elastic_launch(
  File "/home/xuyuqi/.conda/envs/minimind/lib/python3.10/site-packages/torch/distributed/launcher/api.py", line 139, in __call__
    return launch_agent(self._config, self._entrypoint, list(args))
  File "/home/xuyuqi/.conda/envs/minimind/lib/python3.10/site-packages/torch/distributed/launcher/api.py", line 270, in launch_agent
    raise ChildFailedError(
torch.distributed.elastic.multiprocessing.errors.ChildFailedError: 
============================================================
llama_pretrain.py FAILED
------------------------------------------------------------
Failures:
  <NO_OTHER_FAILURES>
------------------------------------------------------------
Root Cause (first observed failure):
[0]:
  time      : 2025-06-24_10:21:24
  host      : user-NULL
  rank      : 0 (local_rank: 0)
  exitcode  : 1 (pid: 1700818)
  error_file: <N/A>
  traceback : To enable traceback see: https://pytorch.org/docs/stable/elastic/errors.html
============================================================
