W0701 11:07:33.473000 560133 site-packages/torch/distributed/run.py:766] 
W0701 11:07:33.473000 560133 site-packages/torch/distributed/run.py:766] *****************************************
W0701 11:07:33.473000 560133 site-packages/torch/distributed/run.py:766] Setting OMP_NUM_THREADS environment variable for each process to be 1 in default, to avoid your system being overloaded, please further tune the variable for optimal performance in your application as needed. 
W0701 11:07:33.473000 560133 site-packages/torch/distributed/run.py:766] *****************************************
2025-07-01 11:07:38.772 | INFO     | utils.common:log:12 - Process group initialize
2025-07-01 11:07:38.772 | INFO     | utils.common:log:12 - ****************************************
2025-07-01 11:07:38.772 | INFO     | utils.common:log:12 - Start training with arguments
2025-07-01 11:07:38.772 | INFO     | utils.common:log:12 - lr                             0.001
2025-07-01 11:07:38.772 | INFO     | utils.common:log:12 - batch_size                     64
2025-07-01 11:07:38.773 | INFO     | utils.common:log:12 - total_batch_size               64
2025-07-01 11:07:38.773 | INFO     | utils.common:log:12 - max_length                     1024
2025-07-01 11:07:38.773 | INFO     | utils.common:log:12 - num_training_steps             100
2025-07-01 11:07:38.773 | INFO     | utils.common:log:12 - grad_clip                      0.0
2025-07-01 11:07:38.773 | INFO     | utils.common:log:12 - warmup                         1000
2025-07-01 11:07:38.773 | INFO     | utils.common:log:12 - constant_lr                    True
2025-07-01 11:07:38.773 | INFO     | utils.common:log:12 - seed                           42
2025-07-01 11:07:38.773 | INFO     | utils.common:log:12 - mixed_precision                bf16
2025-07-01 11:07:38.773 | INFO     | utils.common:log:12 - comp_dim                       4096
2025-07-01 11:07:38.773 | INFO     | utils.common:log:12 - tau                            10
2025-07-01 11:07:38.773 | INFO     | utils.common:log:12 - gene_method                    idx
2025-07-01 11:07:38.773 | INFO     | utils.common:log:12 - jump_certain_modules           False
2025-07-01 11:07:38.773 | INFO     | utils.common:log:12 - update_cp_freq                 50
2025-07-01 11:07:38.773 | INFO     | utils.common:log:12 - adaptive_cp_rate               1.0
2025-07-01 11:07:38.773 | INFO     | utils.common:log:12 - model_config                   configs/llama_60m.json
2025-07-01 11:07:38.773 | INFO     | utils.common:log:12 - optimizer                      subscafsgd
2025-07-01 11:07:38.773 | INFO     | utils.common:log:12 - momentum                       0.0
2025-07-01 11:07:38.773 | INFO     | utils.common:log:12 - dampening                      0
2025-07-01 11:07:38.773 | INFO     | utils.common:log:12 - weight_decay                   0
2025-07-01 11:07:38.773 | INFO     | utils.common:log:12 - nesterov                       False
2025-07-01 11:07:38.773 | INFO     | utils.common:log:12 - per_layer_weight_update        False
2025-07-01 11:07:38.773 | INFO     | utils.common:log:12 - use_wandb                      False
2025-07-01 11:07:38.773 | INFO     | utils.common:log:12 - wandb_run_name                 real_lazy_update
2025-07-01 11:07:38.773 | INFO     | utils.common:log:12 - use_tqdm                       False
2025-07-01 11:07:38.773 | INFO     | utils.common:log:12 - use_log                        True
2025-07-01 11:07:38.773 | INFO     | utils.common:log:12 - mem_monitor                    False
2025-07-01 11:07:38.773 | INFO     | utils.common:log:12 - flash_attn                     False
2025-07-01 11:07:38.773 | INFO     | utils.common:log:12 - ckpt                           True
2025-07-01 11:07:38.773 | INFO     | utils.common:log:12 - measure_comm                   False
2025-07-01 11:07:38.773 | INFO     | utils.common:log:12 - measure_all                    True
2025-07-01 11:07:38.773 | INFO     | utils.common:log:12 - change_cd                      3000
2025-07-01 11:07:38.773 | INFO     | utils.common:log:12 - ****************************************
/home/xuyuqi/.conda/envs/minimind/lib/python3.10/site-packages/transformers/generation/configuration_utils.py:606: UserWarning: `pad_token_id` should be positive but got -1. This will cause errors when batch generating, if there is padding. Please set `pad_token_id` explicitly as `model.generation_config.pad_token_id=PAD_TOKEN_ID` to avoid errors in generation
  warnings.warn(
/home/xuyuqi/.conda/envs/minimind/lib/python3.10/site-packages/transformers/generation/configuration_utils.py:606: UserWarning: `pad_token_id` should be positive but got -1. This will cause errors when batch generating, if there is padding. Please set `pad_token_id` explicitly as `model.generation_config.pad_token_id=PAD_TOKEN_ID` to avoid errors in generation
  warnings.warn(
2025-07-01 11:07:42.781 | INFO     | utils.common:log:12 - enable Subspace Scaffold for weights in module: q_proj
2025-07-01 11:07:42.799 | INFO     | utils.common:log:12 - enable Subspace Scaffold for weights in module: k_proj
2025-07-01 11:07:42.800 | INFO     | utils.common:log:12 - enable Subspace Scaffold for weights in module: v_proj
2025-07-01 11:07:42.801 | INFO     | utils.common:log:12 - enable Subspace Scaffold for weights in module: o_proj
2025-07-01 11:07:42.802 | INFO     | utils.common:log:12 - enable Subspace Scaffold for weights in module: gate_proj
2025-07-01 11:07:42.802 | INFO     | utils.common:log:12 - enable Subspace Scaffold for weights in module: up_proj
2025-07-01 11:07:42.803 | INFO     | utils.common:log:12 - enable Subspace Scaffold for weights in module: down_proj
2025-07-01 11:07:42.810 | INFO     | utils.common:log:12 - enable Subspace Scaffold for weights in module: q_proj
2025-07-01 11:07:42.811 | INFO     | utils.common:log:12 - enable Subspace Scaffold for weights in module: k_proj
2025-07-01 11:07:42.812 | INFO     | utils.common:log:12 - enable Subspace Scaffold for weights in module: v_proj
2025-07-01 11:07:42.813 | INFO     | utils.common:log:12 - enable Subspace Scaffold for weights in module: o_proj
2025-07-01 11:07:42.813 | INFO     | utils.common:log:12 - enable Subspace Scaffold for weights in module: gate_proj
2025-07-01 11:07:42.814 | INFO     | utils.common:log:12 - enable Subspace Scaffold for weights in module: up_proj
2025-07-01 11:07:42.814 | INFO     | utils.common:log:12 - enable Subspace Scaffold for weights in module: down_proj
2025-07-01 11:07:42.815 | INFO     | utils.common:log:12 - enable Subspace Scaffold for weights in module: q_proj
2025-07-01 11:07:42.815 | INFO     | utils.common:log:12 - enable Subspace Scaffold for weights in module: k_proj
2025-07-01 11:07:42.816 | INFO     | utils.common:log:12 - enable Subspace Scaffold for weights in module: v_proj
2025-07-01 11:07:42.817 | INFO     | utils.common:log:12 - enable Subspace Scaffold for weights in module: o_proj
2025-07-01 11:07:42.817 | INFO     | utils.common:log:12 - enable Subspace Scaffold for weights in module: gate_proj
2025-07-01 11:07:42.818 | INFO     | utils.common:log:12 - enable Subspace Scaffold for weights in module: up_proj
2025-07-01 11:07:42.818 | INFO     | utils.common:log:12 - enable Subspace Scaffold for weights in module: down_proj
2025-07-01 11:07:42.818 | INFO     | utils.common:log:12 - enable Subspace Scaffold for weights in module: q_proj
2025-07-01 11:07:42.819 | INFO     | utils.common:log:12 - enable Subspace Scaffold for weights in module: k_proj
2025-07-01 11:07:42.820 | INFO     | utils.common:log:12 - enable Subspace Scaffold for weights in module: v_proj
2025-07-01 11:07:42.820 | INFO     | utils.common:log:12 - enable Subspace Scaffold for weights in module: o_proj
2025-07-01 11:07:42.821 | INFO     | utils.common:log:12 - enable Subspace Scaffold for weights in module: gate_proj
2025-07-01 11:07:42.821 | INFO     | utils.common:log:12 - enable Subspace Scaffold for weights in module: up_proj
2025-07-01 11:07:42.822 | INFO     | utils.common:log:12 - enable Subspace Scaffold for weights in module: down_proj
2025-07-01 11:07:42.822 | INFO     | utils.common:log:12 - enable Subspace Scaffold for weights in module: q_proj
2025-07-01 11:07:42.822 | INFO     | utils.common:log:12 - enable Subspace Scaffold for weights in module: k_proj
2025-07-01 11:07:42.823 | INFO     | utils.common:log:12 - enable Subspace Scaffold for weights in module: v_proj
2025-07-01 11:07:42.824 | INFO     | utils.common:log:12 - enable Subspace Scaffold for weights in module: o_proj
2025-07-01 11:07:42.824 | INFO     | utils.common:log:12 - enable Subspace Scaffold for weights in module: gate_proj
2025-07-01 11:07:42.825 | INFO     | utils.common:log:12 - enable Subspace Scaffold for weights in module: up_proj
2025-07-01 11:07:42.825 | INFO     | utils.common:log:12 - enable Subspace Scaffold for weights in module: down_proj
2025-07-01 11:07:42.825 | INFO     | utils.common:log:12 - enable Subspace Scaffold for weights in module: q_proj
2025-07-01 11:07:42.826 | INFO     | utils.common:log:12 - enable Subspace Scaffold for weights in module: k_proj
2025-07-01 11:07:42.826 | INFO     | utils.common:log:12 - enable Subspace Scaffold for weights in module: v_proj
2025-07-01 11:07:42.827 | INFO     | utils.common:log:12 - enable Subspace Scaffold for weights in module: o_proj
2025-07-01 11:07:42.828 | INFO     | utils.common:log:12 - enable Subspace Scaffold for weights in module: gate_proj
2025-07-01 11:07:42.828 | INFO     | utils.common:log:12 - enable Subspace Scaffold for weights in module: up_proj
2025-07-01 11:07:42.829 | INFO     | utils.common:log:12 - enable Subspace Scaffold for weights in module: down_proj
2025-07-01 11:07:42.829 | INFO     | utils.common:log:12 - enable Subspace Scaffold for weights in module: q_proj
2025-07-01 11:07:42.830 | INFO     | utils.common:log:12 - enable Subspace Scaffold for weights in module: k_proj
2025-07-01 11:07:42.830 | INFO     | utils.common:log:12 - enable Subspace Scaffold for weights in module: v_proj
2025-07-01 11:07:42.831 | INFO     | utils.common:log:12 - enable Subspace Scaffold for weights in module: o_proj
2025-07-01 11:07:42.832 | INFO     | utils.common:log:12 - enable Subspace Scaffold for weights in module: gate_proj
2025-07-01 11:07:42.832 | INFO     | utils.common:log:12 - enable Subspace Scaffold for weights in module: up_proj
2025-07-01 11:07:42.833 | INFO     | utils.common:log:12 - enable Subspace Scaffold for weights in module: down_proj
2025-07-01 11:07:42.833 | INFO     | utils.common:log:12 - enable Subspace Scaffold for weights in module: q_proj
2025-07-01 11:07:42.834 | INFO     | utils.common:log:12 - enable Subspace Scaffold for weights in module: k_proj
2025-07-01 11:07:42.834 | INFO     | utils.common:log:12 - enable Subspace Scaffold for weights in module: v_proj
2025-07-01 11:07:42.835 | INFO     | utils.common:log:12 - enable Subspace Scaffold for weights in module: o_proj
2025-07-01 11:07:42.835 | INFO     | utils.common:log:12 - enable Subspace Scaffold for weights in module: gate_proj
2025-07-01 11:07:42.836 | INFO     | utils.common:log:12 - enable Subspace Scaffold for weights in module: up_proj
2025-07-01 11:07:42.836 | INFO     | utils.common:log:12 - enable Subspace Scaffold for weights in module: down_proj
2025-07-01 11:07:42.838 | INFO     | utils.common:log:12 - 
LlamaForCausalLM(
  (model): LlamaModel(
    (embed_tokens): Embedding(32000, 512, padding_idx=31999)
    (layers): ModuleList(
      (0-7): 8 x LlamaDecoderLayer(
        (self_attn): LlamaAttention(
          (q_proj): SubScafLinear(in_feartures=512, out_features=512)
          (k_proj): SubScafLinear(in_feartures=512, out_features=512)
          (v_proj): SubScafLinear(in_feartures=512, out_features=512)
          (o_proj): SubScafLinear(in_feartures=512, out_features=512)
        )
        (mlp): LlamaMLP(
          (gate_proj): SubScafLinear(in_feartures=512, out_features=1376)
          (up_proj): SubScafLinear(in_feartures=512, out_features=1376)
          (down_proj): SubScafLinear(in_feartures=1376, out_features=512)
          (act_fn): SiLU()
        )
        (input_layernorm): LlamaRMSNorm((512,), eps=1e-06)
        (post_attention_layernorm): LlamaRMSNorm((512,), eps=1e-06)
      )
    )
    (norm): LlamaRMSNorm((512,), eps=1e-06)
    (rotary_emb): LlamaRotaryEmbedding()
  )
  (lm_head): Linear(in_features=512, out_features=32000, bias=False)
)

2025-07-01 11:07:42.838 | INFO     | utils.common:log:12 - Total params: 58.07M
2025-07-01 11:07:42.838 | INFO     | utils.common:log:12 - Trainable params before compression: 58.07M
2025-07-01 11:07:42.838 | INFO     | utils.common:log:12 - Trainable params after compression: 58.07M
2025-07-01 11:07:42.838 | INFO     | utils.common:log:12 - Total params with Subspace Scaffold enabled: 25.30M
/home/xuyuqi/.conda/envs/minimind/lib/python3.10/site-packages/torch/_dynamo/eval_frame.py:838: UserWarning: torch.utils.checkpoint: the use_reentrant parameter should be passed explicitly. In version 2.5 we will raise an exception if use_reentrant is not passed. use_reentrant=False is recommended, but if you need to preserve the current default behavior, you can pass use_reentrant=True. Refer to docs for more details on the differences between the two variants.
  return fn(*args, **kwargs)
/home/xuyuqi/.conda/envs/minimind/lib/python3.10/site-packages/torch/_dynamo/eval_frame.py:838: UserWarning: torch.utils.checkpoint: the use_reentrant parameter should be passed explicitly. In version 2.5 we will raise an exception if use_reentrant is not passed. use_reentrant=False is recommended, but if you need to preserve the current default behavior, you can pass use_reentrant=True. Refer to docs for more details on the differences between the two variants.
  return fn(*args, **kwargs)
/home/xuyuqi/.conda/envs/minimind/lib/python3.10/site-packages/torch/autograd/graph.py:824: UserWarning: c10d::broadcast_: an autograd kernel was not registered to the Autograd key(s) but we are trying to backprop through it. This may lead to silently incorrect behavior. This behavior is deprecated and will be removed in a future version of PyTorch. If your operator is differentiable, please ensure you have registered an autograd kernel to the correct Autograd key (e.g. DispatchKey::Autograd, DispatchKey::CompositeImplicitAutograd). If your operator is not differentiable, or to squash this warning and use the previous behavior, please register torch::CppFunction::makeFallthrough() to DispatchKey::Autograd. (Triggered internally at /pytorch/torch/csrc/autograd/autograd_not_implemented_fallback.cpp:62.)
  return Variable._execution_engine.run_backward(  # Calls into the C++ engine to run the backward pass
/home/xuyuqi/.conda/envs/minimind/lib/python3.10/site-packages/torch/autograd/graph.py:824: UserWarning: c10d::broadcast_: an autograd kernel was not registered to the Autograd key(s) but we are trying to backprop through it. This may lead to silently incorrect behavior. This behavior is deprecated and will be removed in a future version of PyTorch. If your operator is differentiable, please ensure you have registered an autograd kernel to the correct Autograd key (e.g. DispatchKey::Autograd, DispatchKey::CompositeImplicitAutograd). If your operator is not differentiable, or to squash this warning and use the previous behavior, please register torch::CppFunction::makeFallthrough() to DispatchKey::Autograd. (Triggered internally at /pytorch/torch/csrc/autograd/autograd_not_implemented_fallback.cpp:62.)
  return Variable._execution_engine.run_backward(  # Calls into the C++ engine to run the backward pass
2025-07-01 11:07:45.154 | INFO     | utils.common:log:12 - step: 1/100 Loss: 10.4689\10.469 Lr: 1.000e-3 Mem: 43.594 GB Throughput_tokens: 19756.8216
2025-07-01 11:07:46.201 | INFO     | utils.common:log:12 - step: 2/100 Loss: 10.4650\10.469 Lr: 1.000e-3 Mem: 43.601 GB Throughput_tokens: 48015.7964
2025-07-01 11:07:47.250 | INFO     | utils.common:log:12 - step: 3/100 Loss: 10.4549\10.467 Lr: 1.000e-3 Mem: 43.601 GB Throughput_tokens: 51437.9014
2025-07-01 11:07:48.298 | INFO     | utils.common:log:12 - step: 4/100 Loss: 10.4561\10.466 Lr: 1.000e-3 Mem: 43.601 GB Throughput_tokens: 48176.6044
2025-07-01 11:07:49.351 | INFO     | utils.common:log:12 - step: 5/100 Loss: 10.4564\10.465 Lr: 1.000e-3 Mem: 43.601 GB Throughput_tokens: 52686.9259
2025-07-01 11:07:50.398 | INFO     | utils.common:log:12 - step: 6/100 Loss: 10.4488\10.463 Lr: 1.000e-3 Mem: 43.601 GB Throughput_tokens: 43445.7327
2025-07-01 11:07:51.450 | INFO     | utils.common:log:12 - step: 7/100 Loss: 10.4354\10.461 Lr: 1.000e-3 Mem: 43.601 GB Throughput_tokens: 49064.9723
2025-07-01 11:07:52.504 | INFO     | utils.common:log:12 - step: 8/100 Loss: 10.4271\10.457 Lr: 1.000e-3 Mem: 43.601 GB Throughput_tokens: 50038.1856
2025-07-01 11:07:53.567 | INFO     | utils.common:log:12 - step: 9/100 Loss: 10.4113\10.453 Lr: 1.000e-3 Mem: 43.601 GB Throughput_tokens: 57684.0228
2025-07-01 11:07:54.650 | INFO     | utils.common:log:12 - step: 10/100 Loss: 10.4110\10.449 Lr: 1.000e-3 Mem: 43.601 GB Throughput_tokens: 46611.2107
2025-07-01 11:07:54.651 | INFO     | utils.common:log:12 - ETA: 00:02:18 
2025-07-01 11:07:55.669 | INFO     | utils.common:log:12 - step: 11/100 Loss: 10.3914\10.443 Lr: 1.000e-3 Mem: 43.601 GB Throughput_tokens: 56440.7570
2025-07-01 11:07:56.783 | INFO     | utils.common:log:12 - step: 12/100 Loss: 10.3768\10.436 Lr: 1.000e-3 Mem: 43.601 GB Throughput_tokens: 45234.7547
2025-07-01 11:07:57.892 | INFO     | utils.common:log:12 - step: 13/100 Loss: 10.3787\10.430 Lr: 1.000e-3 Mem: 43.601 GB Throughput_tokens: 44420.6259
2025-07-01 11:07:58.941 | INFO     | utils.common:log:12 - step: 14/100 Loss: 10.3966\10.427 Lr: 1.000e-3 Mem: 43.601 GB Throughput_tokens: 44112.3136
2025-07-01 11:08:00.017 | INFO     | utils.common:log:12 - step: 15/100 Loss: 10.3771\10.422 Lr: 1.000e-3 Mem: 43.601 GB Throughput_tokens: 40094.5725
2025-07-01 11:08:01.467 | INFO     | utils.common:log:12 - step: 16/100 Loss: 10.3834\10.418 Lr: 1.000e-3 Mem: 43.601 GB Throughput_tokens: 29762.9352
2025-07-01 11:08:02.563 | INFO     | utils.common:log:12 - step: 17/100 Loss: 10.3553\10.412 Lr: 1.000e-3 Mem: 43.601 GB Throughput_tokens: 46162.3038
2025-07-01 11:08:03.596 | INFO     | utils.common:log:12 - step: 18/100 Loss: 10.3365\10.404 Lr: 1.000e-3 Mem: 43.601 GB Throughput_tokens: 46998.2095
2025-07-01 11:08:04.707 | INFO     | utils.common:log:12 - step: 19/100 Loss: 10.3368\10.398 Lr: 1.000e-3 Mem: 43.601 GB Throughput_tokens: 47704.3041
2025-07-01 11:08:05.853 | INFO     | utils.common:log:12 - step: 20/100 Loss: 10.3248\10.390 Lr: 1.000e-3 Mem: 43.601 GB Throughput_tokens: 49743.4889
2025-07-01 11:08:05.854 | INFO     | utils.common:log:12 - ETA: 00:01:41 
2025-07-01 11:08:06.942 | INFO     | utils.common:log:12 - step: 21/100 Loss: 10.3334\10.385 Lr: 1.000e-3 Mem: 43.602 GB Throughput_tokens: 50260.0418
2025-07-01 11:08:08.034 | INFO     | utils.common:log:12 - step: 22/100 Loss: 10.3134\10.378 Lr: 1.000e-3 Mem: 43.602 GB Throughput_tokens: 44895.2880
2025-07-01 11:08:09.137 | INFO     | utils.common:log:12 - step: 23/100 Loss: 10.3082\10.371 Lr: 1.000e-3 Mem: 43.602 GB Throughput_tokens: 45314.5860
2025-07-01 11:08:10.240 | INFO     | utils.common:log:12 - step: 24/100 Loss: 10.2967\10.363 Lr: 1.000e-3 Mem: 43.602 GB Throughput_tokens: 41293.1662
2025-07-01 11:08:11.268 | INFO     | utils.common:log:12 - step: 25/100 Loss: 10.2634\10.353 Lr: 1.000e-3 Mem: 43.602 GB Throughput_tokens: 48124.0004
2025-07-01 11:08:12.376 | INFO     | utils.common:log:12 - step: 26/100 Loss: 10.2754\10.345 Lr: 1.000e-3 Mem: 43.602 GB Throughput_tokens: 54972.4833
2025-07-01 11:08:13.482 | INFO     | utils.common:log:12 - step: 27/100 Loss: 10.2790\10.339 Lr: 1.000e-3 Mem: 43.602 GB Throughput_tokens: 47618.0777
2025-07-01 11:08:14.590 | INFO     | utils.common:log:12 - step: 28/100 Loss: 10.2616\10.331 Lr: 1.000e-3 Mem: 43.602 GB Throughput_tokens: 39224.2029
2025-07-01 11:08:15.613 | INFO     | utils.common:log:12 - step: 29/100 Loss: 10.2685\10.325 Lr: 1.000e-3 Mem: 43.602 GB Throughput_tokens: 45462.6484
2025-07-01 11:08:16.745 | INFO     | utils.common:log:12 - step: 30/100 Loss: 10.2443\10.317 Lr: 1.000e-3 Mem: 43.602 GB Throughput_tokens: 41545.2011
2025-07-01 11:08:16.745 | INFO     | utils.common:log:12 - ETA: 00:01:20 
2025-07-01 11:08:17.832 | INFO     | utils.common:log:12 - step: 31/100 Loss: 10.2273\10.308 Lr: 1.000e-3 Mem: 43.602 GB Throughput_tokens: 44012.0966
2025-07-01 11:08:19.192 | INFO     | utils.common:log:12 - step: 32/100 Loss: 10.2325\10.300 Lr: 1.000e-3 Mem: 43.602 GB Throughput_tokens: 38908.1444
2025-07-01 11:08:20.234 | INFO     | utils.common:log:12 - step: 33/100 Loss: 10.2103\10.291 Lr: 1.000e-3 Mem: 43.602 GB Throughput_tokens: 41639.0172
2025-07-01 11:08:21.283 | INFO     | utils.common:log:12 - step: 34/100 Loss: 10.2125\10.283 Lr: 1.000e-3 Mem: 43.602 GB Throughput_tokens: 42371.8890
2025-07-01 11:08:22.334 | INFO     | utils.common:log:12 - step: 35/100 Loss: 10.2004\10.275 Lr: 1.000e-3 Mem: 43.602 GB Throughput_tokens: 52496.3476
2025-07-01 11:08:23.385 | INFO     | utils.common:log:12 - step: 36/100 Loss: 10.1943\10.267 Lr: 1.000e-3 Mem: 43.602 GB Throughput_tokens: 51600.9546
2025-07-01 11:08:24.436 | INFO     | utils.common:log:12 - step: 37/100 Loss: 10.1750\10.258 Lr: 1.000e-3 Mem: 43.602 GB Throughput_tokens: 46855.5880
2025-07-01 11:08:25.490 | INFO     | utils.common:log:12 - step: 38/100 Loss: 10.1732\10.249 Lr: 1.000e-3 Mem: 43.602 GB Throughput_tokens: 55687.0302
2025-07-01 11:08:26.541 | INFO     | utils.common:log:12 - step: 39/100 Loss: 10.1851\10.243 Lr: 1.000e-3 Mem: 43.602 GB Throughput_tokens: 43779.4467
2025-07-01 11:08:27.625 | INFO     | utils.common:log:12 - step: 40/100 Loss: 10.1869\10.237 Lr: 1.000e-3 Mem: 43.602 GB Throughput_tokens: 45546.3043
2025-07-01 11:08:27.625 | INFO     | utils.common:log:12 - ETA: 00:01:05 
2025-07-01 11:08:28.680 | INFO     | utils.common:log:12 - step: 41/100 Loss: 10.1489\10.228 Lr: 1.000e-3 Mem: 43.602 GB Throughput_tokens: 52916.7990
2025-07-01 11:08:29.676 | INFO     | utils.common:log:12 - step: 42/100 Loss: 10.1503\10.221 Lr: 1.000e-3 Mem: 43.602 GB Throughput_tokens: 43984.1335
2025-07-01 11:08:30.780 | INFO     | utils.common:log:12 - step: 43/100 Loss: 10.1470\10.213 Lr: 1.000e-3 Mem: 43.602 GB Throughput_tokens: 43698.1635
2025-07-01 11:08:31.875 | INFO     | utils.common:log:12 - step: 44/100 Loss: 10.1130\10.203 Lr: 1.000e-3 Mem: 43.602 GB Throughput_tokens: 50968.2594
2025-07-01 11:08:32.992 | INFO     | utils.common:log:12 - step: 45/100 Loss: 10.1259\10.196 Lr: 1.000e-3 Mem: 43.602 GB Throughput_tokens: 44242.1134
2025-07-01 11:08:33.995 | INFO     | utils.common:log:12 - step: 46/100 Loss: 10.1254\10.189 Lr: 1.000e-3 Mem: 43.602 GB Throughput_tokens: 48718.1846
2025-07-01 11:08:35.422 | INFO     | utils.common:log:12 - step: 47/100 Loss: 10.0913\10.179 Lr: 1.000e-3 Mem: 43.602 GB Throughput_tokens: 35369.0289
2025-07-01 11:08:36.524 | INFO     | utils.common:log:12 - step: 48/100 Loss: 10.0998\10.171 Lr: 1.000e-3 Mem: 43.602 GB Throughput_tokens: 38805.9320
2025-07-01 11:08:37.562 | INFO     | utils.common:log:12 - step: 49/100 Loss: 10.0619\10.160 Lr: 1.000e-3 Mem: 43.602 GB Throughput_tokens: 55030.5160
2025-07-01 11:08:38.684 | INFO     | utils.common:log:12 - step: 50/100 Loss: 10.0985\10.154 Lr: 1.000e-3 Mem: 43.602 GB Throughput_tokens: 38250.5239
2025-07-01 11:08:38.684 | INFO     | utils.common:log:12 - ETA: 00:00:55 
2025-07-01 11:08:39.774 | INFO     | utils.common:log:12 - step: 51/100 Loss: 10.0721\10.146 Lr: 1.000e-3 Mem: 43.608 GB Throughput_tokens: 44212.5555
2025-07-01 11:08:40.876 | INFO     | utils.common:log:12 - step: 52/100 Loss: 10.0542\10.137 Lr: 1.000e-3 Mem: 43.608 GB Throughput_tokens: 51444.1586
2025-07-01 11:08:41.906 | INFO     | utils.common:log:12 - step: 53/100 Loss: 10.0501\10.128 Lr: 1.000e-3 Mem: 43.608 GB Throughput_tokens: 50579.2730
2025-07-01 11:08:43.003 | INFO     | utils.common:log:12 - step: 54/100 Loss: 10.0468\10.120 Lr: 1.000e-3 Mem: 43.608 GB Throughput_tokens: 43343.3329
2025-07-01 11:08:44.108 | INFO     | utils.common:log:12 - step: 55/100 Loss: 10.0382\10.112 Lr: 1.000e-3 Mem: 43.608 GB Throughput_tokens: 42539.5118
2025-07-01 11:08:45.216 | INFO     | utils.common:log:12 - step: 56/100 Loss: 10.0292\10.103 Lr: 1.000e-3 Mem: 43.608 GB Throughput_tokens: 44278.8439
2025-07-01 11:08:46.235 | INFO     | utils.common:log:12 - step: 57/100 Loss: 10.0305\10.096 Lr: 1.000e-3 Mem: 43.608 GB Throughput_tokens: 42137.8357
2025-07-01 11:08:47.322 | INFO     | utils.common:log:12 - step: 58/100 Loss: 10.0225\10.089 Lr: 1.000e-3 Mem: 43.608 GB Throughput_tokens: 50754.1371
2025-07-01 11:08:48.437 | INFO     | utils.common:log:12 - step: 59/100 Loss: 10.0337\10.083 Lr: 1.000e-3 Mem: 43.608 GB Throughput_tokens: 43259.0773
2025-07-01 11:08:49.524 | INFO     | utils.common:log:12 - step: 60/100 Loss: 9.9717\10.072 Lr: 1.000e-3 Mem: 43.608 GB Throughput_tokens: 50452.2886
2025-07-01 11:08:49.524 | INFO     | utils.common:log:12 - ETA: 00:00:43 
2025-07-01 11:08:50.626 | INFO     | utils.common:log:12 - step: 61/100 Loss: 9.9962\10.065 Lr: 1.000e-3 Mem: 43.601 GB Throughput_tokens: 41301.3314
2025-07-01 11:08:51.730 | INFO     | utils.common:log:12 - step: 62/100 Loss: 9.9885\10.057 Lr: 1.000e-3 Mem: 43.601 GB Throughput_tokens: 45786.0178
2025-07-01 11:08:53.247 | INFO     | utils.common:log:12 - step: 63/100 Loss: 9.9698\10.048 Lr: 1.000e-3 Mem: 43.601 GB Throughput_tokens: 39055.1433
2025-07-01 11:08:54.286 | INFO     | utils.common:log:12 - step: 64/100 Loss: 9.9834\10.042 Lr: 1.000e-3 Mem: 43.601 GB Throughput_tokens: 52341.1137
2025-07-01 11:08:55.337 | INFO     | utils.common:log:12 - step: 65/100 Loss: 9.9743\10.035 Lr: 1.000e-3 Mem: 43.601 GB Throughput_tokens: 46198.9327
2025-07-01 11:08:56.393 | INFO     | utils.common:log:12 - step: 66/100 Loss: 9.9170\10.023 Lr: 1.000e-3 Mem: 43.601 GB Throughput_tokens: 48178.4368
2025-07-01 11:08:57.448 | INFO     | utils.common:log:12 - step: 67/100 Loss: 9.9545\10.016 Lr: 1.000e-3 Mem: 43.601 GB Throughput_tokens: 46844.7086
2025-07-01 11:08:58.500 | INFO     | utils.common:log:12 - step: 68/100 Loss: 9.9688\10.012 Lr: 1.000e-3 Mem: 43.601 GB Throughput_tokens: 39378.0474
2025-07-01 11:08:59.552 | INFO     | utils.common:log:12 - step: 69/100 Loss: 9.9435\10.005 Lr: 1.000e-3 Mem: 43.601 GB Throughput_tokens: 37245.4557
2025-07-01 11:09:00.634 | INFO     | utils.common:log:12 - step: 70/100 Loss: 9.9069\9.995 Lr: 1.000e-3 Mem: 43.601 GB Throughput_tokens: 43506.2733
2025-07-01 11:09:00.635 | INFO     | utils.common:log:12 - ETA: 00:00:32 
2025-07-01 11:09:01.691 | INFO     | utils.common:log:12 - step: 71/100 Loss: 9.8851\9.984 Lr: 1.000e-3 Mem: 43.601 GB Throughput_tokens: 46958.4617
2025-07-01 11:09:02.747 | INFO     | utils.common:log:12 - step: 72/100 Loss: 9.8813\9.974 Lr: 1.000e-3 Mem: 43.601 GB Throughput_tokens: 49337.3374
2025-07-01 11:09:03.757 | INFO     | utils.common:log:12 - step: 73/100 Loss: 9.9075\9.967 Lr: 1.000e-3 Mem: 43.601 GB Throughput_tokens: 50438.7635
2025-07-01 11:09:04.835 | INFO     | utils.common:log:12 - step: 74/100 Loss: 9.8805\9.958 Lr: 1.000e-3 Mem: 43.601 GB Throughput_tokens: 50928.3164
2025-07-01 11:09:05.929 | INFO     | utils.common:log:12 - step: 75/100 Loss: 9.8868\9.951 Lr: 1.000e-3 Mem: 43.601 GB Throughput_tokens: 44879.1570
2025-07-01 11:09:07.034 | INFO     | utils.common:log:12 - step: 76/100 Loss: 9.8701\9.943 Lr: 1.000e-3 Mem: 43.601 GB Throughput_tokens: 45748.2502
2025-07-01 11:09:08.068 | INFO     | utils.common:log:12 - step: 77/100 Loss: 9.8624\9.935 Lr: 1.000e-3 Mem: 43.601 GB Throughput_tokens: 45766.3707
2025-07-01 11:09:09.142 | INFO     | utils.common:log:12 - step: 78/100 Loss: 9.8613\9.928 Lr: 1.000e-3 Mem: 43.601 GB Throughput_tokens: 47050.1254
2025-07-01 11:09:10.564 | INFO     | utils.common:log:12 - step: 79/100 Loss: 9.8823\9.923 Lr: 1.000e-3 Mem: 43.601 GB Throughput_tokens: 36840.6111
2025-07-01 11:09:11.695 | INFO     | utils.common:log:12 - step: 80/100 Loss: 9.8421\9.915 Lr: 1.000e-3 Mem: 43.601 GB Throughput_tokens: 42230.4996
2025-07-01 11:09:11.695 | INFO     | utils.common:log:12 - ETA: 00:00:22 
2025-07-01 11:09:12.711 | INFO     | utils.common:log:12 - step: 81/100 Loss: 9.8673\9.910 Lr: 1.000e-3 Mem: 43.600 GB Throughput_tokens: 46465.2003
2025-07-01 11:09:13.819 | INFO     | utils.common:log:12 - step: 82/100 Loss: 9.8602\9.905 Lr: 1.000e-3 Mem: 43.600 GB Throughput_tokens: 43420.2586
2025-07-01 11:09:14.928 | INFO     | utils.common:log:12 - step: 83/100 Loss: 9.8473\9.899 Lr: 1.000e-3 Mem: 43.600 GB Throughput_tokens: 35169.8265
2025-07-01 11:09:15.973 | INFO     | utils.common:log:12 - step: 84/100 Loss: 9.8412\9.894 Lr: 1.000e-3 Mem: 43.600 GB Throughput_tokens: 45078.4150
2025-07-01 11:09:17.073 | INFO     | utils.common:log:12 - step: 85/100 Loss: 9.8285\9.887 Lr: 1.000e-3 Mem: 43.600 GB Throughput_tokens: 41248.1989
2025-07-01 11:09:18.172 | INFO     | utils.common:log:12 - step: 86/100 Loss: 9.7924\9.878 Lr: 1.000e-3 Mem: 43.600 GB Throughput_tokens: 45428.5438
2025-07-01 11:09:19.275 | INFO     | utils.common:log:12 - step: 87/100 Loss: 9.8145\9.871 Lr: 1.000e-3 Mem: 43.600 GB Throughput_tokens: 37109.4574
2025-07-01 11:09:20.311 | INFO     | utils.common:log:12 - step: 88/100 Loss: 9.8044\9.865 Lr: 1.000e-3 Mem: 43.600 GB Throughput_tokens: 41659.6216
2025-07-01 11:09:21.415 | INFO     | utils.common:log:12 - step: 89/100 Loss: 9.7968\9.858 Lr: 1.000e-3 Mem: 43.600 GB Throughput_tokens: 46554.6542
2025-07-01 11:09:22.566 | INFO     | utils.common:log:12 - step: 90/100 Loss: 9.7758\9.850 Lr: 1.000e-3 Mem: 43.600 GB Throughput_tokens: 43101.3669
2025-07-01 11:09:22.566 | INFO     | utils.common:log:12 - ETA: 00:00:10 
2025-07-01 11:09:23.674 | INFO     | utils.common:log:12 - step: 91/100 Loss: 9.7955\9.844 Lr: 1.000e-3 Mem: 43.601 GB Throughput_tokens: 45487.5623
2025-07-01 11:09:24.717 | INFO     | utils.common:log:12 - step: 92/100 Loss: 9.7679\9.837 Lr: 1.000e-3 Mem: 43.601 GB Throughput_tokens: 47018.2370
2025-07-01 11:09:25.803 | INFO     | utils.common:log:12 - step: 93/100 Loss: 9.7516\9.828 Lr: 1.000e-3 Mem: 43.601 GB Throughput_tokens: 45641.7012
2025-07-01 11:09:27.201 | INFO     | utils.common:log:12 - step: 94/100 Loss: 9.7346\9.819 Lr: 1.000e-3 Mem: 43.601 GB Throughput_tokens: 39856.5178
2025-07-01 11:09:28.219 | INFO     | utils.common:log:12 - step: 95/100 Loss: 9.7395\9.811 Lr: 1.000e-3 Mem: 43.601 GB Throughput_tokens: 52136.5934
2025-07-01 11:09:29.273 | INFO     | utils.common:log:12 - step: 96/100 Loss: 9.7348\9.803 Lr: 1.000e-3 Mem: 43.601 GB Throughput_tokens: 47175.7732
2025-07-01 11:09:30.328 | INFO     | utils.common:log:12 - step: 97/100 Loss: 9.7446\9.797 Lr: 1.000e-3 Mem: 43.601 GB Throughput_tokens: 42272.3486
2025-07-01 11:09:31.378 | INFO     | utils.common:log:12 - step: 98/100 Loss: 9.7592\9.794 Lr: 1.000e-3 Mem: 43.601 GB Throughput_tokens: 38745.4848
2025-07-01 11:09:32.434 | INFO     | utils.common:log:12 - step: 99/100 Loss: 9.7018\9.784 Lr: 1.000e-3 Mem: 43.601 GB Throughput_tokens: 42895.4851
2025-07-01 11:09:33.519 | INFO     | utils.common:log:12 - step: 100/100 Loss: 9.7176\9.778 Lr: 1.000e-3 Mem: 43.601 GB Throughput_tokens: 38238.9633
2025-07-01 11:09:33.519 | INFO     | utils.common:log:12 - ETA: 00:00:00 
2025-07-01 11:09:34.573 | INFO     | utils.common:log:12 - step: 101/100 Loss: 9.7082\9.771 Lr: 1.000e-3 Mem: 43.609 GB Throughput_tokens: 43330.1909
Rank 1 stopping training2025-07-01 11:09:34.593 | INFO     | utils.common:log:12 - attain assigned training step 100. Stop Training

Rank 0 stopping training
2025-07-01 11:09:34.608 | INFO     | utils.common:log:12 - finish training
2025-07-01 11:09:34.609 | INFO     | utils.common:log:12 - The total Training Time: Avg_time: 1108.7989056396484, Min_time: 996.8562622070312, Max_time: 1563.3521728515625
2025-07-01 11:09:34.654 | INFO     | utils.common:log:12 - Total Time: 00:01:55
