W0701 11:01:28.337000 556865 site-packages/torch/distributed/run.py:766] 
W0701 11:01:28.337000 556865 site-packages/torch/distributed/run.py:766] *****************************************
W0701 11:01:28.337000 556865 site-packages/torch/distributed/run.py:766] Setting OMP_NUM_THREADS environment variable for each process to be 1 in default, to avoid your system being overloaded, please further tune the variable for optimal performance in your application as needed. 
W0701 11:01:28.337000 556865 site-packages/torch/distributed/run.py:766] *****************************************
2025-07-01 11:01:33.682 | INFO     | utils.common:log:12 - Process group initialize
2025-07-01 11:01:33.682 | INFO     | utils.common:log:12 - ****************************************
2025-07-01 11:01:33.682 | INFO     | utils.common:log:12 - Start training with arguments
2025-07-01 11:01:33.682 | INFO     | utils.common:log:12 - lr                             0.001
2025-07-01 11:01:33.682 | INFO     | utils.common:log:12 - batch_size                     64
2025-07-01 11:01:33.682 | INFO     | utils.common:log:12 - total_batch_size               64
2025-07-01 11:01:33.682 | INFO     | utils.common:log:12 - max_length                     1024
2025-07-01 11:01:33.682 | INFO     | utils.common:log:12 - num_training_steps             100
2025-07-01 11:01:33.682 | INFO     | utils.common:log:12 - grad_clip                      0.0
2025-07-01 11:01:33.682 | INFO     | utils.common:log:12 - warmup                         1000
2025-07-01 11:01:33.682 | INFO     | utils.common:log:12 - constant_lr                    True
2025-07-01 11:01:33.682 | INFO     | utils.common:log:12 - seed                           42
2025-07-01 11:01:33.682 | INFO     | utils.common:log:12 - mixed_precision                bf16
2025-07-01 11:01:33.682 | INFO     | utils.common:log:12 - comp_dim                       128
2025-07-01 11:01:33.682 | INFO     | utils.common:log:12 - tau                            10
2025-07-01 11:01:33.682 | INFO     | utils.common:log:12 - gene_method                    cd
2025-07-01 11:01:33.682 | INFO     | utils.common:log:12 - jump_certain_modules           False
2025-07-01 11:01:33.682 | INFO     | utils.common:log:12 - update_cp_freq                 50
2025-07-01 11:01:33.682 | INFO     | utils.common:log:12 - adaptive_cp_rate               0.0
2025-07-01 11:01:33.682 | INFO     | utils.common:log:12 - model_config                   configs/llama_60m.json
2025-07-01 11:01:33.682 | INFO     | utils.common:log:12 - optimizer                      subscafsgd
2025-07-01 11:01:33.682 | INFO     | utils.common:log:12 - momentum                       0.0
2025-07-01 11:01:33.682 | INFO     | utils.common:log:12 - dampening                      0
2025-07-01 11:01:33.682 | INFO     | utils.common:log:12 - weight_decay                   0
2025-07-01 11:01:33.683 | INFO     | utils.common:log:12 - nesterov                       False
2025-07-01 11:01:33.683 | INFO     | utils.common:log:12 - per_layer_weight_update        False
2025-07-01 11:01:33.683 | INFO     | utils.common:log:12 - use_wandb                      False
2025-07-01 11:01:33.683 | INFO     | utils.common:log:12 - wandb_run_name                 real_lazy_update
2025-07-01 11:01:33.683 | INFO     | utils.common:log:12 - use_tqdm                       False
2025-07-01 11:01:33.683 | INFO     | utils.common:log:12 - use_log                        True
2025-07-01 11:01:33.683 | INFO     | utils.common:log:12 - mem_monitor                    False
2025-07-01 11:01:33.683 | INFO     | utils.common:log:12 - flash_attn                     False
2025-07-01 11:01:33.683 | INFO     | utils.common:log:12 - ckpt                           True
2025-07-01 11:01:33.683 | INFO     | utils.common:log:12 - measure_comm                   False
2025-07-01 11:01:33.683 | INFO     | utils.common:log:12 - measure_all                    True
2025-07-01 11:01:33.683 | INFO     | utils.common:log:12 - change_cd                      3000
2025-07-01 11:01:33.683 | INFO     | utils.common:log:12 - ****************************************
/home/xuyuqi/.conda/envs/minimind/lib/python3.10/site-packages/transformers/generation/configuration_utils.py:606: UserWarning: `pad_token_id` should be positive but got -1. This will cause errors when batch generating, if there is padding. Please set `pad_token_id` explicitly as `model.generation_config.pad_token_id=PAD_TOKEN_ID` to avoid errors in generation
  warnings.warn(
/home/xuyuqi/.conda/envs/minimind/lib/python3.10/site-packages/transformers/generation/configuration_utils.py:606: UserWarning: `pad_token_id` should be positive but got -1. This will cause errors when batch generating, if there is padding. Please set `pad_token_id` explicitly as `model.generation_config.pad_token_id=PAD_TOKEN_ID` to avoid errors in generation
  warnings.warn(
2025-07-01 11:01:37.666 | INFO     | utils.common:log:12 - enable Subspace Scaffold for weights in module: q_proj
2025-07-01 11:01:37.686 | INFO     | utils.common:log:12 - enable Subspace Scaffold for weights in module: k_proj
2025-07-01 11:01:37.687 | INFO     | utils.common:log:12 - enable Subspace Scaffold for weights in module: v_proj
2025-07-01 11:01:37.688 | INFO     | utils.common:log:12 - enable Subspace Scaffold for weights in module: o_proj
2025-07-01 11:01:37.689 | INFO     | utils.common:log:12 - enable Subspace Scaffold for weights in module: gate_proj
2025-07-01 11:01:37.689 | INFO     | utils.common:log:12 - enable Subspace Scaffold for weights in module: up_proj
2025-07-01 11:01:37.689 | INFO     | utils.common:log:12 - enable Subspace Scaffold for weights in module: down_proj
2025-07-01 11:01:37.696 | INFO     | utils.common:log:12 - enable Subspace Scaffold for weights in module: q_proj
2025-07-01 11:01:37.696 | INFO     | utils.common:log:12 - enable Subspace Scaffold for weights in module: k_proj
2025-07-01 11:01:37.697 | INFO     | utils.common:log:12 - enable Subspace Scaffold for weights in module: v_proj
2025-07-01 11:01:37.697 | INFO     | utils.common:log:12 - enable Subspace Scaffold for weights in module: o_proj
2025-07-01 11:01:37.698 | INFO     | utils.common:log:12 - enable Subspace Scaffold for weights in module: gate_proj
2025-07-01 11:01:37.698 | INFO     | utils.common:log:12 - enable Subspace Scaffold for weights in module: up_proj
2025-07-01 11:01:37.699 | INFO     | utils.common:log:12 - enable Subspace Scaffold for weights in module: down_proj
2025-07-01 11:01:37.699 | INFO     | utils.common:log:12 - enable Subspace Scaffold for weights in module: q_proj
2025-07-01 11:01:37.699 | INFO     | utils.common:log:12 - enable Subspace Scaffold for weights in module: k_proj
2025-07-01 11:01:37.700 | INFO     | utils.common:log:12 - enable Subspace Scaffold for weights in module: v_proj
2025-07-01 11:01:37.700 | INFO     | utils.common:log:12 - enable Subspace Scaffold for weights in module: o_proj
2025-07-01 11:01:37.701 | INFO     | utils.common:log:12 - enable Subspace Scaffold for weights in module: gate_proj
2025-07-01 11:01:37.702 | INFO     | utils.common:log:12 - enable Subspace Scaffold for weights in module: up_proj
2025-07-01 11:01:37.702 | INFO     | utils.common:log:12 - enable Subspace Scaffold for weights in module: down_proj
2025-07-01 11:01:37.703 | INFO     | utils.common:log:12 - enable Subspace Scaffold for weights in module: q_proj
2025-07-01 11:01:37.703 | INFO     | utils.common:log:12 - enable Subspace Scaffold for weights in module: k_proj
2025-07-01 11:01:37.704 | INFO     | utils.common:log:12 - enable Subspace Scaffold for weights in module: v_proj
2025-07-01 11:01:37.704 | INFO     | utils.common:log:12 - enable Subspace Scaffold for weights in module: o_proj
2025-07-01 11:01:37.705 | INFO     | utils.common:log:12 - enable Subspace Scaffold for weights in module: gate_proj
2025-07-01 11:01:37.706 | INFO     | utils.common:log:12 - enable Subspace Scaffold for weights in module: up_proj
2025-07-01 11:01:37.706 | INFO     | utils.common:log:12 - enable Subspace Scaffold for weights in module: down_proj
2025-07-01 11:01:37.707 | INFO     | utils.common:log:12 - enable Subspace Scaffold for weights in module: q_proj
2025-07-01 11:01:37.707 | INFO     | utils.common:log:12 - enable Subspace Scaffold for weights in module: k_proj
2025-07-01 11:01:37.708 | INFO     | utils.common:log:12 - enable Subspace Scaffold for weights in module: v_proj
2025-07-01 11:01:37.708 | INFO     | utils.common:log:12 - enable Subspace Scaffold for weights in module: o_proj
2025-07-01 11:01:37.708 | INFO     | utils.common:log:12 - enable Subspace Scaffold for weights in module: gate_proj
2025-07-01 11:01:37.709 | INFO     | utils.common:log:12 - enable Subspace Scaffold for weights in module: up_proj
2025-07-01 11:01:37.709 | INFO     | utils.common:log:12 - enable Subspace Scaffold for weights in module: down_proj
2025-07-01 11:01:37.710 | INFO     | utils.common:log:12 - enable Subspace Scaffold for weights in module: q_proj
2025-07-01 11:01:37.710 | INFO     | utils.common:log:12 - enable Subspace Scaffold for weights in module: k_proj
2025-07-01 11:01:37.711 | INFO     | utils.common:log:12 - enable Subspace Scaffold for weights in module: v_proj
2025-07-01 11:01:37.711 | INFO     | utils.common:log:12 - enable Subspace Scaffold for weights in module: o_proj
2025-07-01 11:01:37.712 | INFO     | utils.common:log:12 - enable Subspace Scaffold for weights in module: gate_proj
2025-07-01 11:01:37.712 | INFO     | utils.common:log:12 - enable Subspace Scaffold for weights in module: up_proj
2025-07-01 11:01:37.712 | INFO     | utils.common:log:12 - enable Subspace Scaffold for weights in module: down_proj
2025-07-01 11:01:37.713 | INFO     | utils.common:log:12 - enable Subspace Scaffold for weights in module: q_proj
2025-07-01 11:01:37.713 | INFO     | utils.common:log:12 - enable Subspace Scaffold for weights in module: k_proj
2025-07-01 11:01:37.714 | INFO     | utils.common:log:12 - enable Subspace Scaffold for weights in module: v_proj
2025-07-01 11:01:37.714 | INFO     | utils.common:log:12 - enable Subspace Scaffold for weights in module: o_proj
2025-07-01 11:01:37.715 | INFO     | utils.common:log:12 - enable Subspace Scaffold for weights in module: gate_proj
2025-07-01 11:01:37.715 | INFO     | utils.common:log:12 - enable Subspace Scaffold for weights in module: up_proj
2025-07-01 11:01:37.716 | INFO     | utils.common:log:12 - enable Subspace Scaffold for weights in module: down_proj
2025-07-01 11:01:37.717 | INFO     | utils.common:log:12 - enable Subspace Scaffold for weights in module: q_proj
2025-07-01 11:01:37.717 | INFO     | utils.common:log:12 - enable Subspace Scaffold for weights in module: k_proj
2025-07-01 11:01:37.718 | INFO     | utils.common:log:12 - enable Subspace Scaffold for weights in module: v_proj
2025-07-01 11:01:37.718 | INFO     | utils.common:log:12 - enable Subspace Scaffold for weights in module: o_proj
2025-07-01 11:01:37.718 | INFO     | utils.common:log:12 - enable Subspace Scaffold for weights in module: gate_proj
2025-07-01 11:01:37.719 | INFO     | utils.common:log:12 - enable Subspace Scaffold for weights in module: up_proj
2025-07-01 11:01:37.719 | INFO     | utils.common:log:12 - enable Subspace Scaffold for weights in module: down_proj
2025-07-01 11:01:37.720 | INFO     | utils.common:log:12 - 
LlamaForCausalLM(
  (model): LlamaModel(
    (embed_tokens): Embedding(32000, 512, padding_idx=31999)
    (layers): ModuleList(
      (0-7): 8 x LlamaDecoderLayer(
        (self_attn): LlamaAttention(
          (q_proj): SubScafLinear(in_feartures=128, out_features=512)
          (k_proj): SubScafLinear(in_feartures=128, out_features=512)
          (v_proj): SubScafLinear(in_feartures=128, out_features=512)
          (o_proj): SubScafLinear(in_feartures=128, out_features=512)
        )
        (mlp): LlamaMLP(
          (gate_proj): SubScafLinear(in_feartures=128, out_features=1376)
          (up_proj): SubScafLinear(in_feartures=128, out_features=1376)
          (down_proj): SubScafLinear(in_feartures=128, out_features=512)
          (act_fn): SiLU()
        )
        (input_layernorm): LlamaRMSNorm((512,), eps=1e-06)
        (post_attention_layernorm): LlamaRMSNorm((512,), eps=1e-06)
      )
    )
    (norm): LlamaRMSNorm((512,), eps=1e-06)
    (rotary_emb): LlamaRotaryEmbedding()
  )
  (lm_head): Linear(in_features=512, out_features=32000, bias=False)
)

2025-07-01 11:01:37.720 | INFO     | utils.common:log:12 - Total params: 58.07M
2025-07-01 11:01:37.720 | INFO     | utils.common:log:12 - Trainable params before compression: 58.07M
2025-07-01 11:01:37.720 | INFO     | utils.common:log:12 - Trainable params after compression: 38.22M
2025-07-01 11:01:37.720 | INFO     | utils.common:log:12 - Total params with Subspace Scaffold enabled: 5.44M
/home/xuyuqi/.conda/envs/minimind/lib/python3.10/site-packages/torch/_dynamo/eval_frame.py:838: UserWarning: torch.utils.checkpoint: the use_reentrant parameter should be passed explicitly. In version 2.5 we will raise an exception if use_reentrant is not passed. use_reentrant=False is recommended, but if you need to preserve the current default behavior, you can pass use_reentrant=True. Refer to docs for more details on the differences between the two variants.
  return fn(*args, **kwargs)
/home/xuyuqi/.conda/envs/minimind/lib/python3.10/site-packages/torch/_dynamo/eval_frame.py:838: UserWarning: torch.utils.checkpoint: the use_reentrant parameter should be passed explicitly. In version 2.5 we will raise an exception if use_reentrant is not passed. use_reentrant=False is recommended, but if you need to preserve the current default behavior, you can pass use_reentrant=True. Refer to docs for more details on the differences between the two variants.
  return fn(*args, **kwargs)
/home/xuyuqi/.conda/envs/minimind/lib/python3.10/site-packages/torch/autograd/graph.py:824: UserWarning: c10d::broadcast_: an autograd kernel was not registered to the Autograd key(s) but we are trying to backprop through it. This may lead to silently incorrect behavior. This behavior is deprecated and will be removed in a future version of PyTorch. If your operator is differentiable, please ensure you have registered an autograd kernel to the correct Autograd key (e.g. DispatchKey::Autograd, DispatchKey::CompositeImplicitAutograd). If your operator is not differentiable, or to squash this warning and use the previous behavior, please register torch::CppFunction::makeFallthrough() to DispatchKey::Autograd. (Triggered internally at /pytorch/torch/csrc/autograd/autograd_not_implemented_fallback.cpp:62.)
  return Variable._execution_engine.run_backward(  # Calls into the C++ engine to run the backward pass
/home/xuyuqi/.conda/envs/minimind/lib/python3.10/site-packages/torch/autograd/graph.py:824: UserWarning: c10d::broadcast_: an autograd kernel was not registered to the Autograd key(s) but we are trying to backprop through it. This may lead to silently incorrect behavior. This behavior is deprecated and will be removed in a future version of PyTorch. If your operator is differentiable, please ensure you have registered an autograd kernel to the correct Autograd key (e.g. DispatchKey::Autograd, DispatchKey::CompositeImplicitAutograd). If your operator is not differentiable, or to squash this warning and use the previous behavior, please register torch::CppFunction::makeFallthrough() to DispatchKey::Autograd. (Triggered internally at /pytorch/torch/csrc/autograd/autograd_not_implemented_fallback.cpp:62.)
  return Variable._execution_engine.run_backward(  # Calls into the C++ engine to run the backward pass
2025-07-01 11:01:40.109 | INFO     | utils.common:log:12 - step: 1/100 Loss: 10.4743\10.474 Lr: 1.000e-3 Mem: 39.924 GB Throughput_tokens: 19152.5761
2025-07-01 11:01:41.084 | INFO     | utils.common:log:12 - step: 2/100 Loss: 10.4781\10.475 Lr: 1.000e-3 Mem: 39.932 GB Throughput_tokens: 51544.5552
2025-07-01 11:01:42.103 | INFO     | utils.common:log:12 - step: 3/100 Loss: 10.4817\10.475 Lr: 1.000e-3 Mem: 39.932 GB Throughput_tokens: 52986.2325
2025-07-01 11:01:43.117 | INFO     | utils.common:log:12 - step: 4/100 Loss: 10.4666\10.475 Lr: 1.000e-3 Mem: 39.932 GB Throughput_tokens: 49776.9148
2025-07-01 11:01:44.137 | INFO     | utils.common:log:12 - step: 5/100 Loss: 10.4749\10.475 Lr: 1.000e-3 Mem: 39.932 GB Throughput_tokens: 54459.0507
2025-07-01 11:01:45.158 | INFO     | utils.common:log:12 - step: 6/100 Loss: 10.4741\10.475 Lr: 1.000e-3 Mem: 39.932 GB Throughput_tokens: 44531.1380
2025-07-01 11:01:46.185 | INFO     | utils.common:log:12 - step: 7/100 Loss: 10.4596\10.473 Lr: 1.000e-3 Mem: 39.932 GB Throughput_tokens: 50310.7219
2025-07-01 11:01:47.208 | INFO     | utils.common:log:12 - step: 8/100 Loss: 10.4680\10.473 Lr: 1.000e-3 Mem: 39.932 GB Throughput_tokens: 51548.4496
2025-07-01 11:01:48.228 | INFO     | utils.common:log:12 - step: 9/100 Loss: 10.4701\10.472 Lr: 1.000e-3 Mem: 39.932 GB Throughput_tokens: 60098.6838
2025-07-01 11:01:49.277 | INFO     | utils.common:log:12 - step: 10/100 Loss: 10.4581\10.471 Lr: 1.000e-3 Mem: 39.932 GB Throughput_tokens: 48080.2600
2025-07-01 11:01:49.277 | INFO     | utils.common:log:12 - ETA: 00:02:19 
2025-07-01 11:01:50.298 | INFO     | utils.common:log:12 - step: 11/100 Loss: 10.4679\10.471 Lr: 1.000e-3 Mem: 39.932 GB Throughput_tokens: 56281.1901
2025-07-01 11:01:51.267 | INFO     | utils.common:log:12 - step: 12/100 Loss: 10.4729\10.471 Lr: 1.000e-3 Mem: 39.932 GB Throughput_tokens: 52023.4448
2025-07-01 11:01:52.347 | INFO     | utils.common:log:12 - step: 13/100 Loss: 10.4546\10.469 Lr: 1.000e-3 Mem: 39.932 GB Throughput_tokens: 45582.2092
2025-07-01 11:01:53.434 | INFO     | utils.common:log:12 - step: 14/100 Loss: 10.4491\10.467 Lr: 1.000e-3 Mem: 39.932 GB Throughput_tokens: 42563.8588
2025-07-01 11:01:54.490 | INFO     | utils.common:log:12 - step: 15/100 Loss: 10.4670\10.467 Lr: 1.000e-3 Mem: 39.932 GB Throughput_tokens: 40868.9898
2025-07-01 11:01:55.910 | INFO     | utils.common:log:12 - step: 16/100 Loss: 10.4724\10.468 Lr: 1.000e-3 Mem: 39.932 GB Throughput_tokens: 30388.9832
2025-07-01 11:01:56.991 | INFO     | utils.common:log:12 - step: 17/100 Loss: 10.4455\10.465 Lr: 1.000e-3 Mem: 39.932 GB Throughput_tokens: 46831.0454
2025-07-01 11:01:58.070 | INFO     | utils.common:log:12 - step: 18/100 Loss: 10.4717\10.466 Lr: 1.000e-3 Mem: 39.932 GB Throughput_tokens: 45032.6973
2025-07-01 11:01:59.075 | INFO     | utils.common:log:12 - step: 19/100 Loss: 10.4539\10.465 Lr: 1.000e-3 Mem: 39.932 GB Throughput_tokens: 52704.1301
2025-07-01 11:02:00.157 | INFO     | utils.common:log:12 - step: 20/100 Loss: 10.4453\10.463 Lr: 1.000e-3 Mem: 39.932 GB Throughput_tokens: 51756.8328
2025-07-01 11:02:00.157 | INFO     | utils.common:log:12 - ETA: 00:01:39 
2025-07-01 11:02:01.287 | INFO     | utils.common:log:12 - step: 21/100 Loss: 10.4641\10.463 Lr: 1.000e-3 Mem: 39.932 GB Throughput_tokens: 48403.5792
2025-07-01 11:02:02.361 | INFO     | utils.common:log:12 - step: 22/100 Loss: 10.4379\10.461 Lr: 1.000e-3 Mem: 39.932 GB Throughput_tokens: 45699.8215
2025-07-01 11:02:03.348 | INFO     | utils.common:log:12 - step: 23/100 Loss: 10.4540\10.460 Lr: 1.000e-3 Mem: 39.932 GB Throughput_tokens: 50650.4511
2025-07-01 11:02:04.420 | INFO     | utils.common:log:12 - step: 24/100 Loss: 10.4513\10.459 Lr: 1.000e-3 Mem: 39.932 GB Throughput_tokens: 42469.5799
2025-07-01 11:02:05.488 | INFO     | utils.common:log:12 - step: 25/100 Loss: 10.4292\10.456 Lr: 1.000e-3 Mem: 39.932 GB Throughput_tokens: 46281.2725
2025-07-01 11:02:06.559 | INFO     | utils.common:log:12 - step: 26/100 Loss: 10.4447\10.455 Lr: 1.000e-3 Mem: 39.932 GB Throughput_tokens: 56889.1066
2025-07-01 11:02:07.545 | INFO     | utils.common:log:12 - step: 27/100 Loss: 10.4389\10.453 Lr: 1.000e-3 Mem: 39.932 GB Throughput_tokens: 53396.5452
2025-07-01 11:02:08.613 | INFO     | utils.common:log:12 - step: 28/100 Loss: 10.4384\10.452 Lr: 1.000e-3 Mem: 39.932 GB Throughput_tokens: 40716.1632
2025-07-01 11:02:09.689 | INFO     | utils.common:log:12 - step: 29/100 Loss: 10.4312\10.450 Lr: 1.000e-3 Mem: 39.932 GB Throughput_tokens: 43190.6065
2025-07-01 11:02:10.792 | INFO     | utils.common:log:12 - step: 30/100 Loss: 10.4360\10.448 Lr: 1.000e-3 Mem: 39.932 GB Throughput_tokens: 41970.2772
2025-07-01 11:02:10.793 | INFO     | utils.common:log:12 - ETA: 00:01:18 
2025-07-01 11:02:11.776 | INFO     | utils.common:log:12 - step: 31/100 Loss: 10.4427\10.448 Lr: 1.000e-3 Mem: 39.932 GB Throughput_tokens: 48640.3796
2025-07-01 11:02:13.173 | INFO     | utils.common:log:12 - step: 32/100 Loss: 10.4349\10.447 Lr: 1.000e-3 Mem: 39.932 GB Throughput_tokens: 37881.8567
2025-07-01 11:02:14.238 | INFO     | utils.common:log:12 - step: 33/100 Loss: 10.4165\10.444 Lr: 1.000e-3 Mem: 39.932 GB Throughput_tokens: 40729.4249
2025-07-01 11:02:15.211 | INFO     | utils.common:log:12 - step: 34/100 Loss: 10.4370\10.443 Lr: 1.000e-3 Mem: 39.932 GB Throughput_tokens: 45687.4222
2025-07-01 11:02:16.233 | INFO     | utils.common:log:12 - step: 35/100 Loss: 10.4303\10.442 Lr: 1.000e-3 Mem: 39.932 GB Throughput_tokens: 53989.2775
2025-07-01 11:02:17.252 | INFO     | utils.common:log:12 - step: 36/100 Loss: 10.4214\10.440 Lr: 1.000e-3 Mem: 39.932 GB Throughput_tokens: 53275.3570
2025-07-01 11:02:18.273 | INFO     | utils.common:log:12 - step: 37/100 Loss: 10.4237\10.438 Lr: 1.000e-3 Mem: 39.932 GB Throughput_tokens: 48199.1591
2025-07-01 11:02:19.289 | INFO     | utils.common:log:12 - step: 38/100 Loss: 10.4118\10.435 Lr: 1.000e-3 Mem: 39.932 GB Throughput_tokens: 57773.4223
2025-07-01 11:02:20.314 | INFO     | utils.common:log:12 - step: 39/100 Loss: 10.4264\10.434 Lr: 1.000e-3 Mem: 39.932 GB Throughput_tokens: 44890.9800
2025-07-01 11:02:21.354 | INFO     | utils.common:log:12 - step: 40/100 Loss: 10.4159\10.433 Lr: 1.000e-3 Mem: 39.932 GB Throughput_tokens: 46809.8990
2025-07-01 11:02:21.355 | INFO     | utils.common:log:12 - ETA: 00:01:04 
2025-07-01 11:02:22.379 | INFO     | utils.common:log:12 - step: 41/100 Loss: 10.4214\10.432 Lr: 1.000e-3 Mem: 39.932 GB Throughput_tokens: 54452.7618
2025-07-01 11:02:23.397 | INFO     | utils.common:log:12 - step: 42/100 Loss: 10.4240\10.431 Lr: 1.000e-3 Mem: 39.932 GB Throughput_tokens: 43056.4656
2025-07-01 11:02:24.421 | INFO     | utils.common:log:12 - step: 43/100 Loss: 10.4090\10.429 Lr: 1.000e-3 Mem: 39.932 GB Throughput_tokens: 47121.1687
2025-07-01 11:02:25.441 | INFO     | utils.common:log:12 - step: 44/100 Loss: 10.4021\10.426 Lr: 1.000e-3 Mem: 39.932 GB Throughput_tokens: 54715.5024
2025-07-01 11:02:26.435 | INFO     | utils.common:log:12 - step: 45/100 Loss: 10.4134\10.425 Lr: 1.000e-3 Mem: 39.932 GB Throughput_tokens: 49748.9744
2025-07-01 11:02:27.487 | INFO     | utils.common:log:12 - step: 46/100 Loss: 10.4215\10.424 Lr: 1.000e-3 Mem: 39.932 GB Throughput_tokens: 46410.8974
2025-07-01 11:02:28.894 | INFO     | utils.common:log:12 - step: 47/100 Loss: 10.4033\10.422 Lr: 1.000e-3 Mem: 39.932 GB Throughput_tokens: 35874.7395
2025-07-01 11:02:29.897 | INFO     | utils.common:log:12 - step: 48/100 Loss: 10.4145\10.421 Lr: 1.000e-3 Mem: 39.932 GB Throughput_tokens: 42627.9648
2025-07-01 11:02:30.966 | INFO     | utils.common:log:12 - step: 49/100 Loss: 10.3886\10.418 Lr: 1.000e-3 Mem: 39.932 GB Throughput_tokens: 53462.4910
2025-07-01 11:02:32.069 | INFO     | utils.common:log:12 - step: 50/100 Loss: 10.4082\10.417 Lr: 1.000e-3 Mem: 39.932 GB Throughput_tokens: 38421.5414
2025-07-01 11:02:32.070 | INFO     | utils.common:log:12 - ETA: 00:00:53 
2025-07-01 11:02:33.137 | INFO     | utils.common:log:12 - step: 51/100 Loss: 10.3985\10.415 Lr: 1.000e-3 Mem: 39.933 GB Throughput_tokens: 45144.7415
2025-07-01 11:02:34.141 | INFO     | utils.common:log:12 - step: 52/100 Loss: 10.4072\10.415 Lr: 1.000e-3 Mem: 39.933 GB Throughput_tokens: 56480.1385
2025-07-01 11:02:35.211 | INFO     | utils.common:log:12 - step: 53/100 Loss: 10.3906\10.412 Lr: 1.000e-3 Mem: 39.933 GB Throughput_tokens: 48648.5560
2025-07-01 11:02:36.287 | INFO     | utils.common:log:12 - step: 54/100 Loss: 10.4020\10.411 Lr: 1.000e-3 Mem: 39.933 GB Throughput_tokens: 44235.0036
2025-07-01 11:02:37.359 | INFO     | utils.common:log:12 - step: 55/100 Loss: 10.3873\10.409 Lr: 1.000e-3 Mem: 39.933 GB Throughput_tokens: 43855.1191
2025-07-01 11:02:38.356 | INFO     | utils.common:log:12 - step: 56/100 Loss: 10.3960\10.407 Lr: 1.000e-3 Mem: 39.933 GB Throughput_tokens: 49165.0816
2025-07-01 11:02:39.423 | INFO     | utils.common:log:12 - step: 57/100 Loss: 10.3923\10.406 Lr: 1.000e-3 Mem: 39.933 GB Throughput_tokens: 40264.8231
2025-07-01 11:02:40.507 | INFO     | utils.common:log:12 - step: 58/100 Loss: 10.4019\10.406 Lr: 1.000e-3 Mem: 39.933 GB Throughput_tokens: 50935.4921
2025-07-01 11:02:41.561 | INFO     | utils.common:log:12 - step: 59/100 Loss: 10.4022\10.405 Lr: 1.000e-3 Mem: 39.933 GB Throughput_tokens: 45685.3898
2025-07-01 11:02:42.585 | INFO     | utils.common:log:12 - step: 60/100 Loss: 10.3884\10.404 Lr: 1.000e-3 Mem: 39.933 GB Throughput_tokens: 53197.5941
2025-07-01 11:02:42.586 | INFO     | utils.common:log:12 - ETA: 00:00:42 
2025-07-01 11:02:43.660 | INFO     | utils.common:log:12 - step: 61/100 Loss: 10.3965\10.403 Lr: 1.000e-3 Mem: 39.932 GB Throughput_tokens: 42375.9186
2025-07-01 11:02:44.723 | INFO     | utils.common:log:12 - step: 62/100 Loss: 10.3896\10.402 Lr: 1.000e-3 Mem: 39.932 GB Throughput_tokens: 47534.1466
2025-07-01 11:02:46.150 | INFO     | utils.common:log:12 - step: 63/100 Loss: 10.3825\10.400 Lr: 1.000e-3 Mem: 39.932 GB Throughput_tokens: 41536.9141
2025-07-01 11:02:47.228 | INFO     | utils.common:log:12 - step: 64/100 Loss: 10.3874\10.398 Lr: 1.000e-3 Mem: 39.932 GB Throughput_tokens: 50422.0539
2025-07-01 11:02:48.299 | INFO     | utils.common:log:12 - step: 65/100 Loss: 10.3794\10.396 Lr: 1.000e-3 Mem: 39.932 GB Throughput_tokens: 45382.2473
2025-07-01 11:02:49.379 | INFO     | utils.common:log:12 - step: 66/100 Loss: 10.3691\10.394 Lr: 1.000e-3 Mem: 39.932 GB Throughput_tokens: 47071.4582
2025-07-01 11:02:50.333 | INFO     | utils.common:log:12 - step: 67/100 Loss: 10.3921\10.394 Lr: 1.000e-3 Mem: 39.932 GB Throughput_tokens: 51801.4966
2025-07-01 11:02:51.352 | INFO     | utils.common:log:12 - step: 68/100 Loss: 10.3834\10.393 Lr: 1.000e-3 Mem: 39.932 GB Throughput_tokens: 40671.1627
2025-07-01 11:02:52.369 | INFO     | utils.common:log:12 - step: 69/100 Loss: 10.3848\10.392 Lr: 1.000e-3 Mem: 39.932 GB Throughput_tokens: 38478.4542
2025-07-01 11:02:53.405 | INFO     | utils.common:log:12 - step: 70/100 Loss: 10.3796\10.391 Lr: 1.000e-3 Mem: 39.932 GB Throughput_tokens: 45140.2354
2025-07-01 11:02:53.405 | INFO     | utils.common:log:12 - ETA: 00:00:31 
2025-07-01 11:02:54.422 | INFO     | utils.common:log:12 - step: 71/100 Loss: 10.3738\10.389 Lr: 1.000e-3 Mem: 39.932 GB Throughput_tokens: 48754.3406
2025-07-01 11:02:55.440 | INFO     | utils.common:log:12 - step: 72/100 Loss: 10.3698\10.387 Lr: 1.000e-3 Mem: 39.932 GB Throughput_tokens: 51189.2779
2025-07-01 11:02:56.456 | INFO     | utils.common:log:12 - step: 73/100 Loss: 10.3759\10.386 Lr: 1.000e-3 Mem: 39.932 GB Throughput_tokens: 50153.3626
2025-07-01 11:02:57.476 | INFO     | utils.common:log:12 - step: 74/100 Loss: 10.3768\10.385 Lr: 1.000e-3 Mem: 39.932 GB Throughput_tokens: 53796.1297
2025-07-01 11:02:58.499 | INFO     | utils.common:log:12 - step: 75/100 Loss: 10.3656\10.383 Lr: 1.000e-3 Mem: 39.932 GB Throughput_tokens: 47988.4479
2025-07-01 11:02:59.518 | INFO     | utils.common:log:12 - step: 76/100 Loss: 10.3600\10.381 Lr: 1.000e-3 Mem: 39.932 GB Throughput_tokens: 49602.0508
2025-07-01 11:03:00.481 | INFO     | utils.common:log:12 - step: 77/100 Loss: 10.3720\10.380 Lr: 1.000e-3 Mem: 39.932 GB Throughput_tokens: 49133.6583
2025-07-01 11:03:01.523 | INFO     | utils.common:log:12 - step: 78/100 Loss: 10.3430\10.376 Lr: 1.000e-3 Mem: 39.932 GB Throughput_tokens: 48451.2934
2025-07-01 11:03:02.909 | INFO     | utils.common:log:12 - step: 79/100 Loss: 10.3727\10.376 Lr: 1.000e-3 Mem: 39.932 GB Throughput_tokens: 37796.1725
2025-07-01 11:03:04.010 | INFO     | utils.common:log:12 - step: 80/100 Loss: 10.3624\10.374 Lr: 1.000e-3 Mem: 39.932 GB Throughput_tokens: 42985.8279
2025-07-01 11:03:04.011 | INFO     | utils.common:log:12 - ETA: 00:00:21 
2025-07-01 11:03:05.004 | INFO     | utils.common:log:12 - step: 81/100 Loss: 10.3731\10.374 Lr: 1.000e-3 Mem: 39.932 GB Throughput_tokens: 47499.1653
2025-07-01 11:03:06.071 | INFO     | utils.common:log:12 - step: 82/100 Loss: 10.3731\10.374 Lr: 1.000e-3 Mem: 39.932 GB Throughput_tokens: 45112.1447
2025-07-01 11:03:07.131 | INFO     | utils.common:log:12 - step: 83/100 Loss: 10.3555\10.372 Lr: 1.000e-3 Mem: 39.932 GB Throughput_tokens: 36805.0170
2025-07-01 11:03:08.186 | INFO     | utils.common:log:12 - step: 84/100 Loss: 10.3542\10.371 Lr: 1.000e-3 Mem: 39.932 GB Throughput_tokens: 44652.8970
2025-07-01 11:03:09.207 | INFO     | utils.common:log:12 - step: 85/100 Loss: 10.3470\10.368 Lr: 1.000e-3 Mem: 39.932 GB Throughput_tokens: 44429.6096
2025-07-01 11:03:10.287 | INFO     | utils.common:log:12 - step: 86/100 Loss: 10.3468\10.366 Lr: 1.000e-3 Mem: 39.932 GB Throughput_tokens: 46288.1822
2025-07-01 11:03:11.367 | INFO     | utils.common:log:12 - step: 87/100 Loss: 10.3397\10.363 Lr: 1.000e-3 Mem: 39.932 GB Throughput_tokens: 37908.2312
2025-07-01 11:03:12.355 | INFO     | utils.common:log:12 - step: 88/100 Loss: 10.3343\10.360 Lr: 1.000e-3 Mem: 39.932 GB Throughput_tokens: 43660.0153
2025-07-01 11:03:13.425 | INFO     | utils.common:log:12 - step: 89/100 Loss: 10.3490\10.359 Lr: 1.000e-3 Mem: 39.932 GB Throughput_tokens: 48029.5446
2025-07-01 11:03:14.505 | INFO     | utils.common:log:12 - step: 90/100 Loss: 10.3382\10.357 Lr: 1.000e-3 Mem: 39.932 GB Throughput_tokens: 45391.1088
2025-07-01 11:03:14.506 | INFO     | utils.common:log:12 - ETA: 00:00:10 
2025-07-01 11:03:15.584 | INFO     | utils.common:log:12 - step: 91/100 Loss: 10.3491\10.356 Lr: 1.000e-3 Mem: 39.932 GB Throughput_tokens: 46715.7502
2025-07-01 11:03:16.558 | INFO     | utils.common:log:12 - step: 92/100 Loss: 10.3349\10.354 Lr: 1.000e-3 Mem: 39.932 GB Throughput_tokens: 50336.1908
2025-07-01 11:03:17.622 | INFO     | utils.common:log:12 - step: 93/100 Loss: 10.3469\10.354 Lr: 1.000e-3 Mem: 39.932 GB Throughput_tokens: 46620.7067
2025-07-01 11:03:18.991 | INFO     | utils.common:log:12 - step: 94/100 Loss: 10.3231\10.350 Lr: 1.000e-3 Mem: 39.932 GB Throughput_tokens: 40724.8543
2025-07-01 11:03:20.055 | INFO     | utils.common:log:12 - step: 95/100 Loss: 10.3236\10.348 Lr: 1.000e-3 Mem: 39.932 GB Throughput_tokens: 49833.5679
2025-07-01 11:03:21.039 | INFO     | utils.common:log:12 - step: 96/100 Loss: 10.3389\10.347 Lr: 1.000e-3 Mem: 39.932 GB Throughput_tokens: 50558.5273
2025-07-01 11:03:22.119 | INFO     | utils.common:log:12 - step: 97/100 Loss: 10.3271\10.345 Lr: 1.000e-3 Mem: 39.932 GB Throughput_tokens: 41283.1195
2025-07-01 11:03:23.184 | INFO     | utils.common:log:12 - step: 98/100 Loss: 10.3246\10.343 Lr: 1.000e-3 Mem: 39.932 GB Throughput_tokens: 38210.1943
2025-07-01 11:03:24.258 | INFO     | utils.common:log:12 - step: 99/100 Loss: 10.3298\10.342 Lr: 1.000e-3 Mem: 39.932 GB Throughput_tokens: 42169.9102
2025-07-01 11:03:25.229 | INFO     | utils.common:log:12 - step: 100/100 Loss: 10.3217\10.340 Lr: 1.000e-3 Mem: 39.932 GB Throughput_tokens: 42218.4141
2025-07-01 11:03:25.229 | INFO     | utils.common:log:12 - ETA: 00:00:00 
2025-07-01 11:03:26.248 | INFO     | utils.common:log:12 - step: 101/100 Loss: 10.3257\10.338 Lr: 1.000e-3 Mem: 39.933 GB Throughput_tokens: 44840.7935
2025-07-01 11:03:26.265 | INFO     | utils.common:log:12 - attain assigned training step 100. Stop Training
Rank 0 stopping training
Rank 1 stopping training
2025-07-01 11:03:26.276 | INFO     | utils.common:log:12 - finish training
2025-07-01 11:03:26.276 | INFO     | utils.common:log:12 - The total Training Time: Avg_time: 1076.7668530273438, Min_time: 956.8492431640625, Max_time: 1611.951904296875
2025-07-01 11:03:26.314 | INFO     | utils.common:log:12 - Total Time: 00:01:52
