W0701 11:03:30.504000 557917 site-packages/torch/distributed/run.py:766] 
W0701 11:03:30.504000 557917 site-packages/torch/distributed/run.py:766] *****************************************
W0701 11:03:30.504000 557917 site-packages/torch/distributed/run.py:766] Setting OMP_NUM_THREADS environment variable for each process to be 1 in default, to avoid your system being overloaded, please further tune the variable for optimal performance in your application as needed. 
W0701 11:03:30.504000 557917 site-packages/torch/distributed/run.py:766] *****************************************
2025-07-01 11:03:35.660 | INFO     | utils.common:log:12 - Process group initialize
2025-07-01 11:03:35.660 | INFO     | utils.common:log:12 - ****************************************
2025-07-01 11:03:35.661 | INFO     | utils.common:log:12 - Start training with arguments
2025-07-01 11:03:35.661 | INFO     | utils.common:log:12 - lr                             0.001
2025-07-01 11:03:35.661 | INFO     | utils.common:log:12 - batch_size                     64
2025-07-01 11:03:35.661 | INFO     | utils.common:log:12 - total_batch_size               64
2025-07-01 11:03:35.661 | INFO     | utils.common:log:12 - max_length                     1024
2025-07-01 11:03:35.661 | INFO     | utils.common:log:12 - num_training_steps             100
2025-07-01 11:03:35.661 | INFO     | utils.common:log:12 - grad_clip                      0.0
2025-07-01 11:03:35.661 | INFO     | utils.common:log:12 - warmup                         1000
2025-07-01 11:03:35.661 | INFO     | utils.common:log:12 - constant_lr                    True
2025-07-01 11:03:35.661 | INFO     | utils.common:log:12 - seed                           42
2025-07-01 11:03:35.661 | INFO     | utils.common:log:12 - mixed_precision                bf16
2025-07-01 11:03:35.661 | INFO     | utils.common:log:12 - comp_dim                       64
2025-07-01 11:03:35.661 | INFO     | utils.common:log:12 - tau                            10
2025-07-01 11:03:35.661 | INFO     | utils.common:log:12 - gene_method                    cd
2025-07-01 11:03:35.661 | INFO     | utils.common:log:12 - jump_certain_modules           False
2025-07-01 11:03:35.661 | INFO     | utils.common:log:12 - update_cp_freq                 50
2025-07-01 11:03:35.661 | INFO     | utils.common:log:12 - adaptive_cp_rate               0.0
2025-07-01 11:03:35.661 | INFO     | utils.common:log:12 - model_config                   configs/llama_60m.json
2025-07-01 11:03:35.661 | INFO     | utils.common:log:12 - optimizer                      subscafsgd
2025-07-01 11:03:35.661 | INFO     | utils.common:log:12 - momentum                       0.0
2025-07-01 11:03:35.661 | INFO     | utils.common:log:12 - dampening                      0
2025-07-01 11:03:35.661 | INFO     | utils.common:log:12 - weight_decay                   0
2025-07-01 11:03:35.661 | INFO     | utils.common:log:12 - nesterov                       False
2025-07-01 11:03:35.661 | INFO     | utils.common:log:12 - per_layer_weight_update        False
2025-07-01 11:03:35.661 | INFO     | utils.common:log:12 - use_wandb                      False
2025-07-01 11:03:35.661 | INFO     | utils.common:log:12 - wandb_run_name                 real_lazy_update
2025-07-01 11:03:35.661 | INFO     | utils.common:log:12 - use_tqdm                       False
2025-07-01 11:03:35.661 | INFO     | utils.common:log:12 - use_log                        True
2025-07-01 11:03:35.661 | INFO     | utils.common:log:12 - mem_monitor                    False
2025-07-01 11:03:35.661 | INFO     | utils.common:log:12 - flash_attn                     False
2025-07-01 11:03:35.661 | INFO     | utils.common:log:12 - ckpt                           True
2025-07-01 11:03:35.661 | INFO     | utils.common:log:12 - measure_comm                   False
2025-07-01 11:03:35.661 | INFO     | utils.common:log:12 - measure_all                    True
2025-07-01 11:03:35.662 | INFO     | utils.common:log:12 - change_cd                      3000
2025-07-01 11:03:35.662 | INFO     | utils.common:log:12 - ****************************************
/home/xuyuqi/.conda/envs/minimind/lib/python3.10/site-packages/transformers/generation/configuration_utils.py:606: UserWarning: `pad_token_id` should be positive but got -1. This will cause errors when batch generating, if there is padding. Please set `pad_token_id` explicitly as `model.generation_config.pad_token_id=PAD_TOKEN_ID` to avoid errors in generation
  warnings.warn(
/home/xuyuqi/.conda/envs/minimind/lib/python3.10/site-packages/transformers/generation/configuration_utils.py:606: UserWarning: `pad_token_id` should be positive but got -1. This will cause errors when batch generating, if there is padding. Please set `pad_token_id` explicitly as `model.generation_config.pad_token_id=PAD_TOKEN_ID` to avoid errors in generation
  warnings.warn(
2025-07-01 11:03:39.545 | INFO     | utils.common:log:12 - enable Subspace Scaffold for weights in module: q_proj
2025-07-01 11:03:39.577 | INFO     | utils.common:log:12 - enable Subspace Scaffold for weights in module: k_proj
2025-07-01 11:03:39.578 | INFO     | utils.common:log:12 - enable Subspace Scaffold for weights in module: v_proj
2025-07-01 11:03:39.578 | INFO     | utils.common:log:12 - enable Subspace Scaffold for weights in module: o_proj
2025-07-01 11:03:39.578 | INFO     | utils.common:log:12 - enable Subspace Scaffold for weights in module: gate_proj
2025-07-01 11:03:39.579 | INFO     | utils.common:log:12 - enable Subspace Scaffold for weights in module: up_proj
2025-07-01 11:03:39.579 | INFO     | utils.common:log:12 - enable Subspace Scaffold for weights in module: down_proj
2025-07-01 11:03:39.585 | INFO     | utils.common:log:12 - enable Subspace Scaffold for weights in module: q_proj
2025-07-01 11:03:39.586 | INFO     | utils.common:log:12 - enable Subspace Scaffold for weights in module: k_proj
2025-07-01 11:03:39.586 | INFO     | utils.common:log:12 - enable Subspace Scaffold for weights in module: v_proj
2025-07-01 11:03:39.587 | INFO     | utils.common:log:12 - enable Subspace Scaffold for weights in module: o_proj
2025-07-01 11:03:39.588 | INFO     | utils.common:log:12 - enable Subspace Scaffold for weights in module: gate_proj
2025-07-01 11:03:39.588 | INFO     | utils.common:log:12 - enable Subspace Scaffold for weights in module: up_proj
2025-07-01 11:03:39.589 | INFO     | utils.common:log:12 - enable Subspace Scaffold for weights in module: down_proj
2025-07-01 11:03:39.589 | INFO     | utils.common:log:12 - enable Subspace Scaffold for weights in module: q_proj
2025-07-01 11:03:39.590 | INFO     | utils.common:log:12 - enable Subspace Scaffold for weights in module: k_proj
2025-07-01 11:03:39.590 | INFO     | utils.common:log:12 - enable Subspace Scaffold for weights in module: v_proj
2025-07-01 11:03:39.591 | INFO     | utils.common:log:12 - enable Subspace Scaffold for weights in module: o_proj
2025-07-01 11:03:39.591 | INFO     | utils.common:log:12 - enable Subspace Scaffold for weights in module: gate_proj
2025-07-01 11:03:39.592 | INFO     | utils.common:log:12 - enable Subspace Scaffold for weights in module: up_proj
2025-07-01 11:03:39.592 | INFO     | utils.common:log:12 - enable Subspace Scaffold for weights in module: down_proj
2025-07-01 11:03:39.592 | INFO     | utils.common:log:12 - enable Subspace Scaffold for weights in module: q_proj
2025-07-01 11:03:39.593 | INFO     | utils.common:log:12 - enable Subspace Scaffold for weights in module: k_proj
2025-07-01 11:03:39.593 | INFO     | utils.common:log:12 - enable Subspace Scaffold for weights in module: v_proj
2025-07-01 11:03:39.593 | INFO     | utils.common:log:12 - enable Subspace Scaffold for weights in module: o_proj
2025-07-01 11:03:39.594 | INFO     | utils.common:log:12 - enable Subspace Scaffold for weights in module: gate_proj
2025-07-01 11:03:39.594 | INFO     | utils.common:log:12 - enable Subspace Scaffold for weights in module: up_proj
2025-07-01 11:03:39.594 | INFO     | utils.common:log:12 - enable Subspace Scaffold for weights in module: down_proj
2025-07-01 11:03:39.595 | INFO     | utils.common:log:12 - enable Subspace Scaffold for weights in module: q_proj
2025-07-01 11:03:39.595 | INFO     | utils.common:log:12 - enable Subspace Scaffold for weights in module: k_proj
2025-07-01 11:03:39.595 | INFO     | utils.common:log:12 - enable Subspace Scaffold for weights in module: v_proj
2025-07-01 11:03:39.596 | INFO     | utils.common:log:12 - enable Subspace Scaffold for weights in module: o_proj
2025-07-01 11:03:39.596 | INFO     | utils.common:log:12 - enable Subspace Scaffold for weights in module: gate_proj
2025-07-01 11:03:39.596 | INFO     | utils.common:log:12 - enable Subspace Scaffold for weights in module: up_proj
2025-07-01 11:03:39.597 | INFO     | utils.common:log:12 - enable Subspace Scaffold for weights in module: down_proj
2025-07-01 11:03:39.597 | INFO     | utils.common:log:12 - enable Subspace Scaffold for weights in module: q_proj
2025-07-01 11:03:39.597 | INFO     | utils.common:log:12 - enable Subspace Scaffold for weights in module: k_proj
2025-07-01 11:03:39.598 | INFO     | utils.common:log:12 - enable Subspace Scaffold for weights in module: v_proj
2025-07-01 11:03:39.598 | INFO     | utils.common:log:12 - enable Subspace Scaffold for weights in module: o_proj
2025-07-01 11:03:39.598 | INFO     | utils.common:log:12 - enable Subspace Scaffold for weights in module: gate_proj
2025-07-01 11:03:39.598 | INFO     | utils.common:log:12 - enable Subspace Scaffold for weights in module: up_proj
2025-07-01 11:03:39.599 | INFO     | utils.common:log:12 - enable Subspace Scaffold for weights in module: down_proj
2025-07-01 11:03:39.599 | INFO     | utils.common:log:12 - enable Subspace Scaffold for weights in module: q_proj
2025-07-01 11:03:39.599 | INFO     | utils.common:log:12 - enable Subspace Scaffold for weights in module: k_proj
2025-07-01 11:03:39.600 | INFO     | utils.common:log:12 - enable Subspace Scaffold for weights in module: v_proj
2025-07-01 11:03:39.600 | INFO     | utils.common:log:12 - enable Subspace Scaffold for weights in module: o_proj
2025-07-01 11:03:39.600 | INFO     | utils.common:log:12 - enable Subspace Scaffold for weights in module: gate_proj
2025-07-01 11:03:39.601 | INFO     | utils.common:log:12 - enable Subspace Scaffold for weights in module: up_proj
2025-07-01 11:03:39.601 | INFO     | utils.common:log:12 - enable Subspace Scaffold for weights in module: down_proj
2025-07-01 11:03:39.601 | INFO     | utils.common:log:12 - enable Subspace Scaffold for weights in module: q_proj
2025-07-01 11:03:39.602 | INFO     | utils.common:log:12 - enable Subspace Scaffold for weights in module: k_proj
2025-07-01 11:03:39.602 | INFO     | utils.common:log:12 - enable Subspace Scaffold for weights in module: v_proj
2025-07-01 11:03:39.602 | INFO     | utils.common:log:12 - enable Subspace Scaffold for weights in module: o_proj
2025-07-01 11:03:39.603 | INFO     | utils.common:log:12 - enable Subspace Scaffold for weights in module: gate_proj
2025-07-01 11:03:39.603 | INFO     | utils.common:log:12 - enable Subspace Scaffold for weights in module: up_proj
2025-07-01 11:03:39.603 | INFO     | utils.common:log:12 - enable Subspace Scaffold for weights in module: down_proj
2025-07-01 11:03:39.604 | INFO     | utils.common:log:12 - 
LlamaForCausalLM(
  (model): LlamaModel(
    (embed_tokens): Embedding(32000, 512, padding_idx=31999)
    (layers): ModuleList(
      (0-7): 8 x LlamaDecoderLayer(
        (self_attn): LlamaAttention(
          (q_proj): SubScafLinear(in_feartures=64, out_features=512)
          (k_proj): SubScafLinear(in_feartures=64, out_features=512)
          (v_proj): SubScafLinear(in_feartures=64, out_features=512)
          (o_proj): SubScafLinear(in_feartures=64, out_features=512)
        )
        (mlp): LlamaMLP(
          (gate_proj): SubScafLinear(in_feartures=64, out_features=1376)
          (up_proj): SubScafLinear(in_feartures=64, out_features=1376)
          (down_proj): SubScafLinear(in_feartures=64, out_features=512)
          (act_fn): SiLU()
        )
        (input_layernorm): LlamaRMSNorm((512,), eps=1e-06)
        (post_attention_layernorm): LlamaRMSNorm((512,), eps=1e-06)
      )
    )
    (norm): LlamaRMSNorm((512,), eps=1e-06)
    (rotary_emb): LlamaRotaryEmbedding()
  )
  (lm_head): Linear(in_features=512, out_features=32000, bias=False)
)

2025-07-01 11:03:39.604 | INFO     | utils.common:log:12 - Total params: 58.07M
2025-07-01 11:03:39.604 | INFO     | utils.common:log:12 - Trainable params before compression: 58.07M
2025-07-01 11:03:39.605 | INFO     | utils.common:log:12 - Trainable params after compression: 35.50M
2025-07-01 11:03:39.605 | INFO     | utils.common:log:12 - Total params with Subspace Scaffold enabled: 2.72M
/home/xuyuqi/.conda/envs/minimind/lib/python3.10/site-packages/torch/_dynamo/eval_frame.py:838: UserWarning: torch.utils.checkpoint: the use_reentrant parameter should be passed explicitly. In version 2.5 we will raise an exception if use_reentrant is not passed. use_reentrant=False is recommended, but if you need to preserve the current default behavior, you can pass use_reentrant=True. Refer to docs for more details on the differences between the two variants.
  return fn(*args, **kwargs)
/home/xuyuqi/.conda/envs/minimind/lib/python3.10/site-packages/torch/_dynamo/eval_frame.py:838: UserWarning: torch.utils.checkpoint: the use_reentrant parameter should be passed explicitly. In version 2.5 we will raise an exception if use_reentrant is not passed. use_reentrant=False is recommended, but if you need to preserve the current default behavior, you can pass use_reentrant=True. Refer to docs for more details on the differences between the two variants.
  return fn(*args, **kwargs)
/home/xuyuqi/.conda/envs/minimind/lib/python3.10/site-packages/torch/autograd/graph.py:824: UserWarning: c10d::broadcast_: an autograd kernel was not registered to the Autograd key(s) but we are trying to backprop through it. This may lead to silently incorrect behavior. This behavior is deprecated and will be removed in a future version of PyTorch. If your operator is differentiable, please ensure you have registered an autograd kernel to the correct Autograd key (e.g. DispatchKey::Autograd, DispatchKey::CompositeImplicitAutograd). If your operator is not differentiable, or to squash this warning and use the previous behavior, please register torch::CppFunction::makeFallthrough() to DispatchKey::Autograd. (Triggered internally at /pytorch/torch/csrc/autograd/autograd_not_implemented_fallback.cpp:62.)
  return Variable._execution_engine.run_backward(  # Calls into the C++ engine to run the backward pass
/home/xuyuqi/.conda/envs/minimind/lib/python3.10/site-packages/torch/autograd/graph.py:824: UserWarning: c10d::broadcast_: an autograd kernel was not registered to the Autograd key(s) but we are trying to backprop through it. This may lead to silently incorrect behavior. This behavior is deprecated and will be removed in a future version of PyTorch. If your operator is differentiable, please ensure you have registered an autograd kernel to the correct Autograd key (e.g. DispatchKey::Autograd, DispatchKey::CompositeImplicitAutograd). If your operator is not differentiable, or to squash this warning and use the previous behavior, please register torch::CppFunction::makeFallthrough() to DispatchKey::Autograd. (Triggered internally at /pytorch/torch/csrc/autograd/autograd_not_implemented_fallback.cpp:62.)
  return Variable._execution_engine.run_backward(  # Calls into the C++ engine to run the backward pass
2025-07-01 11:03:41.949 | INFO     | utils.common:log:12 - step: 1/100 Loss: 10.4592\10.459 Lr: 1.000e-3 Mem: 39.461 GB Throughput_tokens: 19512.0328
2025-07-01 11:03:42.988 | INFO     | utils.common:log:12 - step: 2/100 Loss: 10.4868\10.462 Lr: 1.000e-3 Mem: 39.469 GB Throughput_tokens: 48398.5283
2025-07-01 11:03:44.032 | INFO     | utils.common:log:12 - step: 3/100 Loss: 10.4707\10.463 Lr: 1.000e-3 Mem: 39.469 GB Throughput_tokens: 51682.8092
2025-07-01 11:03:45.091 | INFO     | utils.common:log:12 - step: 4/100 Loss: 10.4843\10.465 Lr: 1.000e-3 Mem: 39.469 GB Throughput_tokens: 47665.7128
2025-07-01 11:03:46.110 | INFO     | utils.common:log:12 - step: 5/100 Loss: 10.4717\10.466 Lr: 1.000e-3 Mem: 39.469 GB Throughput_tokens: 54462.5433
2025-07-01 11:03:47.150 | INFO     | utils.common:log:12 - step: 6/100 Loss: 10.4807\10.467 Lr: 1.000e-3 Mem: 39.469 GB Throughput_tokens: 43733.9170
2025-07-01 11:03:48.208 | INFO     | utils.common:log:12 - step: 7/100 Loss: 10.4721\10.468 Lr: 1.000e-3 Mem: 39.469 GB Throughput_tokens: 48826.7464
2025-07-01 11:03:49.279 | INFO     | utils.common:log:12 - step: 8/100 Loss: 10.4724\10.468 Lr: 1.000e-3 Mem: 39.469 GB Throughput_tokens: 49238.0532
2025-07-01 11:03:50.270 | INFO     | utils.common:log:12 - step: 9/100 Loss: 10.4668\10.468 Lr: 1.000e-3 Mem: 39.469 GB Throughput_tokens: 61846.0106
2025-07-01 11:03:51.351 | INFO     | utils.common:log:12 - step: 10/100 Loss: 10.4665\10.468 Lr: 1.000e-3 Mem: 39.469 GB Throughput_tokens: 46505.3089
2025-07-01 11:03:51.352 | INFO     | utils.common:log:12 - ETA: 00:02:19 
2025-07-01 11:03:52.415 | INFO     | utils.common:log:12 - step: 11/100 Loss: 10.4688\10.468 Lr: 1.000e-3 Mem: 39.469 GB Throughput_tokens: 54043.0454
2025-07-01 11:03:53.476 | INFO     | utils.common:log:12 - step: 12/100 Loss: 10.4628\10.467 Lr: 1.000e-3 Mem: 39.469 GB Throughput_tokens: 47496.9338
2025-07-01 11:03:54.458 | INFO     | utils.common:log:12 - step: 13/100 Loss: 10.4731\10.468 Lr: 1.000e-3 Mem: 39.469 GB Throughput_tokens: 50141.9179
2025-07-01 11:03:55.463 | INFO     | utils.common:log:12 - step: 14/100 Loss: 10.4696\10.468 Lr: 1.000e-3 Mem: 39.469 GB Throughput_tokens: 46026.9049
2025-07-01 11:03:56.461 | INFO     | utils.common:log:12 - step: 15/100 Loss: 10.4507\10.466 Lr: 1.000e-3 Mem: 39.469 GB Throughput_tokens: 43289.2201
2025-07-01 11:03:57.828 | INFO     | utils.common:log:12 - step: 16/100 Loss: 10.4562\10.465 Lr: 1.000e-3 Mem: 39.469 GB Throughput_tokens: 31556.9611
2025-07-01 11:03:58.834 | INFO     | utils.common:log:12 - step: 17/100 Loss: 10.4621\10.465 Lr: 1.000e-3 Mem: 39.469 GB Throughput_tokens: 50339.6713
2025-07-01 11:03:59.844 | INFO     | utils.common:log:12 - step: 18/100 Loss: 10.4546\10.464 Lr: 1.000e-3 Mem: 39.469 GB Throughput_tokens: 48074.7332
2025-07-01 11:04:00.854 | INFO     | utils.common:log:12 - step: 19/100 Loss: 10.4701\10.465 Lr: 1.000e-3 Mem: 39.469 GB Throughput_tokens: 52464.6049
2025-07-01 11:04:01.879 | INFO     | utils.common:log:12 - step: 20/100 Loss: 10.4687\10.465 Lr: 1.000e-3 Mem: 39.469 GB Throughput_tokens: 54624.6682
2025-07-01 11:04:01.880 | INFO     | utils.common:log:12 - ETA: 00:01:37 
2025-07-01 11:04:02.967 | INFO     | utils.common:log:12 - step: 21/100 Loss: 10.4537\10.464 Lr: 1.000e-3 Mem: 39.469 GB Throughput_tokens: 50331.2282
2025-07-01 11:04:03.981 | INFO     | utils.common:log:12 - step: 22/100 Loss: 10.4575\10.463 Lr: 1.000e-3 Mem: 39.469 GB Throughput_tokens: 48347.9385
2025-07-01 11:04:04.934 | INFO     | utils.common:log:12 - step: 23/100 Loss: 10.4546\10.462 Lr: 1.000e-3 Mem: 39.469 GB Throughput_tokens: 52451.8400
2025-07-01 11:04:05.995 | INFO     | utils.common:log:12 - step: 24/100 Loss: 10.4358\10.460 Lr: 1.000e-3 Mem: 39.469 GB Throughput_tokens: 42939.3379
2025-07-01 11:04:07.053 | INFO     | utils.common:log:12 - step: 25/100 Loss: 10.4493\10.459 Lr: 1.000e-3 Mem: 39.469 GB Throughput_tokens: 46709.3837
2025-07-01 11:04:08.104 | INFO     | utils.common:log:12 - step: 26/100 Loss: 10.4551\10.458 Lr: 1.000e-3 Mem: 39.469 GB Throughput_tokens: 57950.6501
2025-07-01 11:04:09.082 | INFO     | utils.common:log:12 - step: 27/100 Loss: 10.4565\10.458 Lr: 1.000e-3 Mem: 39.469 GB Throughput_tokens: 53881.0211
2025-07-01 11:04:10.154 | INFO     | utils.common:log:12 - step: 28/100 Loss: 10.4446\10.457 Lr: 1.000e-3 Mem: 39.469 GB Throughput_tokens: 40527.1293
2025-07-01 11:04:11.216 | INFO     | utils.common:log:12 - step: 29/100 Loss: 10.4484\10.456 Lr: 1.000e-3 Mem: 39.469 GB Throughput_tokens: 43818.4690
2025-07-01 11:04:12.310 | INFO     | utils.common:log:12 - step: 30/100 Loss: 10.4519\10.456 Lr: 1.000e-3 Mem: 39.469 GB Throughput_tokens: 42365.8726
2025-07-01 11:04:12.311 | INFO     | utils.common:log:12 - ETA: 00:01:17 
2025-07-01 11:04:13.278 | INFO     | utils.common:log:12 - step: 31/100 Loss: 10.4474\10.455 Lr: 1.000e-3 Mem: 39.469 GB Throughput_tokens: 49448.7351
2025-07-01 11:04:14.682 | INFO     | utils.common:log:12 - step: 32/100 Loss: 10.4428\10.454 Lr: 1.000e-3 Mem: 39.469 GB Throughput_tokens: 37690.8348
2025-07-01 11:04:15.746 | INFO     | utils.common:log:12 - step: 33/100 Loss: 10.4364\10.452 Lr: 1.000e-3 Mem: 39.469 GB Throughput_tokens: 40792.6555
2025-07-01 11:04:16.734 | INFO     | utils.common:log:12 - step: 34/100 Loss: 10.4492\10.452 Lr: 1.000e-3 Mem: 39.469 GB Throughput_tokens: 45019.9177
2025-07-01 11:04:17.803 | INFO     | utils.common:log:12 - step: 35/100 Loss: 10.4316\10.450 Lr: 1.000e-3 Mem: 39.469 GB Throughput_tokens: 51544.1538
2025-07-01 11:04:18.869 | INFO     | utils.common:log:12 - step: 36/100 Loss: 10.4418\10.449 Lr: 1.000e-3 Mem: 39.469 GB Throughput_tokens: 50964.5715
2025-07-01 11:04:19.951 | INFO     | utils.common:log:12 - step: 37/100 Loss: 10.4219\10.446 Lr: 1.000e-3 Mem: 39.469 GB Throughput_tokens: 45480.7001
2025-07-01 11:04:20.940 | INFO     | utils.common:log:12 - step: 38/100 Loss: 10.4231\10.444 Lr: 1.000e-3 Mem: 39.469 GB Throughput_tokens: 59384.1561
2025-07-01 11:04:22.020 | INFO     | utils.common:log:12 - step: 39/100 Loss: 10.4301\10.442 Lr: 1.000e-3 Mem: 39.469 GB Throughput_tokens: 42565.8661
2025-07-01 11:04:23.116 | INFO     | utils.common:log:12 - step: 40/100 Loss: 10.4309\10.441 Lr: 1.000e-3 Mem: 39.469 GB Throughput_tokens: 44666.8194
2025-07-01 11:04:23.116 | INFO     | utils.common:log:12 - ETA: 00:01:04 
2025-07-01 11:04:24.166 | INFO     | utils.common:log:12 - step: 41/100 Loss: 10.4391\10.441 Lr: 1.000e-3 Mem: 39.469 GB Throughput_tokens: 53135.0825
2025-07-01 11:04:25.174 | INFO     | utils.common:log:12 - step: 42/100 Loss: 10.4409\10.441 Lr: 1.000e-3 Mem: 39.469 GB Throughput_tokens: 43494.8782
2025-07-01 11:04:26.239 | INFO     | utils.common:log:12 - step: 43/100 Loss: 10.4234\10.439 Lr: 1.000e-3 Mem: 39.469 GB Throughput_tokens: 45296.6353
2025-07-01 11:04:27.304 | INFO     | utils.common:log:12 - step: 44/100 Loss: 10.4292\10.438 Lr: 1.000e-3 Mem: 39.469 GB Throughput_tokens: 52361.2777
2025-07-01 11:04:28.302 | INFO     | utils.common:log:12 - step: 45/100 Loss: 10.4234\10.437 Lr: 1.000e-3 Mem: 39.469 GB Throughput_tokens: 49560.6511
2025-07-01 11:04:29.295 | INFO     | utils.common:log:12 - step: 46/100 Loss: 10.4346\10.437 Lr: 1.000e-3 Mem: 39.469 GB Throughput_tokens: 49194.2281
2025-07-01 11:04:30.667 | INFO     | utils.common:log:12 - step: 47/100 Loss: 10.4173\10.435 Lr: 1.000e-3 Mem: 39.469 GB Throughput_tokens: 36796.4908
2025-07-01 11:04:31.679 | INFO     | utils.common:log:12 - step: 48/100 Loss: 10.4201\10.433 Lr: 1.000e-3 Mem: 39.469 GB Throughput_tokens: 42228.6164
2025-07-01 11:04:32.686 | INFO     | utils.common:log:12 - step: 49/100 Loss: 10.4077\10.431 Lr: 1.000e-3 Mem: 39.469 GB Throughput_tokens: 56716.1291
2025-07-01 11:04:33.728 | INFO     | utils.common:log:12 - step: 50/100 Loss: 10.4235\10.430 Lr: 1.000e-3 Mem: 39.469 GB Throughput_tokens: 40734.0359
2025-07-01 11:04:33.728 | INFO     | utils.common:log:12 - ETA: 00:00:53 
2025-07-01 11:04:34.738 | INFO     | utils.common:log:12 - step: 51/100 Loss: 10.4107\10.428 Lr: 1.000e-3 Mem: 39.469 GB Throughput_tokens: 47772.0850
2025-07-01 11:04:35.745 | INFO     | utils.common:log:12 - step: 52/100 Loss: 10.4207\10.427 Lr: 1.000e-3 Mem: 39.469 GB Throughput_tokens: 56268.4293
2025-07-01 11:04:36.753 | INFO     | utils.common:log:12 - step: 53/100 Loss: 10.4187\10.426 Lr: 1.000e-3 Mem: 39.469 GB Throughput_tokens: 51654.3422
2025-07-01 11:04:37.767 | INFO     | utils.common:log:12 - step: 54/100 Loss: 10.4158\10.425 Lr: 1.000e-3 Mem: 39.469 GB Throughput_tokens: 46941.8363
2025-07-01 11:04:38.768 | INFO     | utils.common:log:12 - step: 55/100 Loss: 10.4196\10.425 Lr: 1.000e-3 Mem: 39.469 GB Throughput_tokens: 46952.6455
2025-07-01 11:04:39.764 | INFO     | utils.common:log:12 - step: 56/100 Loss: 10.4240\10.425 Lr: 1.000e-3 Mem: 39.469 GB Throughput_tokens: 49240.4271
2025-07-01 11:04:40.833 | INFO     | utils.common:log:12 - step: 57/100 Loss: 10.4034\10.423 Lr: 1.000e-3 Mem: 39.469 GB Throughput_tokens: 40201.6611
2025-07-01 11:04:41.896 | INFO     | utils.common:log:12 - step: 58/100 Loss: 10.4148\10.422 Lr: 1.000e-3 Mem: 39.469 GB Throughput_tokens: 51930.7839
2025-07-01 11:04:42.905 | INFO     | utils.common:log:12 - step: 59/100 Loss: 10.4129\10.421 Lr: 1.000e-3 Mem: 39.469 GB Throughput_tokens: 47772.8112
2025-07-01 11:04:43.981 | INFO     | utils.common:log:12 - step: 60/100 Loss: 10.4095\10.420 Lr: 1.000e-3 Mem: 39.469 GB Throughput_tokens: 50684.9933
2025-07-01 11:04:43.981 | INFO     | utils.common:log:12 - ETA: 00:00:41 
2025-07-01 11:04:45.047 | INFO     | utils.common:log:12 - step: 61/100 Loss: 10.4024\10.418 Lr: 1.000e-3 Mem: 39.469 GB Throughput_tokens: 42698.8773
2025-07-01 11:04:46.095 | INFO     | utils.common:log:12 - step: 62/100 Loss: 10.4163\10.418 Lr: 1.000e-3 Mem: 39.469 GB Throughput_tokens: 48208.5148
2025-07-01 11:04:47.533 | INFO     | utils.common:log:12 - step: 63/100 Loss: 10.4145\10.418 Lr: 1.000e-3 Mem: 39.469 GB Throughput_tokens: 41207.4452
2025-07-01 11:04:48.600 | INFO     | utils.common:log:12 - step: 64/100 Loss: 10.4172\10.417 Lr: 1.000e-3 Mem: 39.469 GB Throughput_tokens: 50968.2379
2025-07-01 11:04:49.662 | INFO     | utils.common:log:12 - step: 65/100 Loss: 10.4025\10.416 Lr: 1.000e-3 Mem: 39.469 GB Throughput_tokens: 45757.1303
2025-07-01 11:04:50.702 | INFO     | utils.common:log:12 - step: 66/100 Loss: 10.3918\10.414 Lr: 1.000e-3 Mem: 39.469 GB Throughput_tokens: 48874.6881
2025-07-01 11:04:51.716 | INFO     | utils.common:log:12 - step: 67/100 Loss: 10.3991\10.412 Lr: 1.000e-3 Mem: 39.469 GB Throughput_tokens: 48705.9202
2025-07-01 11:04:52.779 | INFO     | utils.common:log:12 - step: 68/100 Loss: 10.4097\10.412 Lr: 1.000e-3 Mem: 39.469 GB Throughput_tokens: 38983.3512
2025-07-01 11:04:53.848 | INFO     | utils.common:log:12 - step: 69/100 Loss: 10.3933\10.410 Lr: 1.000e-3 Mem: 39.469 GB Throughput_tokens: 36613.1780
2025-07-01 11:04:54.844 | INFO     | utils.common:log:12 - step: 70/100 Loss: 10.3911\10.408 Lr: 1.000e-3 Mem: 39.469 GB Throughput_tokens: 46770.9975
2025-07-01 11:04:54.844 | INFO     | utils.common:log:12 - ETA: 00:00:31 
2025-07-01 11:04:55.915 | INFO     | utils.common:log:12 - step: 71/100 Loss: 10.3815\10.405 Lr: 1.000e-3 Mem: 39.469 GB Throughput_tokens: 46328.9679
2025-07-01 11:04:56.980 | INFO     | utils.common:log:12 - step: 72/100 Loss: 10.3887\10.404 Lr: 1.000e-3 Mem: 39.469 GB Throughput_tokens: 48909.1447
2025-07-01 11:04:58.036 | INFO     | utils.common:log:12 - step: 73/100 Loss: 10.3886\10.402 Lr: 1.000e-3 Mem: 39.469 GB Throughput_tokens: 48259.8711
2025-07-01 11:04:59.028 | INFO     | utils.common:log:12 - step: 74/100 Loss: 10.3882\10.401 Lr: 1.000e-3 Mem: 39.469 GB Throughput_tokens: 55312.3302
2025-07-01 11:05:00.076 | INFO     | utils.common:log:12 - step: 75/100 Loss: 10.3948\10.400 Lr: 1.000e-3 Mem: 39.469 GB Throughput_tokens: 46859.7086
2025-07-01 11:05:01.134 | INFO     | utils.common:log:12 - step: 76/100 Loss: 10.3785\10.398 Lr: 1.000e-3 Mem: 39.469 GB Throughput_tokens: 47756.4174
2025-07-01 11:05:02.193 | INFO     | utils.common:log:12 - step: 77/100 Loss: 10.3902\10.397 Lr: 1.000e-3 Mem: 39.469 GB Throughput_tokens: 44652.8982
2025-07-01 11:05:03.147 | INFO     | utils.common:log:12 - step: 78/100 Loss: 10.3864\10.396 Lr: 1.000e-3 Mem: 39.469 GB Throughput_tokens: 53002.3068
2025-07-01 11:05:04.486 | INFO     | utils.common:log:12 - step: 79/100 Loss: 10.3957\10.396 Lr: 1.000e-3 Mem: 39.469 GB Throughput_tokens: 39135.3806
2025-07-01 11:05:05.507 | INFO     | utils.common:log:12 - step: 80/100 Loss: 10.3736\10.394 Lr: 1.000e-3 Mem: 39.469 GB Throughput_tokens: 46154.9912
2025-07-01 11:05:05.507 | INFO     | utils.common:log:12 - ETA: 00:00:21 
2025-07-01 11:05:06.514 | INFO     | utils.common:log:12 - step: 81/100 Loss: 10.3902\10.394 Lr: 1.000e-3 Mem: 39.469 GB Throughput_tokens: 46840.3293
2025-07-01 11:05:07.524 | INFO     | utils.common:log:12 - step: 82/100 Loss: 10.3961\10.394 Lr: 1.000e-3 Mem: 39.469 GB Throughput_tokens: 47673.3578
2025-07-01 11:05:08.532 | INFO     | utils.common:log:12 - step: 83/100 Loss: 10.3915\10.394 Lr: 1.000e-3 Mem: 39.469 GB Throughput_tokens: 38713.1235
2025-07-01 11:05:09.540 | INFO     | utils.common:log:12 - step: 84/100 Loss: 10.3713\10.391 Lr: 1.000e-3 Mem: 39.469 GB Throughput_tokens: 46699.6820
2025-07-01 11:05:10.551 | INFO     | utils.common:log:12 - step: 85/100 Loss: 10.3689\10.389 Lr: 1.000e-3 Mem: 39.469 GB Throughput_tokens: 44837.9413
2025-07-01 11:05:11.560 | INFO     | utils.common:log:12 - step: 86/100 Loss: 10.3828\10.388 Lr: 1.000e-3 Mem: 39.469 GB Throughput_tokens: 49538.6133
2025-07-01 11:05:12.575 | INFO     | utils.common:log:12 - step: 87/100 Loss: 10.3922\10.389 Lr: 1.000e-3 Mem: 39.469 GB Throughput_tokens: 40327.0972
2025-07-01 11:05:13.526 | INFO     | utils.common:log:12 - step: 88/100 Loss: 10.3826\10.388 Lr: 1.000e-3 Mem: 39.469 GB Throughput_tokens: 45354.2661
2025-07-01 11:05:14.595 | INFO     | utils.common:log:12 - step: 89/100 Loss: 10.3719\10.387 Lr: 1.000e-3 Mem: 39.469 GB Throughput_tokens: 48062.8873
2025-07-01 11:05:15.670 | INFO     | utils.common:log:12 - step: 90/100 Loss: 10.3737\10.385 Lr: 1.000e-3 Mem: 39.469 GB Throughput_tokens: 45579.2268
2025-07-01 11:05:15.670 | INFO     | utils.common:log:12 - ETA: 00:00:10 
2025-07-01 11:05:16.735 | INFO     | utils.common:log:12 - step: 91/100 Loss: 10.3717\10.384 Lr: 1.000e-3 Mem: 39.469 GB Throughput_tokens: 47291.1671
2025-07-01 11:05:17.735 | INFO     | utils.common:log:12 - step: 92/100 Loss: 10.3761\10.383 Lr: 1.000e-3 Mem: 39.469 GB Throughput_tokens: 49024.3897
2025-07-01 11:05:18.784 | INFO     | utils.common:log:12 - step: 93/100 Loss: 10.3785\10.383 Lr: 1.000e-3 Mem: 39.469 GB Throughput_tokens: 47274.0414
2025-07-01 11:05:20.138 | INFO     | utils.common:log:12 - step: 94/100 Loss: 10.3563\10.380 Lr: 1.000e-3 Mem: 39.469 GB Throughput_tokens: 41176.9225
2025-07-01 11:05:21.163 | INFO     | utils.common:log:12 - step: 95/100 Loss: 10.3714\10.379 Lr: 1.000e-3 Mem: 39.469 GB Throughput_tokens: 51757.0596
2025-07-01 11:05:22.191 | INFO     | utils.common:log:12 - step: 96/100 Loss: 10.3752\10.379 Lr: 1.000e-3 Mem: 39.469 GB Throughput_tokens: 48348.5796
2025-07-01 11:05:23.251 | INFO     | utils.common:log:12 - step: 97/100 Loss: 10.3610\10.377 Lr: 1.000e-3 Mem: 39.469 GB Throughput_tokens: 42096.7501
2025-07-01 11:05:24.317 | INFO     | utils.common:log:12 - step: 98/100 Loss: 10.3595\10.375 Lr: 1.000e-3 Mem: 39.469 GB Throughput_tokens: 38194.0417
2025-07-01 11:05:25.315 | INFO     | utils.common:log:12 - step: 99/100 Loss: 10.3450\10.372 Lr: 1.000e-3 Mem: 39.469 GB Throughput_tokens: 45344.8237
2025-07-01 11:05:26.393 | INFO     | utils.common:log:12 - step: 100/100 Loss: 10.3451\10.370 Lr: 1.000e-3 Mem: 39.469 GB Throughput_tokens: 37978.6440
2025-07-01 11:05:26.393 | INFO     | utils.common:log:12 - ETA: 00:00:00 
2025-07-01 11:05:27.452 | INFO     | utils.common:log:12 - step: 101/100 Loss: 10.3500\10.368 Lr: 1.000e-3 Mem: 39.469 GB Throughput_tokens: 43120.7013
2025-07-01 11:05:27.470 | INFO     | utils.common:log:12 - attain assigned training step 100. Stop Training
Rank 0 stopping training
Rank 1 stopping training
2025-07-01 11:05:27.484 | INFO     | utils.common:log:12 - finish training
2025-07-01 11:05:27.484 | INFO     | utils.common:log:12 - The total Training Time: Avg_time: 1069.96796875, Min_time: 948.3863525390625, Max_time: 1572.55517578125
2025-07-01 11:05:27.521 | INFO     | utils.common:log:12 - Total Time: 00:01:51
